Iteration	Posterior	Likelihood	Prior	rate_log_sd	rate_neo	tree_length
0	-3418.159	-3676.107	257.9474	0.9925414	0.009723697	4.198342
6	-3420.399	-3679.127	258.728	1.100968	0.06255306	3.608943
12	-3426.198	-3685.37	259.1716	0.979528	0.03497706	3.500785
18	-3422.927	-3681.577	258.6501	1.002674	0.0277746	3.807216
24	-3415.755	-3673.141	257.3862	1.007778	0.01041033	4.512481
30	-3428.901	-3685.827	256.9259	0.9167064	0.02150633	4.841713
36	-3415.894	-3673.733	257.8387	1.011406	0.02480107	4.271143
42	-3429.728	-3689.016	259.2878	1.027018	0.04381486	3.379975
48	-3419.116	-3678.766	259.6506	1.131453	0.0462774	3.096402
54	-3420.516	-3679.764	259.2477	1.2133	0.04048111	3.303699
60	-3422.517	-3681.685	259.1682	1.076551	0.03178568	3.454472
66	-3426.633	-3686.07	259.4371	1.135961	0.01821569	3.284027
72	-3414.52	-3673.501	258.9808	1.061086	0.006896171	3.525415
78	-3420.509	-3679.826	259.3164	1.075383	0.02796469	3.377503
84	-3417.768	-3675.457	257.6893	0.9910639	0.02862949	4.359505
90	-3422.713	-3680.656	257.9427	0.936824	0.01064495	4.240113
96	-3415.24	-3673.325	258.0847	0.9192152	0.01734778	4.190217
102	-3419.622	-3677.435	257.8129	0.9615768	0.006425864	4.24279
108	-3432.473	-3690.288	257.8151	0.9615768	0.006479375	4.24279
114	-3445.906	-3704.215	258.3092	1.155891	0.09050246	3.744002
120	-3434.945	-3694.876	259.9306	1.171244	0.01729747	2.968978
126	-3427.019	-3686.275	259.2555	1.233838	0.04969237	3.259944
132	-3413.202	-3672.602	259.3997	1.061091	0.02471978	3.343494
138	-3419.55	-3677.158	257.6075	0.9756385	0.00407243	4.268837
144	-3412.121	-3670.551	258.4304	1.082497	0.04682433	3.83679
150	-3419.141	-3676.921	257.7803	0.9641684	0.00401129	4.174044
156	-3427.738	-3685.587	257.849	0.9219138	0.01596314	4.321103
162	-3423.112	-3679.557	256.4454	0.7900263	0.01566132	5.179052
168	-3428.681	-3685.278	256.5968	0.8704286	0.006514882	4.978129
174	-3425.793	-3682.868	257.0754	0.9573015	0.00539734	4.632939
180	-3406.992	-3664.987	257.9949	1.011453	0.006046017	4.101735
186	-3401.966	-3659.551	257.5855	0.9471252	0.005148112	4.343371
192	-3411.275	-3668.866	257.5905	0.9315475	0.02123929	4.461358
198	-3417.52	-3675.502	257.9817	0.9287018	0.01445767	4.239514
204	-3417.761	-3675.338	257.5761	1.025575	0.009202942	4.384595
210	-3405.148	-3662.676	257.5273	1.013739	0.02873151	4.437877
216	-3417.45	-3675.922	258.4716	1.001537	0.02072192	3.921769
222	-3410.431	-3668.306	257.875	1.068547	0.0122501	4.213216
228	-3405.214	-3662.956	257.7414	0.9232399	0.008288315	4.338121
234	-3424.506	-3682.893	258.3868	0.9843205	0.02669297	3.971092
240	-3426.922	-3684.877	257.9546	1.027784	0.01123724	4.185745
246	-3430.902	-3688.974	258.0716	0.9174229	0.02818381	4.185745
252	-3423.472	-3682.483	259.0114	1.102529	0.04329364	3.499053
258	-3402.337	-3661.14	258.8029	1.069938	0.04329364	3.639237
264	-3412.749	-3671.671	258.9219	1.099378	0.009298276	3.573383
270	-3420.846	-3678.767	257.9215	1.064305	0.02724772	4.18952
276	-3414.325	-3672.556	258.2312	0.9725245	0.02239988	4.07388
282	-3427.359	-3685.782	258.4227	1.040056	0.03032253	3.910576
288	-3411.353	-3669.957	258.6038	0.9560186	0.01010176	3.847677
294	-3405.718	-3663.373	257.6546	0.9448802	0.003321377	4.213147
300	-3409.668	-3667.936	258.2681	0.9062562	0.02594584	4.084881
306	-3410.757	-3668.79	258.0322	0.9451968	0.004977316	4.084881
312	-3423.52	-3681.428	257.9086	0.8776816	0.009169234	4.279886
318	-3418.61	-3676.619	258.0094	0.9125803	0.005763492	4.142068
324	-3407.016	-3665.28	258.2641	0.9855853	0.004590232	3.913738
330	-3417.348	-3675.626	258.2786	0.9092194	0.01525264	4.083487
336	-3406.098	-3665.099	259.0006	1.040222	0.004893018	3.468574
342	-3431.295	-3689.574	258.279	0.9217598	0.02447009	4.072525
348	-3418.328	-3675.858	257.5299	0.8702184	0.01004614	4.5061
354	-3416.364	-3674.156	257.7925	1.079291	0.01303443	4.25718
360	-3412.537	-3671.28	258.7429	1.03437	0.01931109	3.747772
366	-3416.589	-3674.604	258.0145	0.8796867	0.01387274	4.247211
372	-3416.709	-3675.934	259.2252	1.108505	0.01028758	3.400273
378	-3417.726	-3675.55	257.8244	1.083622	0.002856169	3.999242
384	-3425.524	-3684.807	259.2827	1.029997	0.02613964	3.427698
390	-3419.75	-3678.674	258.9235	0.9950211	0.009822866	3.638245
396	-3428.452	-3687.154	258.7024	1.085099	0.005526255	3.638245
402	-3425.948	-3684.314	258.3662	0.9162442	0.02845849	4.018058
408	-3426.737	-3684.902	258.1656	0.8514894	0.02329985	4.178867
414	-3414.783	-3672.472	257.6889	0.9019935	0.006596547	4.350542
420	-3408.211	-3665.979	257.7674	0.9512626	0.02110793	4.350542
426	-3434.181	-3694.017	259.8361	1.240957	0.01290588	2.974925
432	-3424.51	-3682.776	258.266	1.052864	0.01832625	4.011102
438	-3412.83	-3670.84	258.0108	0.9482775	0.04276566	4.164884
444	-3427.435	-3685.706	258.2712	1.05464	0.02014149	4.0065
450	-3424.008	-3682.903	258.8955	1.145341	0.0271016	3.584283
456	-3418.237	-3677.827	259.5899	1.142693	0.002469169	2.889237
462	-3420.62	-3680.132	259.5112	1.120838	0.01395927	3.24372
468	-3409.063	-3668.009	258.946	1.003171	0.009720622	3.619525
474	-3432.14	-3689.908	257.7678	0.8835397	0.01408273	4.385119
480	-3430.118	-3687.587	257.4694	0.8434345	0.01719035	4.580224
486	-3415.187	-3672.87	257.6828	0.9101012	0.02684996	4.412659
492	-3404.119	-3661.468	257.3495	0.9061299	0.004677101	4.481734
498	-3416.052	-3673.848	257.7952	0.8563571	0.02875439	4.375531
504	-3420.179	-3677.19	257.0111	0.7585115	0.008608761	4.844478
510	-3422.91	-3681.046	258.1367	1.00858	0.003430377	3.909701
516	-3421.733	-3679.981	258.2481	1.07306	0.01614277	4.008647
522	-3416.981	-3676.114	259.1325	1.210775	0.04971491	3.345928
528	-3419.285	-3676.561	257.2762	1.008801	0.03448284	4.568008
534	-3423.125	-3681.09	257.9653	0.9559446	0.01971071	4.236975
540	-3420.65	-3679.133	258.4828	1.025641	0.008307649	3.857751
546	-3416.177	-3673.864	257.6871	0.924122	0.009560363	4.382843
552	-3412.704	-3670.398	257.6937	0.9694848	0.01691009	4.382843
558	-3414.773	-3673.266	258.493	1.083838	0.0172348	3.863092
564	-3412.744	-3672.09	259.3466	1.158302	0.02240366	3.321189
570	-3429.435	-3689.331	259.896	1.059951	0.005426446	2.945714
576	-3428.273	-3687.113	258.8399	1.118298	0.03186953	3.621136
582	-3428.854	-3687.054	258.2006	0.9614037	0.02844748	4.086787
588	-3421.099	-3678.404	257.3054	1.052437	0.006862733	4.487503
594	-3410.615	-3668.063	257.4477	0.8813695	0.006140874	4.487503
600	-3407.785	-3664.719	256.9342	0.8872864	0.01430243	4.851051
606	-3401.333	-3659.397	258.0642	1.034565	0.01619645	4.135479
612	-3408.904	-3667.491	258.5869	1.014822	0.02707196	3.838082
618	-3412.574	-3670.136	257.5621	0.8634906	0.0192296	4.51697
624	-3417.621	-3674.878	257.2568	0.9103206	0.03807682	4.624685
630	-3415.118	-3673.365	258.2465	0.9654912	0.01486347	4.068985
636	-3414.137	-3672.2	258.0628	0.9225555	0.005425574	4.095815
642	-3416.433	-3675.508	259.0751	1.053892	0.02292491	3.540478
648	-3413.607	-3671.543	257.9357	0.8922601	0.009012008	4.254566
654	-3407.467	-3666.391	258.9236	1.021714	0.01788517	3.65078
660	-3416.369	-3674.261	257.8925	1.104467	0.03151745	4.173497
666	-3411.875	-3670.024	258.1492	1.021898	0.02010707	4.094743
672	-3413.649	-3671.164	257.5153	0.9387528	0.01025922	4.477499
678	-3412.99	-3669.083	256.0931	0.8667266	0.004047105	5.17562
684	-3418.858	-3675.773	256.9145	0.8640944	0.0202032	4.878544
690	-3414.06	-3672.628	258.568	1.010092	0.01596444	3.86126
696	-3413.586	-3672.129	258.5422	1.114997	0.01336909	3.810029
702	-3416.848	-3673.567	256.7189	0.9244037	0.01694214	4.954093
708	-3425.369	-3683.895	258.5261	0.9837738	0.01891417	3.901686
714	-3412.653	-3671.005	258.3517	0.9459607	0.006134814	3.937674
720	-3429.334	-3687.928	258.5936	1.023479	0.01952017	3.839961
726	-3413.159	-3671.531	258.3719	1.023479	0.02743766	3.955681
732	-3414.968	-3673.23	258.2625	1.212364	0.03382571	3.894864
738	-3418.064	-3676.588	258.5237	1.074961	0.04436182	3.794519
744	-3420.004	-3678.79	258.7862	1.01928	0.03116188	3.711278
750	-3421.698	-3680.764	259.0662	1.000512	0.02012893	3.579737
756	-3419.324	-3678.429	259.1052	1.090539	0.0108329	3.485155
762	-3431.741	-3691.202	259.4606	1.181609	0.01711158	3.242852
768	-3428.514	-3687.354	258.8402	1.181609	0.09698912	3.40391
774	-3435.933	-3694.787	258.8537	1.14136	0.06078274	3.517389
780	-3413.976	-3672.915	258.9386	1.019132	0.02633307	3.634072
786	-3423.541	-3682.174	258.633	1.108701	0.007583191	3.712396
792	-3417.184	-3675.019	257.8355	0.9727373	0.06971098	4.174736
798	-3415.197	-3673.424	258.2267	1.072472	0.002797103	3.769105
804	-3414.921	-3674.54	259.6191	1.235571	0.01591959	3.115644
810	-3404.16	-3661.267	257.1078	0.9518513	0.02174611	4.720247
816	-3396.666	-3654.62	257.9548	0.976375	0.01641674	4.230877
822	-3421.326	-3678.162	256.836	0.9819795	0.02821502	4.844255
828	-3421.906	-3680.212	258.3061	1.23003	0.004219895	3.73166
834	-3407.992	-3666.385	258.3932	1.019631	0.02567833	3.949234
840	-3414.851	-3671.351	256.4999	0.9338088	0.03712269	5.036276
846	-3414.654	-3672.515	257.8611	0.9070501	0.004423557	4.181045
852	-3425.442	-3682.958	257.5156	0.8477855	0.02286309	4.548651
858	-3407.391	-3665.893	258.502	0.963914	0.0187589	3.926912
864	-3412.833	-3671.552	258.7194	1.053425	0.009661956	3.72105
870	-3421.759	-3678.817	257.0582	0.8770625	0.0296729	4.775579
876	-3423.756	-3680.939	257.1835	0.8878451	0.02625287	4.706719
882	-3420.362	-3678.036	257.6743	0.8896331	0.01583335	4.437805
888	-3429.026	-3687.213	258.187	0.9015129	0.01529739	4.140094
894	-3425.182	-3683.447	258.2648	0.9654889	0.02415084	4.056183
900	-3418.342	-3676.12	257.7779	0.952352	0.02415084	4.340021
906	-3424.428	-3682.033	257.605	1.01749	0.04826909	4.340021
912	-3424.674	-3682.303	257.6285	1.108739	0.02114302	4.340021
918	-3425.021	-3683.843	258.8219	0.9810902	0.03713585	3.69706
924	-3416.579	-3674.091	257.5122	0.9347533	0.02001583	4.504565
930	-3415.881	-3672.509	256.6276	0.7807707	0.01656961	5.084282
936	-3415.63	-3672.873	257.2431	0.9808337	0.009916971	4.603956
942	-3422.553	-3680.218	257.6647	0.8910101	0.01387455	4.438492
948	-3415.134	-3673.909	258.7744	1.011811	0.01829674	3.742791
954	-3425.854	-3684.021	258.167	0.8664638	0.01348642	4.167041
960	-3424.946	-3682.876	257.9302	0.9488908	0.02577293	4.252992
966	-3410.802	-3669.14	258.3382	1.021533	0.03342199	3.961864
972	-3415.295	-3673.553	258.2572	1.080711	0.03809808	3.961864
978	-3405.582	-3663.874	258.2921	1.003578	0.008590834	3.983434
984	-3399.45	-3658.333	258.8836	1.005062	0.02243034	3.680634
990	-3406.552	-3665.308	258.7562	1.135198	0.02104378	3.680634
996	-3421.868	-3681.746	259.8778	1.26203	0.04971203	2.871149
1002	-3426.541	-3683.649	257.1081	0.8682973	0.02186809	4.766652
1008	-3408.142	-3665.065	256.9221	1.002135	0.02186809	4.795769
1014	-3404.707	-3661.822	257.1154	0.8047561	0.0142088	4.795769
1020	-3433.233	-3692.284	259.0509	0.9858035	0.02599852	3.588906
1026	-3424.001	-3683.676	259.6752	1.112479	0.0195269	3.15669
1032	-3421.474	-3680.56	259.0857	1.06197	0.005595746	3.430665
1038	-3422.441	-3681.457	259.0159	0.9080507	0.01115461	3.645376
1044	-3415.159	-3673.79	258.6309	1.111201	0.03470968	3.738797
1050	-3419.139	-3677.916	258.7771	1.111201	0.005198198	3.568851
1056	-3400.011	-3659.332	259.3209	1.184017	0.009124641	3.28842
1062	-3412.323	-3670.103	257.7803	0.9287735	0.0288501	4.342839
1068	-3428.43	-3686.165	257.735	0.9646527	0.004223822	4.210427
1074	-3411.012	-3668.246	257.2335	0.8452676	0.004198282	4.559625
1080	-3412.405	-3669.006	256.6018	0.9786394	0.0714166	4.860632
1086	-3408.721	-3667.469	258.7471	1.027839	0.03547791	3.717749
1092	-3417.838	-3676.474	258.6368	1.098588	0.002174584	3.442627
1098	-3427.346	-3686.717	259.3709	1.098588	0.01796844	3.34495
1104	-3416.753	-3674.227	257.474	0.9656654	0.03650514	4.475772
1110	-3406.526	-3664.714	258.1874	0.9729472	0.02284667	4.098017
1116	-3422.919	-3681.369	258.4502	0.9440373	0.02547768	3.960209
1122	-3428.306	-3685.142	256.8357	0.8405502	0.01375302	4.930437
1128	-3411.753	-3669.23	257.4777	0.8777425	0.01983104	4.556149
1134	-3424.76	-3683.112	258.3526	0.9261604	0.00540777	3.927612
1140	-3438.177	-3695.322	257.1448	0.8106558	0.006801469	4.711979
1146	-3434.439	-3691.519	257.0804	0.9062448	0.001652868	4.357019
1152	-3422.749	-3680.947	258.1981	1.012966	0.01933428	4.072417
1158	-3431.327	-3689.095	257.7686	0.9592218	0.013119	4.338973
1164	-3421.898	-3680.538	258.6401	0.9224605	0.0226019	3.868352
1170	-3414.979	-3674.263	259.2838	1.149504	0.005175106	3.248632
1176	-3421.556	-3680.824	259.2673	1.117106	0.005869911	3.299781
1182	-3413.543	-3671.053	257.51	0.9273137	0.01028764	4.487163
1188	-3414.041	-3671.927	257.8861	1.021644	0.01791841	4.244971
1194	-3414.906	-3672.688	257.7821	1.097728	0.01638187	4.259939
1200	-3416.736	-3674.67	257.934	1.056897	0.002193919	3.876596
1206	-3415.956	-3675.029	259.0727	1.072688	0.0320827	3.511741
1212	-3415.565	-3673.145	257.5797	0.8075297	0.03412459	4.511501
1218	-3407.761	-3666.113	258.3515	1.044932	0.005381361	3.859261
1224	-3408.781	-3667.551	258.77	1.063552	0.05562279	3.626223
1230	-3413.202	-3671.78	258.5782	1.075977	0.003570127	3.625852
1236	-3418.877	-3677.7	258.8228	1.099083	0.04680209	3.600607
1242	-3406.779	-3665.184	258.4046	1.012379	0.04032745	3.910414
1248	-3411.78	-3670.8	259.0204	0.9731045	0.009895149	3.59538
1254	-3416.47	-3674.542	258.0714	1.040514	0.0007615021	3.399792
1260	-3405.66	-3664.263	258.6033	1.110453	0.003250391	3.568315
1266	-3422.163	-3680.353	258.1908	1.110453	0.01542497	4.019066
1272	-3417.145	-3675.197	258.0517	1.008571	0.007117325	4.094879
1278	-3422.181	-3679.196	257.0148	0.9295951	0.02829338	4.773531
1284	-3429.566	-3687.53	257.9639	0.9461953	0.0302369	4.225862
1290	-3419.836	-3678.232	258.3955	1.001184	0.04629763	3.905059
1296	-3410.99	-3669.201	258.2111	1.038207	0.02399252	4.0456
1302	-3419.166	-3677.468	258.3022	0.952474	0.02177212	4.0456
1308	-3422.753	-3681.016	258.2624	1.059376	0.03794033	3.971527
1314	-3418.266	-3675.68	257.4139	0.8670306	0.008153743	4.55241
1320	-3407.61	-3665.29	257.6797	0.8568433	0.006231802	4.372815
1326	-3409.962	-3668.054	258.0927	0.9138484	0.003405159	3.987383
1332	-3423.355	-3680.157	256.8027	0.934556	0.003617098	4.71872
1338	-3410.755	-3667.614	256.8596	0.948191	0.008879953	4.826421
1344	-3409.981	-3666.429	256.4482	0.8092314	0.005747341	5.075558
1350	-3400.837	-3658.222	257.3846	0.8444457	0.004587807	4.492938
1356	-3417.138	-3674.955	257.8176	0.9238139	0.03775393	4.302159
1362	-3419.845	-3677.592	257.7465	0.7595534	0.007700714	4.419
1368	-3426.531	-3684.558	258.0276	0.945456	0.01996881	4.207428
1374	-3429.052	-3687.176	258.1241	0.8482415	0.01631073	4.207428
1380	-3424.579	-3682.147	257.5682	0.9281572	0.0211934	4.475838
1386	-3424.163	-3682.088	257.9246	1.013179	0.03283612	4.203806
1392	-3438.111	-3696.387	258.2763	1.058172	0.03564969	3.970477
1398	-3419.967	-3678.011	258.0447	1.098304	0.007505394	4.054692
1404	-3423.048	-3682.176	259.1285	1.251684	0.03657433	3.362324
1410	-3425.443	-3682.646	257.2035	0.7871139	0.003539277	4.571738
1416	-3412.003	-3668.902	256.8992	0.9766223	0.003324372	4.621427
1422	-3414.757	-3673.278	258.5204	1.078328	0.003219408	3.632688
1428	-3418.824	-3677.455	258.631	1.023946	0.004744138	3.686887
1434	-3416.503	-3674.789	258.2859	0.9535158	0.008624436	4.015992
1440	-3413.006	-3670.302	257.2962	0.9000714	0.03170655	4.624746
1446	-3407.426	-3666.331	258.9057	1.084758	0.007733357	3.570716
1452	-3395.449	-3654.187	258.7379	1.028769	0.01567827	3.752321
1458	-3411.674	-3670.537	258.8631	0.9988158	0.05526483	3.61075
1464	-3400.712	-3658.22	257.5079	0.9253605	0.01406455	4.507951
1470	-3421.828	-3678.678	256.8498	0.8087345	0.01799108	4.946021
1476	-3422.318	-3680.056	257.7379	0.8622316	0.01068317	4.398373
1482	-3415.678	-3673.729	258.0511	0.9772843	0.02267337	4.1733
1488	-3425.694	-3682.893	257.1996	0.9402526	0.005760625	4.583703
1494	-3423.74	-3683.076	259.3358	1.061035	0.01652224	3.38687
1500	-3416.932	-3675.31	258.3777	0.966115	0.05356496	3.914454
1506	-3409.173	-3665.723	256.5493	0.8502604	0.02539288	5.082434
1512	-3407.547	-3664.546	256.9994	0.8958747	0.03204421	4.792317
1518	-3422.537	-3680.084	257.5469	0.851284	0.002855003	4.289015
1524	-3419.583	-3677.939	258.3567	0.9770147	0.008893665	3.965337
1530	-3428.727	-3686.894	258.1675	1.042953	0.02254407	4.069881
1536	-3416.732	-3676.466	259.7343	1.133429	0.04978596	3.03471
1542	-3400.657	-3659.683	259.0263	0.9558178	0.01561882	3.627626
1548	-3401.925	-3659.808	257.8825	0.8765399	0.03379932	4.302646
1554	-3412.869	-3670.754	257.8851	0.916291	0.01514661	4.302646
1560	-3412.475	-3669.521	257.0465	0.8601172	0.01514661	4.805274
1566	-3411.259	-3668.605	257.3463	0.9062992	0.02921796	4.59901
1572	-3417.32	-3675.674	258.3532	0.9623106	0.01282735	4.003982
1578	-3416.35	-3675.299	258.9495	1.111172	0.02736822	3.572174
1584	-3419.538	-3678.682	259.1436	1.111172	0.02736822	3.459003
1590	-3424.876	-3683.299	258.4228	0.9457682	0.02038059	3.981876
1596	-3404.675	-3662.72	258.0444	0.8796804	0.003136729	4.014263
1602	-3413.234	-3669.435	256.2011	0.8559361	0.02002254	5.278859
1608	-3413.582	-3670.877	257.2957	0.8791898	0.002044823	4.319754
1614	-3413.341	-3670.502	257.1614	0.7551689	0.005658262	4.705906
1620	-3406.62	-3663.429	256.8092	0.8884082	0.0056211	4.827108
1626	-3411.327	-3668.787	257.4595	0.9365934	0.0056211	4.435602
1632	-3411.207	-3669.913	258.706	0.8805338	0.01731903	3.857532
1638	-3404.579	-3662.112	257.5339	0.9496924	0.04763394	4.420223
1644	-3411.435	-3668.714	257.2785	0.9106117	0.002745196	4.396745
1650	-3417.566	-3674.58	257.014	1.006398	0.00590937	4.654782
1656	-3403.51	-3661.411	257.9011	0.8490539	0.00590937	4.243656
1662	-3415.965	-3672.224	256.2584	0.8298442	0.006345408	5.184473
1668	-3412.841	-3670.02	257.179	0.9254597	0.02687344	4.686966
1674	-3406.65	-3665.508	258.8576	1.005746	0.01034221	3.674633
1680	-3419.95	-3678.563	258.6124	1.029374	0.005154381	3.710194
1686	-3417.843	-3676.758	258.9153	1.184773	0.04121584	3.513112
1692	-3409.153	-3668.001	258.8483	1.032365	0.01190977	3.674854
1698	-3412.554	-3672.118	259.5646	1.039159	0.01601208	3.264544
1704	-3404.381	-3663.319	258.9378	1.149548	0.03982205	3.524479
1710	-3409.869	-3668.422	258.5526	1.001639	0.005608359	3.7756
1716	-3422.15	-3681.094	258.9442	1.041153	0.01333513	3.620303
1722	-3427.939	-3685.046	257.1074	0.9559773	0.03074624	4.701483
1728	-3417.128	-3674.449	257.3213	0.9028355	0.02743241	4.618822
1734	-3416.941	-3674.706	257.765	0.8953479	0.01219279	4.373222
1740	-3413.293	-3671.937	258.6441	1.050682	0.004030472	3.629962
1746	-3408.341	-3668.075	259.7337	1.059468	0.01219438	3.141413
1752	-3413.952	-3672.37	258.4175	0.9702178	0.01023727	3.947557
1758	-3418.362	-3677.438	259.0757	0.9924305	0.01545022	3.577436
1764	-3427.605	-3686.633	259.0276	1.026391	0.004021386	3.420193
1770	-3411.418	-3669.285	257.8676	0.9130982	0.01138776	4.300974
1776	-3421.221	-3679.855	258.6342	1.075234	0.009682099	3.7578
1782	-3416.232	-3674.31	258.0779	1.055628	0.02906598	4.101587
1788	-3418.209	-3677.256	259.0464	1.043669	0.01170243	3.552208
1794	-3427.413	-3685.923	258.5104	1.073469	0.0503144	3.785865
1800	-3430.789	-3688.594	257.8047	0.8703448	0.0561885	4.287821
1806	-3415.082	-3673.345	258.2631	0.9389614	0.01529944	4.075457
1812	-3424.818	-3680.978	256.1593	0.8688754	0.00176861	4.916743
1818	-3414.316	-3671.813	257.4973	1.006229	0.002434163	4.185517
1824	-3413.201	-3672.196	258.995	1.048166	0.005183706	3.478071
1830	-3422.118	-3680.717	258.5982	1.110946	0.005771364	3.691038
1836	-3414.436	-3673.412	258.9764	1.070243	0.02145443	3.590231
1842	-3410.453	-3669.173	258.7201	0.9723818	0.04279209	3.744957
1848	-3422.341	-3680.395	258.0537	1.056347	0.02662187	4.12017
1854	-3416.784	-3675.755	258.9708	1.012766	0.02662187	3.618535
1860	-3417.662	-3676.492	258.8301	1.033782	0.02602263	3.689049
1866	-3414.713	-3673.462	258.7496	1.073962	0.03574843	3.688922
1872	-3420.818	-3680.007	259.1884	1.047536	0.03574843	3.449172
1878	-3428.139	-3687.967	259.828	1.194607	0.0223101	3.013897
1884	-3422.969	-3682.408	259.4389	1.090328	0.02215886	3.307167
1890	-3408.779	-3667.193	258.414	1.03828	0.008929001	3.89782
1896	-3420	-3678.978	258.9777	1.031919	0.007200798	3.550204
1902	-3421.258	-3677.24	255.9824	0.8378328	0.001871815	5.050484
1908	-3421.375	-3678.836	257.461	1.01011	0.00352279	4.2999
1914	-3417.665	-3675.59	257.9253	1.01471	0.09168791	4.042278
1920	-3418.002	-3675.847	257.8454	0.9948697	0.006623893	4.209933
1926	-3425.331	-3682.516	257.1842	1.001185	0.05092272	4.578667
1932	-3429.791	-3686.867	257.0757	0.9362077	0.02830813	4.735759
1938	-3426.92	-3684.641	257.7212	0.9244099	0.006648194	4.320733
1944	-3407.387	-3665.38	257.9927	0.9647252	0.043833	4.162771
1950	-3412.081	-3671.14	259.0591	0.9856953	0.02150496	3.591218
1956	-3412.601	-3671.041	258.4402	1.121298	0.02786194	3.859536
1962	-3399.372	-3656.677	257.3047	0.8727527	0.01354683	4.650043
1968	-3411.91	-3670.119	258.2094	0.8918415	0.003451915	3.936487
1974	-3431.623	-3690.668	259.0451	1.055711	0.01719657	3.560274
1980	-3430.745	-3689.387	258.642	0.9492208	0.01001023	3.828842
1986	-3426.916	-3685.321	258.405	1.057429	0.0156627	3.927231
1992	-3411.569	-3669.794	258.225	1.078163	0.02099356	4.018743
1998	-3422.072	-3680.865	258.7928	1.166027	0.02000493	3.642455
2004	-3405.325	-3663.868	258.5433	0.9448837	0.008123815	3.866828
2010	-3409.734	-3668.233	258.4987	0.9762141	0.007630616	3.866828
2016	-3402.274	-3660.078	257.8038	1.048274	0.0112394	4.25966
2022	-3404.171	-3662.097	257.9256	1.103814	0.04799382	4.110004
2028	-3406.5	-3663.548	257.0484	1.055241	0.03333285	4.672637
2034	-3412.179	-3670.811	258.6319	1.126053	0.001994471	3.401889
2040	-3412.121	-3671.572	259.4512	1.172407	0.01108559	3.23556
2046	-3426.987	-3686.282	259.2942	1.228141	0.0248592	3.307039
2052	-3440.522	-3699.07	258.5485	1.127628	0.005932235	3.714667
2058	-3429.743	-3688.313	258.5708	1.168503	0.002641889	3.498135
2064	-3430.682	-3690.14	259.4582	1.133815	0.02244866	3.26979
2070	-3418.468	-3676.389	257.9204	0.9015717	0.0297564	4.276935
2076	-3434.879	-3692.301	257.4229	0.8556235	0.01465901	4.596259
2082	-3409.192	-3667.823	258.6307	1.010224	0.0195252	3.826217
2088	-3415.919	-3673.424	257.5054	0.8297097	0.01157446	4.553205
2094	-3414.935	-3672.285	257.3501	0.9825594	0.02654669	4.559671
2100	-3410.87	-3667.96	257.09	0.9830457	0.03945825	4.673614
2106	-3412.588	-3671.179	258.5905	1.143483	0.03292197	3.748139
2112	-3415.307	-3673.575	258.268	0.9857206	0.005669188	3.95008
2118	-3397.032	-3654.614	257.5816	0.9376923	0.01506312	4.461733
2124	-3405.567	-3663.76	258.193	1.003412	0.009196432	4.047158
2130	-3417.629	-3676.241	258.6127	1.073726	0.01102382	3.781764
2136	-3402.29	-3660.615	258.3248	1.009611	0.003650667	3.815777
2142	-3412.673	-3670.12	257.4473	0.9876625	0.00171733	4.115769
2148	-3419.324	-3674.734	255.4097	0.8643489	0.001384255	5.251341
2154	-3421.121	-3677.188	256.0672	0.7791464	0.004312277	5.251341
2160	-3414.252	-3671.349	257.0965	0.9476414	0.02807015	4.718284
2166	-3411.586	-3669.053	257.4662	0.9305432	0.01669024	4.53273
2172	-3434.397	-3692.719	258.3224	1.098956	0.05909352	3.854155
2178	-3419.871	-3678.031	258.16	1.048267	0.05169714	3.997416
2184	-3421.372	-3680.457	259.0844	1.13775	0.03360997	3.462944
2190	-3421.997	-3680.631	258.6346	1.027741	0.01620985	3.813151
2196	-3422.044	-3680.448	258.4041	0.9933756	0.01620985	3.965122
2202	-3422.927	-3679.912	256.9849	0.7999685	0.006069477	4.79064
2208	-3429.13	-3686.569	257.4393	0.9771214	0.01649069	4.521514
2214	-3412.423	-3670.075	257.6528	0.9067349	0.01649069	4.440963
2220	-3419.932	-3676.475	256.543	0.8287962	0.00393866	4.941269
2226	-3432.708	-3690.728	258.02	0.9307233	0.00767775	4.166968
2232	-3434.725	-3693.066	258.3419	0.9865359	0.03220321	3.982874
2238	-3420.316	-3678.093	257.7769	1.00663	0.01303448	4.307158
2244	-3422.819	-3681.357	258.5379	1.015932	0.01208676	3.864149
2250	-3419.891	-3679.082	259.1909	1.023411	0.02704849	3.483363
2256	-3425.007	-3683.634	258.6275	0.8935861	0.01468827	3.891844
2262	-3424.234	-3682.441	258.2067	0.8851014	0.0217308	4.138429
2268	-3427.337	-3685.607	258.2701	0.9482544	0.01548865	4.06644
2274	-3418.206	-3675.689	257.4832	0.8751582	0.005849432	4.463346
2280	-3416.221	-3672.704	256.4837	0.8751582	0.004145961	4.959249
2286	-3405.318	-3663.405	258.0877	1.075077	0.07626661	3.954925
2292	-3417.625	-3675.389	257.7633	1.019124	0.007558738	4.260505
2298	-3403.46	-3662.68	259.2204	1.11802	0.008617873	3.380257
2304	-3408.741	-3667.766	259.0253	1.11802	0.02017761	3.535153
2310	-3420.07	-3677.923	257.8536	0.9662183	0.005442109	4.190447
2316	-3406.101	-3664.636	258.5357	1.02192	0.01891813	3.874308
2322	-3413.633	-3672.504	258.871	1.136066	0.03557927	3.582998
2328	-3404.944	-3663.869	258.9251	1.119147	0.008660758	3.552661
2334	-3407.725	-3666.71	258.9855	1.106136	0.01916686	3.565765
2340	-3416.61	-3674.669	258.0584	1.021991	0.0226533	4.143792
2346	-3403.92	-3662.292	258.3719	0.9878423	0.004135055	3.829
2352	-3422.772	-3682.349	259.5769	1.273687	0.01443138	3.115305
2358	-3418.863	-3678.214	259.3514	1.246762	0.07737893	3.115305
2364	-3426.335	-3685.534	259.1986	1.120923	0.04046654	3.386944
2370	-3427.867	-3687.718	259.8505	1.207099	0.04447799	2.936606
2376	-3414.173	-3673.385	259.2122	1.108958	0.01653897	3.431241
2382	-3410.068	-3667.589	257.5216	1.129505	0.03477109	4.361114
2388	-3412.945	-3670.731	257.7862	0.90566	0.01718192	4.366842
2394	-3422.614	-3680.169	257.5553	0.8688172	0.01175649	4.504186
2400	-3424.266	-3681.945	257.679	0.8732325	0.004766627	4.31804
2406	-3415.56	-3674.922	259.362	1.097713	0.009512473	3.319179
2412	-3419.326	-3677.233	257.9072	0.9122161	0.005501282	4.192548
2418	-3421.914	-3679.977	258.0633	0.9955379	0.001663988	3.747585
2424	-3413.188	-3672.716	259.5281	1.087263	0.01950196	3.258738
2430	-3417.29	-3676.502	259.2114	1.106968	0.02556204	3.425507
2436	-3418.067	-3676.63	258.5636	1.034613	0.0112389	3.83392
2442	-3415.386	-3674.227	258.8416	1.036057	0.01181373	3.676067
2448	-3408.789	-3667.556	258.7666	1.036057	0.03901091	3.692032
2454	-3411.39	-3671.321	259.9313	1.130589	0.01119427	2.975031
2460	-3420.734	-3679.464	258.7303	1.05419	0.01619073	3.742699
2466	-3411.448	-3670.122	258.6745	1.159276	0.01791819	3.715317
2472	-3426.913	-3685.235	258.3219	1.052648	0.02080835	3.97811
2478	-3426.17	-3684.034	257.8642	1.071738	0.07148931	4.09731
2484	-3423.497	-3683.238	259.7407	1.17541	0.007902513	3.027696
2490	-3414.933	-3674.58	259.6469	1.162857	0.00721773	3.079272
2496	-3424.258	-3683.074	258.8163	1.204996	0.04343846	3.552561
2502	-3427.079	-3682.787	255.7079	0.942292	0.001886574	5.147206
2508	-3432.54	-3689.801	257.2604	0.8213296	0.009905835	4.683544
2514	-3411.512	-3670.269	258.757	1.05573	0.01544768	3.725439
2520	-3412.792	-3673.025	260.233	1.292095	0.01395936	2.706682
2526	-3415.965	-3676.635	260.6696	1.357093	0.01508379	2.397508
2532	-3412.292	-3672.333	260.041	1.357093	0.04170893	2.738308
2538	-3417.332	-3677.389	260.057	1.176756	0.008220512	2.841122
2544	-3412.256	-3671.829	259.5731	1.143608	0.01773066	3.198989
2550	-3422.526	-3680.438	257.9123	0.9858506	0.01428374	4.246033
2556	-3430.572	-3689.492	258.9199	1.089285	0.01560197	3.611914
2562	-3428.946	-3686.145	257.1992	1.008484	0.02936271	4.623844
2568	-3429.108	-3687.178	258.0703	1.039908	0.003214104	3.913869
2574	-3412.753	-3672.052	259.2992	1.190909	0.01385453	3.32713
2580	-3414.121	-3672.704	258.583	1.041561	0.01183431	3.822194
2586	-3428.062	-3686.353	258.2908	1.068448	0.06722919	3.866931
2592	-3408.386	-3667.255	258.869	1.004294	0.01256453	3.682213
2598	-3414.762	-3672.956	258.194	0.971165	0.02098279	4.09746
2604	-3412.649	-3670.622	257.9733	0.9514205	0.004545998	4.09746
2610	-3406.974	-3665.853	258.8787	1.019497	0.004175221	3.519403
2616	-3405.447	-3663.676	258.2289	0.9795079	0.003642288	3.887652
2622	-3408.963	-3666.293	257.3302	0.8888164	0.006894363	4.566168
2628	-3425.293	-3682.794	257.5006	0.8685651	0.01053177	4.527334
2634	-3418.716	-3676.647	257.9312	0.8388372	0.01078401	4.303098
2640	-3423.936	-3681.999	258.0637	0.8792719	0.01177809	4.211228
2646	-3406.494	-3663.231	256.7372	0.9209419	0.003979456	4.783873
2652	-3422.344	-3679.64	257.2963	0.9377024	0.02273406	4.621456
2658	-3420.948	-3679.428	258.4798	0.9809858	0.01349894	3.923249
2664	-3413.191	-3671.328	258.1366	0.9691077	0.006236396	4.049958
2670	-3408.862	-3666.906	258.0442	0.91932	0.02275234	4.210039
2676	-3420.526	-3677.863	257.3362	0.9259839	0.02275234	4.605579
2682	-3421.004	-3679.294	258.2901	0.9719247	0.03221203	4.020783
2688	-3418.728	-3676.666	257.9379	0.9842819	0.05624919	4.147479
2694	-3411.329	-3669.407	258.0785	1.020527	0.01146406	4.12081
2700	-3429.169	-3688.57	259.4011	1.082637	0.01903969	3.336495
2706	-3414.239	-3672.904	258.6646	0.9798204	0.01751565	3.824371
2712	-3417.605	-3675.045	257.4397	0.8967327	0.01390058	4.561918
2718	-3425.445	-3682.682	257.2373	0.9292086	0.03377518	4.636303
2724	-3404.83	-3662.64	257.8097	0.9172548	0.01101481	4.329056
2730	-3402.443	-3660.218	257.7759	0.9172548	0.007702785	4.313421
2736	-3397.861	-3654.876	257.0146	0.8920323	0.004347423	4.663295
2742	-3399.029	-3656.044	257.015	0.9147937	0.01459029	4.791276
2748	-3398.997	-3657.608	258.611	1.119897	0.0349259	3.744701
2754	-3413.866	-3670.873	257.008	0.8930511	0.02739782	4.799624
2760	-3419.325	-3676.282	256.9574	0.7766958	0.00538773	4.799624
2766	-3423.69	-3679.928	256.238	0.820727	0.03053799	5.260397
2772	-3416.834	-3674.928	258.0948	0.940638	0.01305443	4.16438
2778	-3414.063	-3672.099	258.035	1.000445	0.01305443	4.16438
2784	-3415.74	-3674.564	258.8231	1.001247	0.00635688	3.6398
2790	-3417.282	-3676.294	259.0122	1.001247	0.00921654	3.577071
2796	-3416.554	-3674.323	257.7684	0.9855108	0.01337128	4.325045
2802	-3409.213	-3666.308	257.0956	1.006642	0.00169513	4.300198
2808	-3423.406	-3681.588	258.1815	1.006642	0.00169513	3.679292
2814	-3413.956	-3671.783	257.8268	0.9783932	0.002494142	4.020649
2820	-3405.869	-3663.607	257.7375	1.030911	0.01654361	4.323121
2826	-3403.226	-3660.491	257.2645	1.006301	0.005402009	4.499388
2832	-3409.659	-3667.212	257.5533	0.9622114	0.00877118	4.428369
2838	-3413.649	-3672.413	258.7635	1.067861	0.02339216	3.712445
2844	-3415.654	-3674.375	258.7204	1.062657	0.02276609	3.741217
2850	-3426.072	-3684.814	258.7419	1.008147	0.002043195	3.414327
2856	-3428.65	-3686.863	258.2123	0.9983394	0.05377949	3.990056
2862	-3427.445	-3686.667	259.2219	1.045175	0.04127731	3.415333
2868	-3415.739	-3674.577	258.8377	1.095217	0.02949854	3.641574
2874	-3410.285	-3669.131	258.8458	0.9430742	0.04867605	3.672233
2880	-3414.832	-3674.069	259.2378	1.146804	0.04398499	3.33846
2886	-3415.471	-3673.374	257.9034	0.8189811	0.009214562	4.316517
2892	-3417.089	-3674.692	257.6032	0.8946909	0.01524006	4.474078
2898	-3395.741	-3653.791	258.0503	0.9201278	0.01524006	4.207042
2904	-3401.534	-3659.299	257.7648	0.9340459	0.005258949	4.2531
2910	-3416.715	-3675.11	258.3949	1.064248	0.005493818	3.826821
2916	-3415.554	-3674.793	259.2388	1.034909	0.0180052	3.459695
2922	-3420.192	-3678.743	258.5511	1.034909	0.003533713	3.662931
2928	-3414.667	-3673.343	258.6766	1.034909	0.002745683	3.525123
2934	-3434.187	-3691.948	257.7613	1.026587	0.04476849	4.256357
2940	-3422.984	-3679.747	256.7627	0.9124534	0.01680528	4.936262
2946	-3435.687	-3693.141	257.4541	0.935503	0.01419634	4.532829
2952	-3425.125	-3682.75	257.625	0.8872864	0.01691104	4.467945
2958	-3435.09	-3693.098	258.009	0.9003604	0.01847446	4.244105
2964	-3424.456	-3683.081	258.6253	1.075966	0.008381249	3.747761
2970	-3424.366	-3681.543	257.1768	0.8156617	0.008381249	4.717189
2976	-3414.825	-3671.6	256.7746	0.9807463	0.00278248	4.644212
2982	-3415.174	-3673.035	257.8605	0.9970692	0.00278248	4.021023
2988	-3420.175	-3678.836	258.6609	1.076678	0.003131392	3.545027
2994	-3419.405	-3676.677	257.2722	0.9111394	0.003733325	4.475522
3000	-3425.312	-3683.907	258.5948	0.9878365	0.002446965	3.567375
3006	-3422.92	-3681.75	258.8297	1.06529	0.01586734	3.678446
3012	-3431.011	-3688.789	257.7781	0.8988037	0.01627945	4.374601
3018	-3411.546	-3669.356	257.8103	0.8296186	0.02952068	4.380393
3024	-3426.296	-3684.677	258.3809	0.9157973	0.01523725	4.021325
3030	-3422.73	-3680.654	257.9245	0.8946631	0.05252635	4.216565
3036	-3438.942	-3696.636	257.6943	0.9373033	0.02888593	4.386509
3042	-3413.732	-3671.682	257.9495	0.9416437	0.02656617	4.244587
3048	-3418.108	-3675.017	256.9084	0.8568976	0.01107878	4.869009
3054	-3421.013	-3678.976	257.9629	0.9608261	0.01877069	4.235896
3060	-3423.784	-3683.115	259.3304	1.096921	0.004666064	3.232024
3066	-3425.708	-3684.632	258.9231	1.070917	0.03993086	3.578488
3072	-3422.471	-3681.051	258.5802	1.070917	0.0029364	3.578488
3078	-3421.345	-3680.599	259.2545	1.03901	0.004518834	3.304459
3084	-3426.158	-3685.5	259.3419	1.267654	0.005298861	3.148538
3090	-3428.791	-3687.5	258.7094	1.139374	0.03200647	3.684161
3096	-3426.657	-3685.751	259.0945	1.06516	0.01327892	3.51878
3102	-3421.046	-3680.914	259.8683	1.289344	0.0131097	2.927209
3108	-3432.943	-3690.748	257.8056	0.9615013	0.01766459	4.324535
3114	-3423.023	-3680.345	257.3214	0.879841	0.05593987	4.555645
3120	-3412.713	-3670.353	257.64	1.055509	0.03968472	4.322829
3126	-3408.822	-3667.48	258.6574	1.014744	0.02024958	3.807815
3132	-3416.559	-3674.642	258.0833	0.99561	0.06259249	4.04034
3138	-3415.619	-3673.319	257.7001	0.9113325	0.01319226	4.404898
3144	-3407.77	-3666.807	259.0372	1.166738	0.04351422	3.445836
3150	-3428.584	-3687.763	259.1797	1.066714	0.04039232	3.429972
3156	-3430.432	-3688.884	258.4516	1.060642	0.00802973	3.85166
3162	-3418.961	-3677.377	258.415	0.9393855	0.05246586	3.911535
3168	-3419.432	-3677.583	258.1507	1.069349	0.02570493	4.059328
3174	-3437.662	-3695.712	258.0506	1.078942	0.01231938	4.107858
3180	-3423.227	-3681.021	257.7943	0.9695347	0.003164694	4.107858
3186	-3431.64	-3689.677	258.0373	1.029739	0.00814132	4.107858
3192	-3421.206	-3679.34	258.1338	1.005873	0.007489311	4.056293
3198	-3406.934	-3666.281	259.3465	1.171743	0.02409566	3.310791
3204	-3408.74	-3668.044	259.3047	1.123497	0.00931621	3.335686
3210	-3412.697	-3671.513	258.8156	1.078273	0.02144143	3.678801
3216	-3402.777	-3661.174	258.397	0.9535665	0.02305995	3.989191
3222	-3413.272	-3671.083	257.8109	0.9486927	0.01034366	4.305799
3228	-3418.201	-3676.327	258.126	1.023537	0.04376319	4.053645
3234	-3426.617	-3684.371	257.7544	0.8469995	0.01061826	4.397212
3240	-3418.822	-3675.727	256.9045	0.8815406	0.02030435	4.874312
3246	-3421.645	-3678.12	256.4756	0.9242361	0.003148688	4.874312
3252	-3423.517	-3681.808	258.2912	0.9666579	0.003331275	3.837976
3258	-3402.728	-3659.199	256.4703	0.8171832	0.001816196	4.780748
3264	-3428.018	-3685.188	257.1692	0.9496042	0.01280931	4.680312
3270	-3415.349	-3674.425	259.0754	1.219939	0.07585657	3.298937
3276	-3407.346	-3665.568	258.2216	1.081291	0.01901176	4.020125
3282	-3401.127	-3659.811	258.6836	1.081291	0.008396087	3.711206
3288	-3402.627	-3661.518	258.891	1.14199	0.04266585	3.548027
3294	-3402.629	-3659.995	257.3665	0.9946689	0.01401819	4.548304
3300	-3409.434	-3667.534	258.0997	0.8646123	0.005054379	4.095171
3306	-3424.062	-3680.778	256.7165	0.8594834	0.009562809	4.962562
3312	-3412.379	-3671.951	259.5719	1.147116	0.07115885	3.060678
3318	-3406.509	-3665.528	259.0192	1.164869	0.07115885	3.377432
3324	-3419.526	-3679.005	259.4791	1.157363	0.03315158	3.220563
3330	-3412.516	-3670.064	257.5472	0.9753119	0.0018692	4.09396
3336	-3417.866	-3675.78	257.9147	0.8924096	0.006384162	4.223314
3342	-3416.53	-3673.535	257.0052	0.8901137	0.001954371	4.46334
3348	-3422.419	-3680.613	258.1937	0.8801194	0.01285936	4.141856
3354	-3422.454	-3680.646	258.1922	0.9294251	0.04741223	4.059156
3360	-3401.315	-3658.998	257.6837	0.9757938	0.009632805	4.356258
3366	-3411.488	-3669.857	258.3688	0.9579665	0.06278798	3.897964
3372	-3406.187	-3664.734	258.5468	1.026782	0.06278798	3.756025
3378	-3411.341	-3668.752	257.4111	0.9132705	0.04121717	4.527837
3384	-3424.759	-3681.906	257.1474	0.8383131	0.01247969	4.753393
3390	-3426.204	-3684.045	257.8409	0.9195632	0.008843769	4.290894
3396	-3411.669	-3669.826	258.1568	0.9195632	0.005958268	4.059553
3402	-3414.328	-3672.028	257.7001	0.9305901	0.01675597	4.401108
3408	-3436.361	-3694.55	258.1882	0.9790469	0.0636118	3.987003
3414	-3431.561	-3689.766	258.2046	0.9402695	0.03677911	4.075735
3420	-3416.658	-3674.486	257.8281	0.9681623	0.002653365	4.043092
3426	-3408.307	-3665.785	257.4777	0.9748502	0.004679381	4.370802
3432	-3400.805	-3658.425	257.621	0.9225687	0.002977529	4.217603
3438	-3416.185	-3673.347	257.1625	0.9055396	0.005324477	4.610808
3444	-3405.391	-3663.742	258.3506	1.018229	0.0322526	3.959673
3450	-3408.719	-3668.574	259.8548	1.113702	0.01231657	3.037442
3456	-3406.6	-3665.152	258.5516	1.008857	0.006196529	3.788325
3462	-3407.361	-3665.73	258.3693	0.9970212	0.009065229	3.948626
3468	-3400.463	-3659.218	258.7549	0.9775501	0.01715556	3.773528
3474	-3410.877	-3669.3	258.4228	0.9881143	0.004975889	3.836699
3480	-3404.277	-3661.313	257.0365	0.9838812	0.02633441	4.73509
3486	-3407.578	-3664.679	257.1006	0.8765708	0.009179159	4.73509
3492	-3394.025	-3651.654	257.6283	0.927614	0.01721195	4.443518
3498	-3405.82	-3662.205	256.3855	0.8461009	0.006271992	5.103377
3504	-3413.524	-3669.986	256.4618	0.8358881	0.008337413	5.103377
3510	-3405.393	-3661.827	256.4345	0.9389862	0.02052719	5.103377
3516	-3413.322	-3671.452	258.1298	0.8590229	0.03528712	4.168463
3522	-3406.764	-3663.486	256.7227	0.8301805	0.01375035	4.999056
3528	-3412.895	-3669.167	256.2714	0.9489564	0.003255552	4.982249
3534	-3414.198	-3672.562	258.364	1.023581	0.03863124	3.931958
3540	-3406.229	-3663.075	256.846	0.857027	0.02800625	4.90872
3546	-3420.785	-3679.572	258.7868	0.9777495	0.03807335	3.716659
3552	-3411.445	-3669.705	258.2608	0.9504035	0.01304688	4.064359
3558	-3403.137	-3662.148	259.0102	1.052616	0.02777048	3.57003
3564	-3408.487	-3667.476	258.9885	1.094906	0.01666402	3.57003
3570	-3411.554	-3670.337	258.7828	1.094906	0.07559396	3.544191
3576	-3406.999	-3666.384	259.3856	1.031588	0.0160799	3.374459
3582	-3404.847	-3663.893	259.046	1.118196	0.02814302	3.51023
3588	-3423.764	-3682.75	258.9864	0.9756425	0.01338749	3.634036
3594	-3426.117	-3685.001	258.8836	1.042779	0.01978205	3.661341
3600	-3418.558	-3676.241	257.6839	1.048286	0.004636259	4.210779
3606	-3429.19	-3686.769	257.5795	0.9918568	0.02509217	4.428121
3612	-3427.57	-3685.184	257.6146	0.8569356	0.014656	4.487822
3618	-3426.845	-3683.274	256.4286	0.9880347	0.01759976	5.08028
3624	-3445.824	-3703.863	258.0391	1.041979	0.0317006	4.125197
3630	-3434.742	-3693.687	258.9447	1.146418	0.0317006	3.544305
3636	-3423.604	-3682.807	259.2035	1.008228	0.01084413	3.475886
3642	-3428.52	-3687.301	258.7811	1.080451	0.008444273	3.655913
3648	-3412.293	-3672.241	259.9473	1.222895	0.02115682	2.926489
3654	-3419.071	-3679.353	260.2824	1.20949	0.02411464	2.726931
3660	-3424.707	-3682.316	257.6084	0.9465617	0.004111031	4.286755
3666	-3420.025	-3677.869	257.8433	1.054303	0.0532831	4.16985
3672	-3407.9	-3666.733	258.832	1.021581	0.02832828	3.690136
3678	-3418.521	-3677.347	258.8258	1.03549	0.02832828	3.685694
3684	-3424.516	-3683.02	258.5032	0.970362	0.008925489	3.885563
3690	-3421.382	-3678.099	256.7169	0.8132967	0.008925489	4.981463
3696	-3410.482	-3669.433	258.9504	1.00754	0.01835436	3.643526
3702	-3419.812	-3678.552	258.7394	0.9902831	0.01141477	3.759279
3708	-3413.208	-3672.02	258.8118	1.010086	0.02344749	3.717795
3714	-3419.25	-3678.1	258.85	1.010086	0.01777959	3.700065
3720	-3408.232	-3665.26	257.0281	0.902303	0.01328277	4.787344
3726	-3425.531	-3682.584	257.0535	0.8138704	0.03991893	4.787344
3732	-3429.984	-3687.863	257.8784	0.9172675	0.01720965	4.308161
3738	-3427.01	-3685.287	258.2769	1.002786	0.01594528	4.032083
3744	-3415.329	-3674.061	258.7321	1.051571	0.007264997	3.682543
3750	-3415.375	-3673.927	258.5519	0.9844825	0.009876813	3.859232
3756	-3419.479	-3678.443	258.9637	0.9600411	0.03461117	3.634003
3762	-3416.307	-3675.889	259.5823	1.246219	0.01191226	3.118933
3768	-3411.884	-3671.439	259.5544	1.281037	0.01191226	3.114793
3774	-3407.691	-3667.574	259.8825	1.131342	0.01061887	2.999781
3780	-3415.403	-3673.277	257.8746	0.9415174	0.02792136	4.28434
3786	-3418.481	-3674.888	256.4073	0.980825	0.0008233941	4.424032
3792	-3409.503	-3668.906	259.4032	1.09374	0.04310605	3.274863
3798	-3413.462	-3672.282	258.8203	1.09374	0.02424331	3.663231
3804	-3420.498	-3678.066	257.5679	1.030398	0.01033466	4.39683
3810	-3418.948	-3677.052	258.1043	0.9617655	0.01787401	4.155073
3816	-3441.827	-3699.9	258.0731	1.050782	0.003586875	3.932547
3822	-3431.095	-3689.007	257.9124	0.8994912	0.02192289	4.296971
3828	-3434.919	-3692.818	257.899	0.898901	0.02678575	4.296971
3834	-3427.218	-3684.933	257.7151	1.044735	0.03580075	4.296971
3840	-3425.454	-3683.969	258.516	1.037105	0.01266498	3.867236
3846	-3429.444	-3689.152	259.7071	1.136103	0.02558667	3.115609
3852	-3410.148	-3669.33	259.1821	0.9956047	0.0150771	3.513003
3858	-3422.653	-3682.806	260.1528	1.150598	0.0599952	2.740387
3864	-3416.807	-3676.67	259.8633	1.303348	0.08906642	2.740387
3870	-3399.082	-3658.529	259.4477	1.149464	0.0213255	3.268069
3876	-3403.106	-3661.751	258.6448	1.091186	0.03944887	3.729333
3882	-3424.555	-3682.127	257.5722	0.865708	0.01810003	4.510208
3888	-3418.803	-3675.978	257.1742	0.8745757	0.01211495	4.716454
3894	-3405.047	-3663.589	258.542	0.9379845	0.01609246	3.917708
3900	-3413.921	-3671.42	257.499	0.9115857	0.01309045	4.517679
3906	-3408.332	-3665.46	257.128	0.7744688	0.005585085	4.711647
3912	-3409.455	-3666.701	257.2463	0.9077387	0.01672419	4.668926
3918	-3405.887	-3664.211	258.3242	1.083615	0.03016507	3.942451
3924	-3426.879	-3686.348	259.4696	1.111453	0.005223155	3.162825
3930	-3427.41	-3685.628	258.2185	1.190858	0.06789644	3.836273
3936	-3418.497	-3676.089	257.5926	0.8665732	0.0744615	4.359667
3942	-3433.348	-3692.743	259.3953	1.220882	0.04294249	3.204879
3948	-3419.253	-3678.924	259.6719	1.220882	0.03832007	3.053755
3954	-3414.547	-3671.686	257.1385	0.8999737	0.0141039	4.729397
3960	-3421.986	-3678.694	256.7075	0.8392544	0.009108442	4.974278
3966	-3428.316	-3687.066	258.7497	0.8279813	0.01093376	3.843748
3972	-3419.504	-3676.349	256.8442	0.9073918	0.01835347	4.894216
3978	-3417.466	-3674.817	257.3512	0.9111301	0.02481934	4.602335
3984	-3422.481	-3679.45	256.9686	0.8621032	0.004714388	4.721604
3990	-3430.337	-3688.496	258.1592	0.9755211	0.005013512	3.996416
3996	-3412.917	-3671.024	258.1077	0.9824583	0.01034806	4.118279
4002	-3421.206	-3680.394	259.1882	1.164512	0.04299766	3.360121
4008	-3428.181	-3687.39	259.2091	1.124871	0.005856356	3.329121
4014	-3422.955	-3680.761	257.8056	0.9291482	0.02508154	4.335909
4020	-3441.517	-3700.16	258.6432	1.058019	0.0109692	3.772903
4026	-3430.916	-3689.001	258.0849	1.01016	0.001356297	3.652749
4032	-3425.076	-3684.185	259.109	1.178288	0.03500468	3.421105
4038	-3442.991	-3702.834	259.8436	1.224336	0.01877563	2.989539
4044	-3410.836	-3668.322	257.4856	0.9395451	0.02040079	4.51656
4050	-3416.484	-3673.953	257.4689	0.8914951	0.01953913	4.553481
4056	-3413.839	-3671.543	257.7039	1.021472	0.01062299	4.327221
4062	-3408.672	-3666.455	257.7825	0.9766071	0.02158424	4.327221
4068	-3400.451	-3659.231	258.7798	0.9680439	0.01021481	3.740354
4074	-3397.194	-3653.434	256.2396	0.9587822	0.0008446244	4.541866
4080	-3398.599	-3656.049	257.45	0.8432246	0.02227277	4.588798
4086	-3407.312	-3664.119	256.8067	0.8694609	0.007892529	4.886899
4092	-3403.075	-3659.917	256.8422	0.7417598	0.005502112	4.886899
4098	-3412.685	-3669.113	256.4277	0.7588324	0.00198043	4.864478
4104	-3426.643	-3684.607	257.9638	0.9427635	0.005176093	4.132333
4110	-3409.996	-3667.853	257.8564	1.017832	0.0232472	4.259959
4116	-3411.02	-3668.181	257.1608	1.000242	0.0163377	4.664662
4122	-3415.964	-3672.989	257.0249	0.8709402	0.00610911	4.729674
4128	-3413.479	-3671.146	257.6673	0.9705094	0.006994913	4.332212
4134	-3413.008	-3669.056	256.0479	0.8654346	0.0165218	5.357958
4140	-3403.237	-3659.599	256.3621	0.7999439	0.005403479	5.118234
4146	-3427.263	-3685.035	257.7722	0.8428153	0.02867757	4.396334
4152	-3411.894	-3670.248	258.3539	0.925563	0.02013446	4.032978
4158	-3415.038	-3673.302	258.2639	1.006941	0.02419749	4.032978
4164	-3432.064	-3689.524	257.4599	0.9700569	0.02534498	4.507264
4170	-3423.938	-3682.062	258.1241	0.915648	0.04798593	4.104147
4176	-3416.257	-3674.353	258.096	0.9290789	0.01403493	4.173371
4182	-3416.857	-3674.964	258.1077	0.9465087	0.0113118	4.145352
4188	-3420.434	-3678.547	258.1132	1.040682	0.02996926	4.087927
4194	-3414.354	-3673.762	259.4078	1.081931	0.0161334	3.331909
4200	-3420.964	-3678.739	257.775	1.030969	0.03153024	4.281742
4206	-3408.526	-3665.529	257.0031	0.8821455	0.005986015	4.732432
4212	-3416.497	-3676.007	259.5093	1.010911	0.01101626	3.29613
4218	-3418.911	-3676.962	258.0501	0.9091261	0.01372517	4.209887
4224	-3417.618	-3677.297	259.6786	1.175318	0.05763566	3.01942
4230	-3403.778	-3662.873	259.0953	1.186304	0.05365702	3.370544
4236	-3412.183	-3672.126	259.943	1.186304	0.01346835	2.945626
4242	-3403.605	-3662.308	258.7028	1.052874	0.01346835	3.753623
4248	-3407.687	-3665.31	257.6228	1.022015	0.017448	4.393511
4254	-3402.149	-3659.103	256.9534	0.9566752	0.01265999	4.796343
4260	-3403.392	-3661.907	258.5148	0.9665699	0.01597407	3.91681
4266	-3410.647	-3668.747	258.1	1.069844	0.0519899	4.01853
4272	-3401.116	-3659.288	258.1717	0.9316179	0.01776426	4.133904
4278	-3400.575	-3658.498	257.9228	0.9828425	0.02575912	4.237968
4284	-3425.98	-3682.818	256.8377	0.7998094	0.02483659	4.95126
4290	-3408.604	-3665.394	256.7906	0.8585118	0.01841869	4.95126
4296	-3416.821	-3673.768	256.9475	0.8448408	0.009874461	4.844944
4302	-3417.793	-3674.598	256.8053	0.9466918	0.003368947	4.693968
4308	-3412.257	-3670.397	258.1404	0.927715	0.01196662	4.141103
4314	-3420.114	-3678.383	258.269	1.082558	0.02244987	3.989481
4320	-3419.238	-3677.214	257.9762	0.9429027	0.01546055	4.236538
4326	-3430.219	-3687.404	257.1851	0.8160717	0.01142494	4.739439
4332	-3416.811	-3674.05	257.2388	0.8301886	0.01071471	4.696995
4338	-3411.512	-3668.922	257.4095	0.8576373	0.01658293	4.605455
4344	-3397.41	-3654.817	257.4072	1.021049	0.04035624	4.471768
4350	-3406.922	-3665.058	258.1362	1.068879	0.003582751	3.88573
4356	-3395.403	-3654.025	258.622	1.121645	0.03634918	3.733481
4362	-3407.254	-3665.764	258.51	0.9911082	0.002967124	3.66827
4368	-3396.781	-3655.425	258.6438	1.054824	0.0103767	3.770042
4374	-3406.117	-3665.02	258.9024	1.139427	0.006171647	3.508758
4380	-3400.649	-3660.711	260.0615	1.279337	0.01168036	2.809398
4386	-3398.4	-3658.564	260.164	1.196609	0.02263316	2.809398
4392	-3398.985	-3659.371	260.3864	1.261576	0.03213229	2.612373
4398	-3396.633	-3655.543	258.9096	1.158287	0.002776272	3.319493
4404	-3419.678	-3678.644	258.9657	1.172464	0.004213067	3.381017
4410	-3419.858	-3678.833	258.9752	0.981208	0.03310342	3.619013
4416	-3413.356	-3671.744	258.3881	1.07789	0.00235676	3.624051
4422	-3418.901	-3677.981	259.08	1.074788	0.01558434	3.52723
4428	-3416.554	-3673.925	257.3715	0.9616641	0.05290914	4.490023
4434	-3406.417	-3663.7	257.2826	0.8833088	0.00873113	4.624413
4440	-3421.084	-3678.977	257.8932	1.003911	0.02663587	4.241109
4446	-3416.907	-3675.463	258.5555	1.018188	0.005760732	3.768956
4452	-3425.921	-3683.681	257.7591	1.008634	0.01109058	4.306473
4458	-3418.161	-3675.556	257.395	0.865972	0.01215677	4.597818
4464	-3432.356	-3689.744	257.388	0.8485708	0.004633756	4.490634
4470	-3416.82	-3675.178	258.3585	1.109315	0.003218522	3.708415
4476	-3407.579	-3665.812	258.2328	0.950964	0.01090955	4.069031
4482	-3411.993	-3670.419	258.4253	1.072307	0.0383791	3.869576
4488	-3433.442	-3691.801	258.359	0.9490925	0.004354743	3.869576
4494	-3432.941	-3691.504	258.563	0.9758668	0.007512047	3.828096
4500	-3428.306	-3687.496	259.1901	1.020077	0.01148589	3.480979
4506	-3419.42	-3678.785	259.3648	1.165669	0.007907599	3.257087
4512	-3407.89	-3666.43	258.5407	1.055174	0.01649751	3.851602
4518	-3420.25	-3678.792	258.5417	1.021955	0.04239066	3.820319
4524	-3418.003	-3675.231	257.2274	0.8139905	0.007111612	4.669954
4530	-3420.178	-3678.416	258.2378	0.9382734	0.01999444	4.092005
4536	-3423.439	-3681.923	258.4841	0.9461097	0.01999444	3.946906
4542	-3421.31	-3679.652	258.3416	0.9801273	0.03857628	3.969815
4548	-3415.209	-3673.099	257.8899	1.005753	0.0040469	4.089948
4554	-3422.397	-3680.891	258.4943	0.979463	0.01620079	3.921396
4560	-3406.37	-3663.707	257.3369	0.9340462	0.01631255	4.603026
4566	-3412.241	-3670.425	258.1838	0.9370138	0.006334164	4.043691
4572	-3409.842	-3667.898	258.056	0.9426008	0.01910513	4.193326
4578	-3408.261	-3666.131	257.8697	0.8909224	0.005919793	4.238001
4584	-3421.187	-3679.698	258.5102	0.8827082	0.04037517	3.924045
4590	-3418.595	-3677.096	258.5012	0.9853009	0.01471245	3.911765
4596	-3416.01	-3673.352	257.3425	1.03527	0.02194627	4.541726
4602	-3414.783	-3674.12	259.3378	1.165022	0.0563802	3.232126
4608	-3398.393	-3656.564	258.1711	1.014369	0.007789483	4.035078
4614	-3416.678	-3674.455	257.7772	1.049475	0.01873542	4.290892
4620	-3411.034	-3670.238	259.2039	1.152614	0.01388677	3.405654
4626	-3416.912	-3675.057	258.145	0.9274854	0.005104457	4.035296
4632	-3422.407	-3681.325	258.9179	1.038086	0.01028235	3.620478
4638	-3417.2	-3676.406	259.2063	1.091262	0.03267705	3.421267
4644	-3416.958	-3676.774	259.8161	1.183457	0.04433395	2.972025
4650	-3420.112	-3678.677	258.5651	1.028541	0.03393007	3.826392
4656	-3426.861	-3683.995	257.1337	1.021224	0.03376958	4.642818
4662	-3414.471	-3671.252	256.7811	0.828	0.01642546	4.972708
4668	-3414.537	-3670.93	256.3928	0.828	0.002051983	4.856251
4674	-3420.773	-3679.104	258.3312	1.0741	0.01329106	3.954323
4680	-3426.167	-3682.832	256.6646	0.8048499	0.004293179	4.904866
4686	-3430.599	-3688.682	258.0829	0.8376318	0.01718951	4.237444
4692	-3423.05	-3680.707	257.6564	1.026885	0.04170848	4.32414
4698	-3432.517	-3691.17	258.653	1.010512	0.04344811	3.759785
4704	-3438.422	-3696.703	258.2814	1.07896	0.08722805	3.812738
4710	-3426.981	-3685.32	258.339	1.04719	0.03523471	3.94201
4716	-3423.942	-3681.105	257.1627	0.9796827	0.02662296	4.666252
4722	-3417.589	-3674.533	256.9443	0.8898167	0.0270933	4.837576
4728	-3427.788	-3685.24	257.4517	0.8666321	0.009305753	4.545203
4734	-3413.901	-3671.341	257.4402	0.8478576	0.02994805	4.577442
4740	-3406.949	-3663.98	257.0309	0.820469	0.009821878	4.811565
4746	-3413.643	-3670.805	257.1615	0.9228761	0.005973498	4.620641
4752	-3418.742	-3675.306	256.5636	0.9705151	0.004296325	4.86897
4758	-3417.053	-3673.899	256.846	0.9723798	0.0262361	4.848042
4764	-3419.016	-3676.556	257.5396	0.9723798	0.00104371	3.885632
4770	-3419.777	-3676.231	256.4542	0.9163162	0.002159498	4.788168
4776	-3418.173	-3675.837	257.6641	0.9146724	0.002914514	4.192047
4782	-3409.05	-3667.324	258.2738	0.9307175	0.002292514	3.766984
4788	-3421.43	-3679.413	257.9824	1.029578	0.01453707	4.18206
4794	-3427.053	-3685.355	258.3019	1.074709	0.02094859	3.976807
4800	-3414.708	-3673.732	259.0239	1.07602	0.01544973	3.558996
4806	-3422.018	-3680.203	258.1852	1.005289	0.06438167	3.971577
4812	-3418.732	-3676.594	257.8622	0.9591428	0.02387342	4.28894
4818	-3417.17	-3674.378	257.2076	0.8970934	0.01243301	4.686625
4824	-3412.24	-3669.321	257.0811	0.9080669	0.02501486	4.754928
4830	-3406.937	-3665.312	258.3757	0.9448855	0.006864935	3.941279
4836	-3406.617	-3666.186	259.569	1.213919	0.02554797	3.15157
4842	-3397.362	-3656.05	258.688	1.130822	0.05811589	3.627517
4848	-3411.844	-3671.447	259.6029	1.177058	0.03084678	3.14137
4854	-3412.514	-3671.005	258.4916	1.14363	0.0262145	3.820545
4860	-3408.723	-3667.695	258.9725	1.075681	0.0352315	3.560063
4866	-3416.995	-3675.246	258.2505	0.9142589	0.008199872	4.05298
4872	-3423.001	-3680.635	257.6341	0.9833403	0.03242065	4.386145
4878	-3427.07	-3684.798	257.7281	0.9035079	0.01154995	4.386145
4884	-3414.151	-3671.077	256.9263	0.9299224	0.01187369	4.822848
4890	-3427.882	-3687.032	259.1503	1.141584	0.04457313	3.391195
4896	-3437.865	-3697.202	259.3367	1.034138	0.02729962	3.391195
4902	-3415.396	-3672.152	256.7556	0.7561911	0.005666697	4.931941
4908	-3426.335	-3683.689	257.3541	0.8579259	0.01881547	4.637002
4914	-3421.209	-3679.294	258.0852	1.03449	0.01384489	4.119088
4920	-3419.354	-3677.533	258.1794	1.035932	0.01060703	4.048927
4926	-3420.465	-3677.562	257.097	0.9245359	0.01307002	4.735682
4932	-3423.335	-3680.129	256.7944	0.9507713	0.001186199	4.372924
4938	-3422.283	-3680.034	257.7509	0.9257782	0.02233316	4.372924
4944	-3425.481	-3683.105	257.6235	0.8743067	0.01423637	4.472063
4950	-3423.833	-3680.332	256.4989	0.8557796	0.02450273	5.108881
4956	-3433.617	-3691.192	257.5746	1.005032	0.009220542	4.397244
4962	-3404.363	-3661.902	257.539	0.9254405	0.007629834	4.441332
4968	-3412.177	-3668.742	256.5649	0.8285428	0.006111363	5.009658
4974	-3416.23	-3673.802	257.5717	0.8923075	0.007039633	4.431165
4980	-3415.03	-3672.489	257.4591	0.899657	0.01256589	4.544722
4986	-3405.588	-3663.094	257.506	0.8196962	0.009677865	4.544722
4992	-3429.379	-3685.187	255.808	0.7882596	0.04899733	5.466695
4998	-3405.553	-3663.17	257.6173	0.9829109	0.007495028	4.36252
5004	-3406.399	-3664.461	258.0621	0.9295488	0.01065554	4.176606
5010	-3411.086	-3668.075	256.9895	0.9432485	0.004295654	4.646228
5016	-3412.134	-3670.76	258.6262	0.9606031	0.02723828	3.846309
5022	-3403.302	-3660.813	257.5111	0.8836088	0.007962773	4.485707
5028	-3426.37	-3684.58	258.21	0.9839469	0.0130572	4.074188
5034	-3415.131	-3672.525	257.3938	0.8459139	0.01576116	4.619945
5040	-3403.36	-3661.492	258.1319	1.014471	0.01746704	4.109281
5046	-3414.814	-3672.395	257.5805	1.032163	0.001754433	4.021673
5052	-3412.717	-3669.442	256.7248	0.9511894	0.001089225	4.378519
5058	-3425.33	-3683.488	258.1578	0.8801241	0.01866905	4.171094
5064	-3415.381	-3672.272	256.8903	0.8228177	0.01864701	4.915647
5070	-3404.956	-3662.866	257.9107	0.8921799	0.01197512	4.291605
5076	-3410.112	-3667.846	257.7337	0.8398176	0.02045264	4.433034
5082	-3414.027	-3671.915	257.8876	0.8419666	0.0115029	4.330542
5088	-3418.523	-3675.664	257.141	0.8628164	0.0115029	4.738409
5094	-3420.962	-3678.056	257.0943	0.9266153	0.01380099	4.738409
5100	-3409.061	-3666.353	257.2919	0.8467972	0.004422672	4.536556
5106	-3425.873	-3683.261	257.3877	0.8809815	0.00383991	4.43376
5112	-3419.571	-3678.662	259.0915	0.9996242	0.006982323	3.498495
5118	-3415.643	-3673.499	257.8557	0.9978151	0.01102153	4.257444
5124	-3428.59	-3687.122	258.5324	1.038846	0.0216208	3.864566
5130	-3417.618	-3676.125	258.5075	1.127955	0.0266207	3.819631
5136	-3423.42	-3682.178	258.7584	0.9143411	0.009977764	3.781652
5142	-3423.524	-3681.015	257.4907	0.8516802	0.007311668	4.504638
5148	-3424.411	-3681.88	257.4691	0.8997466	0.003052739	4.322888
5154	-3417.733	-3676.088	258.355	1.094092	0.00881855	3.898347
5160	-3414.126	-3673.261	259.1355	0.9966785	0.009389723	3.509772
5166	-3416.216	-3675.374	259.158	1.014549	0.02604531	3.509772
5172	-3418.394	-3677.229	258.8342	1.139961	0.00495265	3.509772
5178	-3415.119	-3672.858	257.7392	0.9651061	0.004872058	4.236045
5184	-3412.341	-3669.715	257.3744	0.9226522	0.01105056	4.57145
5190	-3418.059	-3676.129	258.0704	0.9426062	0.007182953	4.123037
5196	-3421.466	-3678.297	256.8312	0.8232352	0.004840959	4.825017
5202	-3424.833	-3681.21	256.3774	0.7111087	0.004474662	5.12465
5208	-3426.352	-3682.897	256.545	0.7665044	0.007127109	5.076949
5214	-3413.448	-3672.132	258.6835	1.059238	0.0153044	3.765555
5220	-3409.288	-3668.01	258.7223	1.045542	0.01387346	3.747865
5226	-3410.513	-3668.441	257.9275	1.097986	0.009380308	4.146369
5232	-3411.26	-3669.221	257.9609	1.041745	0.008279098	4.146369
5238	-3416.798	-3675.72	258.9223	1.018055	0.01389266	3.648189
5244	-3407.072	-3665.534	258.4617	1.057383	0.0358748	3.864058
5250	-3408.384	-3666.303	257.9191	1.04126	0.02676974	4.204949
5256	-3421.652	-3679.508	257.8557	0.9980028	0.01139684	4.259693
5262	-3413.211	-3669.186	255.9748	0.8465437	0.005892069	5.320726
5268	-3408.63	-3666.714	258.0836	0.8986545	0.009905047	4.175935
5274	-3402.639	-3660.217	257.5777	0.9904524	0.01013918	4.41225
5280	-3406.064	-3662.854	256.7897	0.7471647	0.01080148	4.99431
5286	-3421.247	-3679.203	257.956	0.9900475	0.0386623	4.183694
5292	-3408.066	-3667.236	259.1699	1.105768	0.03045291	3.439729
5298	-3419.789	-3679.059	259.2703	1.105768	0.03646456	3.36505
5304	-3427.415	-3685.376	257.9616	1.129843	0.02015718	4.140068
5310	-3416.368	-3675.477	259.1089	1.084091	0.01414497	3.501988
5316	-3421.568	-3680.456	258.8874	1.110742	0.006030724	3.530537
5322	-3414.414	-3673.56	259.1462	1.178324	0.004887821	3.301914
5328	-3414.067	-3673.211	259.1443	1.201607	0.008545102	3.374883
5334	-3415.014	-3673.651	258.6375	1.060854	0.00845276	3.750375
5340	-3416.947	-3675.606	258.6596	0.955088	0.01949343	3.841341
5346	-3418.655	-3677.568	258.9121	0.9447482	0.01237183	3.690866
5352	-3420.413	-3679.434	259.0213	1.077515	0.06426887	3.446824
5358	-3442.041	-3699.04	256.9992	0.9087276	0.06083035	4.706472
5364	-3418.764	-3678.097	259.3327	1.068449	0.01572686	3.383403
5370	-3417.39	-3676.627	259.237	0.9584441	0.02622589	3.496035
5376	-3421.23	-3679.752	258.5226	0.9974684	0.03390115	3.868744
5382	-3415.889	-3674.651	258.7618	1.032252	0.01799522	3.738263
5388	-3427.954	-3686.43	258.4757	1.059694	0.02386423	3.882096
5394	-3424.575	-3682.805	258.2306	0.923003	0.02097381	4.10406
5400	-3424.923	-3682.659	257.7356	0.88283	0.03374599	4.382206
5406	-3414.061	-3671.845	257.7845	0.8581882	0.01831229	4.394876
5412	-3412.774	-3670.835	258.0614	0.9761625	0.02061475	4.170372
5418	-3410.73	-3669.061	258.3315	0.9272113	0.04098006	3.99914
5424	-3407.19	-3665.612	258.4218	0.9900589	0.02785376	3.945332
5430	-3409.606	-3668.116	258.51	0.9900589	0.02501704	3.90046
5436	-3425.415	-3683.415	258.0004	1.028584	0.02213262	4.173675
5442	-3426.827	-3684.726	257.8997	0.9293927	0.01140068	4.273639
5448	-3430.773	-3688.611	257.8382	1.01644	0.01220874	4.263415
5454	-3425.441	-3683.892	258.4509	0.9988727	0.02012694	3.935593
5460	-3428.794	-3686.798	258.0038	0.9708922	0.01614625	4.205899
5466	-3417.211	-3675.023	257.8124	0.8501909	0.008288867	4.339271
5472	-3412.15	-3669.622	257.4721	0.9647792	0.007623283	4.456729
5478	-3415.275	-3672.842	257.5665	0.8703996	0.007623283	4.456729
5484	-3415.752	-3672.262	256.5101	0.7634533	0.03213534	5.137795
5490	-3413.226	-3670.256	257.0301	0.8243954	0.01230868	4.825881
5496	-3416.711	-3673.71	256.9988	0.8719724	0.01551938	4.825881
5502	-3408.009	-3665.686	257.6778	0.8719724	0.0356353	4.416024
5508	-3402.047	-3659.876	257.8282	0.8237887	0.01013276	4.364908
5514	-3404.378	-3662.964	258.5866	1.018972	0.01107335	3.828669
5520	-3412.649	-3671.093	258.4437	1.125524	0.0382849	3.828669
5526	-3423.748	-3683.069	259.3213	1.043082	0.01942246	3.406445
5532	-3409.583	-3668.322	258.7395	0.9797908	0.0104261	3.758518
5538	-3406.039	-3664.339	258.2994	0.9835432	0.0104261	4.008962
5544	-3407.781	-3667.013	259.2321	1.131453	0.04219353	3.356071
5550	-3410.88	-3669.935	259.055	1.059267	0.009502036	3.521355
5556	-3411.403	-3670.304	258.9007	1.126976	0.02252127	3.599961
5562	-3421.134	-3680.196	259.0615	1.141267	0.01082288	3.480965
5568	-3399.562	-3657.848	258.2864	1.023792	0.007531638	3.95961
5574	-3408.599	-3667.742	259.1431	1.045437	0.00729947	3.447716
5580	-3415.034	-3674.376	259.3412	0.9800139	0.01684762	3.431423
5586	-3414.533	-3673.046	258.5134	1.144293	0.04622347	3.755142
5592	-3406.73	-3666.348	259.6185	1.141585	0.02042476	3.17249
5598	-3417.547	-3676.929	259.3821	1.167035	0.007592154	3.240915
5604	-3414.13	-3673.458	259.3282	1.262858	0.002720043	3.002952
5610	-3418.239	-3675.705	257.4663	0.8772806	0.01393312	4.557975
5616	-3410.77	-3669.498	258.7278	1.051554	0.03067979	3.727568
5622	-3409.457	-3668.938	259.4809	1.084583	0.04549626	3.227325
5628	-3410.959	-3669.734	258.7747	1.009385	0.03059255	3.725024
5634	-3405.148	-3661.67	256.5216	0.8522382	0.01267734	5.094716
5640	-3407.261	-3664.853	257.592	0.9303835	0.01043071	4.440361
5646	-3414.438	-3672.412	257.9736	0.9743121	0.0228211	4.218782
5652	-3422.761	-3680.975	258.214	0.9549413	0.02188822	4.094353
5658	-3422.147	-3680.214	258.0668	1.072665	0.06959486	3.986331
5664	-3410.671	-3668.609	257.9381	1.029596	0.03866123	4.17137
5670	-3411.511	-3669.716	258.204	0.9452613	0.005361706	4.000198
5676	-3409.626	-3668.417	258.7906	0.9582885	0.03385951	3.737116
5682	-3401.325	-3660.106	258.7817	1.114563	0.07379687	3.53833
5688	-3406.23	-3664.319	258.0895	1.159715	0.05599329	3.96167
5694	-3403.218	-3662.016	258.7987	0.9779711	0.0201683	3.747637
5700	-3414.016	-3673.704	259.6879	1.129441	0.004559301	2.994938
5706	-3412.6	-3671.412	258.8117	1.019643	0.02428452	3.710992
5712	-3417.099	-3675.287	258.1878	1.019643	0.01081421	4.05492
5718	-3406.066	-3664.72	258.6536	1.064257	0.002165832	3.451627
5724	-3398.026	-3655.76	257.7345	0.813924	0.006339844	4.368683
5730	-3400.03	-3658.01	257.9796	0.948147	0.003976971	4.067904
5736	-3418.545	-3676.265	257.7192	0.821948	0.02576161	4.443947
5742	-3405.272	-3663.908	258.6363	1.064374	0.01417443	3.787383
5748	-3422.468	-3679.376	256.9078	0.8487935	0.02157452	4.889601
5754	-3410.405	-3668.157	257.7526	0.8937226	0.02954413	4.376696
5760	-3413.242	-3671.81	258.5681	0.9886942	0.03156598	3.853569
5766	-3401.476	-3659.271	257.7954	1.008592	0.01347273	4.297069
5772	-3416.121	-3672.201	256.0799	0.7380278	0.01481815	5.408163
5778	-3415.742	-3672.717	256.9745	1.001533	0.0193254	4.768853
5784	-3415.68	-3673.02	257.3407	0.9079619	0.06789748	4.495949
5790	-3406.347	-3665.138	258.7916	1.077095	0.0131278	3.687174
5796	-3410.349	-3667.042	256.6927	0.873795	0.0230493	4.993529
5802	-3413.968	-3672.007	258.0396	0.884928	0.005502969	4.132836
5808	-3409.564	-3667.892	258.3283	0.9969989	0.0162757	4.00642
5814	-3409.034	-3668.307	259.2722	1.095632	0.03162647	3.382782
5820	-3403.856	-3661.768	257.9118	0.9952242	0.01580499	4.243883
5826	-3413.617	-3672.543	258.9257	1.14282	0.08300311	3.412798
5832	-3424.385	-3682.69	258.3058	1.037289	0.02137058	3.995557
5838	-3419.422	-3678.179	258.757	1.082859	0.003808199	3.532977
5844	-3406.693	-3665.342	258.6487	1.044792	0.02888619	3.781336
5850	-3426.852	-3686.231	259.3784	1.003167	0.02541707	3.388723
5856	-3416.17	-3674.022	257.852	0.8619867	0.01289927	4.345937
5862	-3406.171	-3664.138	257.9671	0.9867671	0.03122146	4.198668
5868	-3418.846	-3676.949	258.1028	0.8949616	0.01918122	4.193769
5874	-3413.48	-3670.163	256.6829	0.8697307	0.008990639	4.969736
5880	-3410.101	-3666.44	256.3395	0.9310097	0.00226535	4.85805
5886	-3409.558	-3666.745	257.1873	0.9688336	0.002412325	4.379581
5892	-3421.507	-3679.053	257.5461	0.9463993	0.01411446	4.474706
5898	-3431.752	-3689.455	257.7025	0.911207	0.010066	4.385981
5904	-3420.513	-3677.642	257.1293	0.8136589	0.001671715	4.385513
5910	-3410.381	-3668.034	257.653	0.8832853	0.0493791	4.385513
5916	-3404.556	-3662.26	257.704	0.8963808	0.01074297	4.398654
5922	-3404.729	-3662.45	257.7211	0.9122537	0.02115963	4.398654
5928	-3402.458	-3659.171	256.713	0.8418384	0.02809576	4.990956
5934	-3410.713	-3667.396	256.6832	0.7181805	0.009663774	5.060493
5940	-3410.113	-3667.71	257.5969	1.007251	0.01657469	4.415892
5946	-3432.169	-3690.869	258.7003	1.007251	0.01029534	3.764246
5952	-3416.216	-3673.437	257.2215	0.8838276	0.0311425	4.677064
5958	-3417.397	-3674.345	256.9482	0.9376288	0.008354855	4.77642
5964	-3430.488	-3689.588	259.1003	1.178035	0.003571786	3.260809
5970	-3425.792	-3683.683	257.8906	0.981007	0.004531559	4.127084
5976	-3417.049	-3676.952	259.9033	1.233826	0.02410343	2.942338
5982	-3419.629	-3676.663	257.0344	0.9233579	0.001438749	4.324809
5988	-3430.307	-3687.908	257.6013	0.9233579	0.01429401	4.457082
5994	-3416.301	-3675.107	258.8066	1.019963	0.01245902	3.708811
6000	-3422.031	-3680.747	258.7156	1.142762	0.007544255	3.644217
6006	-3418.12	-3676.354	258.234	1.011753	0.007170463	3.990074
6012	-3410.065	-3668.046	257.9812	0.9629692	0.04109418	4.178019
6018	-3423.141	-3681.403	258.262	0.9923408	0.03453434	4.019224
6024	-3420.932	-3680.636	259.7038	1.126375	0.02699046	3.120496
6030	-3416.452	-3675.413	258.9607	1.086185	0.01922547	3.591717
6036	-3423.674	-3679.992	256.3177	0.8189488	0.003899864	5.06979
6042	-3424.034	-3680.912	256.8789	0.880921	0.03533421	4.859578
6048	-3418	-3675.824	257.8236	0.904218	0.02683043	4.336508
6054	-3417.583	-3675.993	258.4101	1.058036	0.02585898	3.91717
6060	-3417.225	-3674.744	257.5191	1.09001	0.005387743	4.308126
6066	-3404.677	-3662.264	257.5868	0.9675723	0.00466337	4.31263
6072	-3406.747	-3664.049	257.3022	0.885356	0.007435189	4.593777
6078	-3407.97	-3664.76	256.7904	0.8622704	0.005042988	4.833494
6084	-3403.989	-3660.308	256.319	0.7962427	0.002176172	4.932738
6090	-3417.036	-3675.504	258.4683	0.9228567	0.004845679	3.843036
6096	-3418.992	-3677.954	258.9615	1.087329	0.008406249	3.546686
6102	-3419.822	-3678.799	258.9766	1.148009	0.01872695	3.546686
6108	-3422.758	-3682.644	259.8853	1.148009	0.02062915	3.009298
6114	-3416.403	-3675.317	258.9134	1.148009	0.0472916	3.518016
6120	-3427.746	-3687.039	259.2921	1.092957	0.06644958	3.272424
6126	-3427.842	-3687.092	259.2507	1.13979	0.05154265	3.312766
6132	-3410.162	-3669.051	258.8895	1.096124	0.03485809	3.597409
6138	-3414.582	-3670.912	256.3298	0.8569589	0.007216394	5.147655
6144	-3408.929	-3665.557	256.6283	0.8946642	0.02051462	5.020483
6150	-3415.039	-3673.133	258.0945	0.9211409	0.0178041	4.183743
6156	-3403.422	-3660.964	257.5415	0.9090682	0.004464164	4.362724
6162	-3429.714	-3687.873	258.1592	1.072154	0.01777172	4.060986
6168	-3419.037	-3677.243	258.2063	0.945366	0.02668163	4.096378
6174	-3419.453	-3677.68	258.2276	0.9490788	0.006888927	4.024061
6180	-3428.266	-3685.906	257.6398	0.8690277	0.01655588	4.469579
6186	-3415.615	-3673.22	257.6052	0.9231152	0.00524726	4.349154
6192	-3417.803	-3674.529	256.7259	1.039503	0.0235583	4.882105
6198	-3425.885	-3682.758	256.8731	0.8986186	0.01633488	4.882105
6204	-3429.083	-3687.393	258.31	1.223563	0.1650037	3.539141
6210	-3421.168	-3679.626	258.4574	0.8774945	0.01363708	3.99571
6216	-3420.209	-3677.665	257.4555	0.8290224	0.01051197	4.57474
6222	-3411.908	-3671.679	259.771	1.182688	0.01018839	3.032331
6228	-3421.918	-3681.38	259.4617	1.160638	0.006792434	3.182112
6234	-3421.919	-3680.393	258.473	1.160638	0.003380871	3.624609
6240	-3409.69	-3669.149	259.4586	1.095901	0.04592541	3.232582
6246	-3415.662	-3673.479	257.8169	0.9220235	0.008361009	4.297088
6252	-3405.908	-3664.489	258.581	1.025678	0.03733048	3.80975
6258	-3439.611	-3697.301	257.6903	0.8470281	0.03970583	4.412119
6264	-3424.779	-3681.509	256.7294	0.7603138	0.01514197	5.037326
6270	-3429.362	-3686.902	257.5401	0.8417748	0.005762722	4.447673
6276	-3412.769	-3670.523	257.754	0.9499255	0.0500786	4.288798
6282	-3425.54	-3684.927	259.3867	1.25591	0.0243291	3.236984
6288	-3423.319	-3681.729	258.4102	1.05778	0.03254735	3.902136
6294	-3419.696	-3676.467	256.7707	0.8068965	0.01468973	4.987634
6300	-3411.232	-3668.208	256.9761	0.8576969	0.01185616	4.835226
6306	-3421.55	-3678.29	256.7401	0.8607645	0.07674605	4.835226
6312	-3413.795	-3672.815	259.0204	1.121031	0.04246273	3.485363
6318	-3412.558	-3671.428	258.8694	0.9513585	0.01601223	3.721549
6324	-3411.731	-3671.475	259.7438	1.132313	0.006668083	3.028075
6330	-3419.713	-3678.09	258.3776	1.019675	0.01189506	3.952937
6336	-3420.976	-3677.318	256.3418	0.8096118	0.002271791	4.925232
6342	-3411.783	-3667.916	256.1334	0.8153531	0.03063836	5.320897
6348	-3406.239	-3663.245	257.0059	0.8326657	0.02220573	4.843185
6354	-3407.949	-3664.449	256.4995	0.8109634	0.01213885	5.12751
6360	-3417.37	-3675.01	257.6397	0.9915805	0.01499328	4.398479
6366	-3419.723	-3677.254	257.5309	0.8847777	0.00345734	4.326855
6372	-3417.076	-3675.036	257.9606	0.9190878	0.03215298	4.238441
6378	-3413.299	-3671.573	258.2738	1.020007	0.04448413	3.969138
6384	-3431.55	-3688.541	256.9917	0.8058172	0.02150694	4.866863
6390	-3409.004	-3666.452	257.4486	0.8702708	0.04082111	4.532015
6396	-3425.09	-3683.032	257.9417	1.001555	0.01911413	4.224732
6402	-3404.847	-3662.469	257.6224	0.9833932	0.01327134	4.408355
6408	-3414.717	-3672.148	257.4303	1.012599	0.02971024	4.490954
6414	-3411.886	-3670.529	258.6432	1.015765	0.02026027	3.815429
6420	-3400.154	-3658.191	258.0378	0.9233899	0.009912834	4.187974
6426	-3409.494	-3667.184	257.6897	0.9898906	0.01912543	4.373946
6432	-3415.811	-3675.341	259.5297	1.255484	0.02201108	3.155957
6438	-3413.19	-3672.462	259.2712	1.211316	0.009992894	3.310296
6444	-3411.415	-3670.092	258.677	1.022027	0.007403901	3.733942
6450	-3427.359	-3683.215	255.8565	0.8222517	0.001377081	5.025354
6456	-3434.376	-3690.701	256.3252	0.8084	0.009304442	5.205393
6462	-3429.589	-3685.854	256.2652	0.7938823	0.006559947	5.205393
6468	-3415.685	-3673.311	257.6252	0.9561335	0.01760587	4.429348
6474	-3416.41	-3675.1	258.6904	0.890393	0.03422698	3.833017
6480	-3407.207	-3664.646	257.4387	0.9411965	0.01329907	4.53564
6486	-3403.194	-3660.365	257.1713	0.9411965	0.01033429	4.669826
6492	-3415.132	-3673.746	258.6144	1.032006	0.009118854	3.788368
6498	-3413.035	-3671.949	258.9143	1.020095	0.03075922	3.63768
6504	-3413.482	-3671.082	257.5997	0.9554202	0.01360428	4.438003
6510	-3412.512	-3670.433	257.9203	0.9438663	0.009441542	4.238608
6516	-3411.571	-3668.93	257.3588	0.9438663	0.02625916	4.577079
6522	-3410.882	-3667.696	256.814	0.8689289	0.006849105	4.865133
6528	-3411.447	-3669.234	257.7869	0.8899262	0.02055202	4.374673
6534	-3415.678	-3674.231	258.5532	0.9514216	0.01877891	3.904762
6540	-3407.244	-3665.714	258.47	1.016759	0.0267386	3.904762
6546	-3410.742	-3668.997	258.255	0.9349293	0.003746668	3.904762
6552	-3420.366	-3678.476	258.1101	0.8567972	0.01906864	4.21134
6558	-3424.102	-3683.087	258.9853	0.9282265	0.009250912	3.635452
6564	-3410.504	-3669.725	259.2211	0.9953201	0.01533341	3.490905
6570	-3406.655	-3664.145	257.4902	0.8602598	0.00601627	4.472272
6576	-3420.168	-3678.085	257.9166	0.8602598	0.01346731	4.312409
6582	-3416.102	-3673.405	257.3024	0.941606	0.0220814	4.616669
6588	-3407.713	-3665.114	257.4012	0.982246	0.01102252	4.522704
6594	-3405.514	-3664.932	259.4176	1.132318	0.008909543	3.259342
6600	-3420.446	-3679.018	258.5721	1.090767	0.03518309	3.783242
6606	-3419.183	-3678.325	259.1426	1.015106	0.02999937	3.509702
6612	-3418.977	-3678.358	259.3812	1.243092	0.02709686	3.242407
6618	-3420.029	-3678.106	258.0763	1.047392	0.02140537	4.120639
6624	-3418.606	-3676.891	258.2849	0.8615009	0.008651	4.069403
6630	-3412.502	-3669.19	256.6885	0.8851805	0.001420827	4.536786
6636	-3431.425	-3688.344	256.9192	0.8184097	0.02695718	4.891595
6642	-3428.517	-3687.515	258.998	1.175993	0.01213237	3.505569
6648	-3420.418	-3678.915	258.4963	1.048958	0.0094179	3.849725
6654	-3417.682	-3675.895	258.2121	0.9346723	0.04572662	4.049602
6660	-3426.442	-3684.593	258.1513	0.9944842	0.01027097	4.086001
6666	-3422.226	-3680.966	258.7396	1.122424	0.04675572	3.635452
6672	-3423.914	-3682.308	258.3943	1.145749	0.00107883	3.302047
6678	-3424.873	-3683.718	258.8447	1.200619	0.001363864	3.096857
6684	-3422.846	-3682.663	259.8172	1.163061	0.01182056	3.027793
6690	-3432.642	-3692.448	259.8058	1.158752	0.03217744	3.027793
6696	-3422.01	-3681.046	259.036	1.164772	0.001451207	3.027793
6702	-3423.402	-3683.565	260.1633	1.015615	0.01101233	2.903283
6708	-3430.939	-3690.126	259.1873	1.019548	0.01413487	3.49388
6714	-3422.696	-3683.651	260.9551	1.395519	0.008101899	2.139344
6720	-3417.752	-3676.281	258.5287	0.9664516	0.01547997	3.908194
6726	-3410.001	-3668.312	258.3111	0.9666032	0.02580092	4.026241
6732	-3414.756	-3674.839	260.0835	1.196247	0.04341993	2.80534
6738	-3404.499	-3663.506	259.0072	1.045061	0.05479722	3.501406
6744	-3410.847	-3669.678	258.8309	1.045061	0.01521918	3.688474
6750	-3405.456	-3664.034	258.5782	0.9966766	0.01755921	3.864361
6756	-3409.607	-3667.898	258.291	0.9563998	0.01291988	4.043191
6762	-3415.043	-3671.499	256.4558	0.8902654	0.002319357	4.822761
6768	-3425.316	-3682.166	256.8497	0.9635578	0.03799151	4.822761
6774	-3426.887	-3684.311	257.4235	0.8705994	0.01338143	4.584117
6780	-3422.135	-3681.193	259.0577	1.019065	0.01211884	3.562142
6786	-3417.053	-3676.012	258.9595	1.092252	0.006385361	3.508277
6792	-3426.457	-3684.411	257.954	1.013925	0.001366359	3.729044
6798	-3414.576	-3672.146	257.5703	0.8855862	0.002354936	4.202968
6804	-3418.958	-3675.708	256.7493	0.9031538	0.01271508	4.940132
6810	-3405.285	-3662.749	257.4642	0.8691625	0.008961351	4.533068
6816	-3407.386	-3664.097	256.7117	0.9477814	0.01990713	4.945013
6822	-3428.778	-3685.871	257.0935	0.9401381	0.05525843	4.651553
6828	-3425.344	-3683.396	258.0522	0.9221163	0.01894849	4.207184
6834	-3428.399	-3686.06	257.6612	0.9243267	0.02816129	4.414055
6840	-3418.763	-3676.723	257.9605	1.095777	0.00604617	4.073298
6846	-3419.632	-3678.757	259.1245	0.9493098	0.01998945	3.575674
6852	-3417.44	-3676.142	258.7022	1.016786	0.03416219	3.753584
6858	-3422.808	-3680.406	257.5976	1.034502	0.06295068	4.293196
6864	-3443.418	-3702.716	259.2976	0.9740647	0.007568895	3.403821
6870	-3425.565	-3685.563	259.9975	1.205705	0.01068299	2.886223
6876	-3418.457	-3676.663	258.2065	1.036725	0.02304555	4.050492
6882	-3414.643	-3673.647	259.0041	1.031706	0.01482643	3.595087
6888	-3407.34	-3666.052	258.7124	1.016009	0.01864692	3.77615
6894	-3414.245	-3671.519	257.2736	0.8790418	0.006393833	4.592683
6900	-3408.854	-3668.381	259.5273	1.063382	0.01743781	3.273438
6906	-3417.127	-3676.571	259.4441	1.018757	0.008018344	3.298691
6912	-3425.493	-3683.432	257.9385	0.897903	0.003757326	4.107351
6918	-3419.61	-3677.354	257.7439	0.947541	0.005231025	4.256329
6924	-3424.484	-3682.529	258.0449	1.032799	0.01311709	4.140623
6930	-3408.125	-3664.641	256.5158	0.8730361	0.0174689	5.095643
6936	-3400.272	-3658.476	258.2042	0.9072706	0.01771493	4.129247
6942	-3400.765	-3658.519	257.7543	1.012518	0.04680983	4.262486
6948	-3412.287	-3669.074	256.787	0.7591208	0.02399468	5.003441
6954	-3420.539	-3678.892	258.353	0.8854426	0.009830815	4.02941
6960	-3412.033	-3669.819	257.7862	1.0224	0.01715796	4.300827
6966	-3406.651	-3664.975	258.3249	0.9525981	0.03097132	4.015054
6972	-3414.834	-3671.081	256.2469	0.917386	0.01115037	5.203107
6978	-3409.108	-3666.442	257.3341	0.8943634	0.01846884	4.627781
6984	-3421.472	-3678.189	256.7168	0.9357922	0.009976374	4.92366
6990	-3425.244	-3684.836	259.5918	1.321817	0.05257953	2.998761
6996	-3409.75	-3669.539	259.7881	1.189514	0.008438128	2.998761
7002	-3420.399	-3677.695	257.2969	0.9848494	0.0134873	4.591384
7008	-3429.315	-3687.428	258.1133	0.9848494	0.01999308	4.136341
7014	-3417.061	-3675.796	258.7349	1.075351	0.04660243	3.665914
7020	-3405.146	-3663.993	258.8469	1.080492	0.01679852	3.66064
7026	-3407.206	-3664.595	257.389	0.9663575	0.004319463	4.409811
7032	-3408.01	-3666.307	258.2972	1.167001	0.03545335	3.896694
7038	-3407.384	-3667.321	259.9366	1.401967	0.07429641	2.676383
7044	-3414.239	-3670.408	256.1692	0.8530931	0.004230715	5.150169
7050	-3420.606	-3679.876	259.27	1.217839	0.006787933	3.261635
7056	-3423.134	-3682.206	259.072	1.169251	0.06402242	3.364036
7062	-3416.119	-3674.481	258.3625	1.047752	0.01692443	3.95841
7068	-3415.662	-3674.188	258.526	1.021158	0.009265043	3.847035
7074	-3408.798	-3667.104	258.3066	0.9530712	0.02462397	4.038672
7080	-3421.479	-3677.891	256.4114	0.9275736	0.009449971	5.093068
7086	-3417.012	-3674.244	257.2313	0.8597626	0.008949205	4.668878
7092	-3420.024	-3676.933	256.9089	0.8115533	0.03183986	4.890296
7098	-3426.482	-3684.868	258.3862	0.9942353	0.03183986	3.954066
