Iteration	Posterior	Likelihood	Prior	rate_log_sd	rate_neo	tree_length
0	-3400.937	-3661.261	260.3242	1.191401	0.01371324	2.711775
6	-3407.459	-3667.509	260.0505	1.227105	0.01152771	2.846942
12	-3401.884	-3659.908	258.0235	0.9646636	0.02316068	4.195462
18	-3404.769	-3663.328	258.5594	0.9720732	0.004356867	3.74106
24	-3419.021	-3677.464	258.4428	0.945769	0.01240226	3.960376
30	-3416.635	-3674.305	257.6697	1.074447	0.0009391897	3.707642
36	-3414.521	-3672.647	258.1255	0.9878589	0.002237582	3.812168
42	-3425.344	-3683.841	258.4972	1.083196	0.006098495	3.774327
48	-3426.105	-3684.794	258.6882	1.040754	0.02116632	3.774327
54	-3412.366	-3670.368	258.0019	0.9601943	0.01307438	4.206116
60	-3415.461	-3672.724	257.2628	0.8953063	0.006061924	4.581562
66	-3421.851	-3680.871	259.0191	1.123651	0.0239612	3.530912
72	-3424.654	-3683.543	258.8893	1.008958	0.005059849	3.55805
78	-3418.506	-3676.402	257.8962	1.050155	0.03542672	4.19222
84	-3432.937	-3690.659	257.7215	0.9065896	0.01945738	4.402854
90	-3421.191	-3680.284	259.0931	1.115697	0.01388923	3.492067
96	-3418.259	-3677.058	258.7983	1.005582	0.01093678	3.713442
102	-3414.395	-3673.202	258.8068	1.013505	0.02642848	3.713442
108	-3421.471	-3679.095	257.6232	0.840527	0.01861019	4.495694
114	-3415.637	-3673.644	258.0066	0.8836803	0.00355969	4.06427
120	-3420.076	-3678.84	258.7644	1.017023	0.01092696	3.726322
126	-3411.838	-3669.424	257.5863	0.9109036	0.006791248	4.407526
132	-3418.228	-3676.346	258.118	0.9040239	0.01390287	4.174787
138	-3419.317	-3677.281	257.9635	1.039891	0.02128059	4.18914
144	-3421.073	-3678.559	257.4857	0.9218605	0.01661763	4.526606
150	-3420.201	-3678.549	258.348	0.9037901	0.01592063	4.047997
156	-3415.036	-3672.359	257.3233	0.8797612	0.02060561	4.641098
162	-3407.822	-3664.942	257.1197	0.9985854	0.007972586	4.641098
168	-3414.517	-3672.034	257.5176	0.9876843	0.02199628	4.469928
174	-3424.205	-3682.046	257.8411	0.8836469	0.02987251	4.331674
180	-3412.458	-3670.3	257.8427	0.9094167	0.02111973	4.331674
186	-3406.146	-3664.03	257.8847	0.9346969	0.02779575	4.282727
192	-3412.866	-3671.042	258.1757	1.033993	0.02501375	4.066453
198	-3415.501	-3673.28	257.7787	0.9925552	0.005874145	4.230728
204	-3413.925	-3671.852	257.9273	0.8688397	0.02718971	4.297134
210	-3419.121	-3677.3	258.1791	1.009855	0.01171765	4.071015
216	-3417.073	-3673.987	256.9145	0.887005	0.01332901	4.859373
222	-3418.733	-3676.056	257.3233	0.8956641	0.01887238	4.633082
228	-3410.465	-3668.826	258.3613	0.9187231	0.007299007	3.972829
234	-3412.978	-3669.759	256.7809	0.834598	0.00820468	4.925104
240	-3425.558	-3683.122	257.5644	0.9844831	0.005674519	4.350916
246	-3426.057	-3683.847	257.7896	0.9032947	0.01731376	4.366338
252	-3427.127	-3683.79	256.663	0.8612186	0.02079508	5.019564
258	-3423.772	-3680.419	256.647	0.8146777	0.008930348	5.019564
264	-3414.81	-3671.798	256.9875	0.8948757	0.01781932	4.821281
270	-3414.68	-3673.12	258.4398	0.9766346	0.05711804	3.862631
276	-3430.195	-3689.455	259.2598	1.10016	0.05711804	3.314285
282	-3426.354	-3683.846	257.4921	1.0235	0.03683444	4.432109
288	-3414.984	-3673.78	258.7963	1.151779	0.03683444	3.613815
294	-3417.414	-3675.778	258.3642	1.02654	0.02771605	3.957765
300	-3420.706	-3679.966	259.2597	1.144864	0.02811909	3.369624
306	-3419.79	-3678.687	258.8967	0.9436747	0.03287366	3.686822
312	-3415.105	-3673.93	258.8245	1.039291	0.01597993	3.696641
318	-3414.029	-3672.287	258.258	0.9760407	0.0240507	4.054239
324	-3421.403	-3678.946	257.5438	0.8763459	0.0175132	4.520045
330	-3418.953	-3676.268	257.3155	0.9009089	0.005104267	4.520045
336	-3420.161	-3678.098	257.9372	0.9276365	0.002576226	3.995748
342	-3419.902	-3678.061	258.1591	0.9623198	0.004797213	3.995748
348	-3409.19	-3667.513	258.3234	0.9081839	0.01276748	4.051653
354	-3413.306	-3670.672	257.3661	0.9490099	0.0426131	4.529143
360	-3404.68	-3663.037	258.3568	0.9923553	0.03729866	3.957628
366	-3414.714	-3673.096	258.3811	0.9674749	0.01856464	3.994097
372	-3420.89	-3678.738	257.8481	0.9827549	0.02630377	4.279255
378	-3419.857	-3677.081	257.2238	0.8759597	0.0203263	4.699125
384	-3431.35	-3690.377	259.0275	1.138744	0.0295794	3.505746
390	-3430.824	-3689.398	258.5747	1.095439	0.007187655	3.74669
396	-3418.463	-3677.304	258.8404	1.156325	0.0258153	3.612459
402	-3428.799	-3687.665	258.8664	1.030381	0.02852814	3.664693
408	-3412.098	-3669.53	257.4316	0.9267865	0.008379608	4.511957
414	-3413.677	-3672.155	258.478	1.009415	0.007343152	3.854737
420	-3430.678	-3689.37	258.6922	0.8996397	0.01813278	3.854737
426	-3417.75	-3676.393	258.6432	1.081428	0.01415588	3.773528
432	-3398.159	-3655.901	257.7418	0.8223144	0.005693388	4.342869
438	-3400.098	-3658.632	258.5342	1.018938	0.003490097	3.678986
444	-3407.244	-3665.923	258.6789	1.046671	0.05901236	3.678986
450	-3415.924	-3674.658	258.7343	1.064123	0.007548092	3.678986
456	-3416.805	-3675.596	258.7913	1.100642	0.02224867	3.678986
462	-3412.128	-3669.48	257.3518	1.027199	0.02136366	4.541651
468	-3425.162	-3681.328	256.1657	0.8460584	0.009029028	5.269858
474	-3417.755	-3675.877	258.1223	0.9183082	0.02261561	4.166432
480	-3437.829	-3697.051	259.2223	1.210737	0.07928196	3.208148
486	-3428.786	-3686.907	258.1206	0.9173466	0.01751043	4.170992
492	-3428.273	-3686.985	258.7116	0.9738003	0.01154423	3.785605
498	-3427.103	-3685.369	258.2665	1.002291	0.03989576	3.996439
504	-3423.324	-3681.254	257.9304	0.9686898	0.02295436	4.246314
510	-3406.643	-3664.526	257.8827	1.020759	0.02074121	4.246314
516	-3416.01	-3675.566	259.5561	1.043418	0.007451199	3.208579
522	-3416.247	-3675.255	259.0078	1.03752	0.03406919	3.564819
528	-3426.48	-3685.479	258.9982	1.225076	0.03406919	3.461091
534	-3405.877	-3665.089	259.2124	1.05809	0.01677464	3.461091
540	-3412.807	-3672.267	259.4598	1.156546	0.04093911	3.210638
546	-3412.824	-3671.571	258.7473	1.132327	0.03060668	3.669777
552	-3426.875	-3685.454	258.5783	1.103543	0.1082704	3.574666
558	-3413.969	-3672.519	258.5499	1.028129	0.01632424	3.861718
564	-3423.633	-3682.997	259.3647	1.057252	0.00992042	3.345289
570	-3427.291	-3685.438	258.1477	1.053374	0.004685424	3.94558
576	-3412.891	-3671.286	258.3954	0.9754029	0.03716722	3.94558
582	-3406.094	-3663.985	257.8913	0.9983106	0.02220554	4.252661
588	-3415.804	-3673.281	257.4775	0.9785268	0.04720563	4.436976
594	-3418.43	-3676.017	257.5866	0.9386501	0.03287589	4.436976
600	-3425.414	-3682.858	257.4436	0.8763518	0.02765505	4.564569
606	-3411.364	-3668.379	257.0157	0.9049295	0.01876649	4.799943
612	-3405.312	-3663.187	257.8754	0.902349	0.01538046	4.316456
618	-3414.376	-3671.466	257.0899	0.9405473	0.01053383	4.717284
624	-3413.283	-3671.007	257.7247	0.8621217	0.01053383	4.404813
630	-3418.792	-3676.077	257.2846	0.7964206	0.003566158	4.522695
636	-3414.309	-3671.148	256.8384	0.8537455	0.002872877	4.687963
642	-3415.689	-3673.963	258.2744	1.061292	0.0105212	3.97955
648	-3414.786	-3671.063	256.2769	0.9005464	0.02817488	5.200025
654	-3397.336	-3653.688	256.3523	0.8055944	0.01243312	5.213269
660	-3412.542	-3670.703	258.1609	0.9249266	0.004480133	4.002647
666	-3412.637	-3670.708	258.0704	1.064775	0.01284879	4.106903
672	-3400.942	-3658.246	257.3042	0.8968774	0.01116754	4.626001
678	-3392.096	-3649.984	257.8879	0.8770033	0.009908442	4.299166
684	-3419.946	-3677.705	257.7596	0.9238767	0.01851644	4.371838
690	-3418.981	-3676.123	257.1419	0.8952271	0.002126878	4.409561
696	-3416.732	-3675.47	258.7378	0.97743	0.02049377	3.782836
702	-3408.298	-3666.258	257.9599	1.031647	0.006262956	4.11564
708	-3409.534	-3667.219	257.6847	1.019843	0.02223519	4.357328
714	-3408.687	-3666.097	257.4103	1.017114	0.03798353	4.478688
720	-3413.706	-3670.741	257.0354	0.9554093	0.006431505	4.684262
726	-3406.024	-3663.223	257.1981	0.9034385	0.02894779	4.684262
732	-3433.885	-3692.79	258.9046	1.172953	0.02095048	3.572765
738	-3423.042	-3682.503	259.4609	1.100963	0.02214934	3.28793
744	-3413.971	-3673.147	259.176	1.188987	0.03576555	3.373518
750	-3407.619	-3665.794	258.175	0.9695327	0.02101116	4.109184
756	-3413.784	-3671.837	258.0524	0.9671435	0.05024782	4.109184
762	-3415.349	-3672.759	257.4104	0.9771749	0.03244728	4.515543
768	-3425.378	-3685.318	259.94	1.230675	0.01014896	2.901484
774	-3413.454	-3673.815	260.3615	1.163596	0.01397759	2.706772
780	-3404.775	-3664.702	259.9276	1.267295	0.01466151	2.909463
786	-3401.692	-3661.531	259.8383	1.217428	0.004377755	2.842433
792	-3407.386	-3667.388	260.002	1.272651	0.002961585	2.611072
798	-3411.347	-3671.164	259.817	1.183153	0.007422232	2.969043
804	-3392.738	-3652.037	259.2996	1.183153	0.007695145	3.281807
810	-3403.708	-3663.673	259.9653	1.264828	0.04554238	2.829071
816	-3410.654	-3669.596	258.9416	1.081588	0.01309917	3.597519
822	-3434.869	-3692.318	257.4492	1.069671	0.01116147	4.447378
828	-3427.003	-3684.231	257.228	0.9528316	0.003287657	4.447378
834	-3419.319	-3676.336	257.0165	0.8443414	0.03876656	4.794136
840	-3417.939	-3674.788	256.8498	0.8547242	0.0495653	4.851419
846	-3422.073	-3679.812	257.7389	1.009417	0.03158047	4.314272
852	-3422.689	-3680.033	257.3438	0.9720202	0.01369782	4.572892
858	-3424.125	-3681.7	257.5743	0.9185817	0.007944666	4.430165
864	-3414.948	-3673.166	258.2181	0.9534255	0.04461424	4.038629
870	-3426.584	-3683.47	256.8857	1.105019	0.002184681	4.443826
876	-3420.424	-3679.09	258.6664	1.169469	0.03642357	3.679974
882	-3425.106	-3682.581	257.4751	0.9512761	0.01091631	4.497854
888	-3417.826	-3676.356	258.5297	1.078517	0.007399287	3.786251
894	-3408.808	-3666.896	258.0879	0.9029984	0.01687634	4.19736
900	-3405.968	-3664.513	258.5451	1.024588	0.01758458	3.867345
906	-3410.538	-3668.996	258.4583	0.9520453	0.003528262	3.764026
912	-3424.066	-3682.976	258.9103	1.076001	0.01022912	3.602464
918	-3427.503	-3686.498	258.9948	1.030291	0.01545946	3.602464
924	-3427.313	-3685.824	258.5104	0.9730443	0.009925262	3.890019
930	-3430.189	-3686.406	256.2169	0.8316948	0.003609771	5.101643
936	-3429.924	-3686.503	256.5795	0.7451735	0.009514645	5.101643
942	-3436.299	-3693.095	256.796	0.9023264	0.04020053	4.88087
948	-3421.222	-3678.028	256.8063	0.9758104	0.04347905	4.825148
954	-3416.294	-3673.281	256.9863	0.8637575	0.01165647	4.825148
960	-3421.329	-3677.668	256.3393	0.9246453	0.002935998	4.932466
966	-3416.643	-3674.005	257.3629	0.8909359	0.01015692	4.589235
972	-3417.336	-3675.032	257.6961	0.9800952	0.01913094	4.375829
978	-3407.899	-3666.231	258.3323	0.979143	0.0100646	3.989736
984	-3411.708	-3669.963	258.2546	1.057497	0.008359044	3.97102
990	-3421.711	-3679.305	257.5931	1.013046	0.04328231	4.363301
996	-3411.007	-3669.527	258.5194	1.057908	0.007526731	3.806249
1002	-3429.46	-3688.354	258.8948	1.099281	0.009456474	3.590831
1008	-3402.936	-3660.903	257.9666	1.033265	0.01801099	4.192738
1014	-3408.039	-3666.496	258.4577	1.014805	0.02549545	3.915384
1020	-3409.086	-3666.757	257.6709	0.9713615	0.02549545	4.387399
1026	-3412.735	-3670.49	257.7556	1.041965	0.009443332	4.276358
1032	-3408.928	-3668.232	259.3041	1.251817	0.03107559	3.273505
1038	-3406.69	-3666.032	259.3414	1.113872	0.0108176	3.332959
1044	-3417.928	-3677.475	259.5467	1.249425	0.0160016	3.150585
1050	-3410.242	-3668.336	258.0937	1.064068	0.01194721	4.089969
1056	-3428.916	-3686.49	257.5741	0.9338096	0.009282665	4.438292
1062	-3427.965	-3686.468	258.5029	1.02787	0.01636182	3.888882
1068	-3421.002	-3679.165	258.1631	0.95288	0.002952367	3.888882
1074	-3418.744	-3676.438	257.6934	0.8641152	0.01878542	4.442856
1080	-3431.586	-3688.508	256.9218	0.7901184	0.01071279	4.896302
1086	-3424.464	-3681.856	257.3928	0.8871004	0.001354403	4.120047
1092	-3429.806	-3687.423	257.617	1.04951	0.001895205	4.016345
1098	-3410.951	-3670.401	259.4499	1.202648	0.04711977	3.170911
1104	-3411.913	-3671.493	259.5802	1.202648	0.004924436	3.031221
1110	-3415.247	-3674.747	259.4999	1.202648	0.005309735	3.093545
1116	-3409.967	-3669.435	259.4677	1.066823	0.01262605	3.296541
1122	-3409.311	-3667.684	258.3733	1.047023	0.02387303	3.948078
1128	-3411.592	-3670.064	258.4721	0.9446631	0.02387303	3.950115
1134	-3425.422	-3683.52	258.0985	0.916954	0.009017244	4.148235
1140	-3408.96	-3666.434	257.4732	0.9303033	0.0150985	4.526915
1146	-3410.898	-3668.62	257.7218	0.9188116	0.01864701	4.396038
1152	-3424.645	-3682.765	258.1207	0.8084702	0.01230996	4.22164
1158	-3421.016	-3679.997	258.9807	1.104274	0.02203625	3.567255
1164	-3407.926	-3665.726	257.8003	0.9253725	0.009640036	4.318945
1170	-3423.397	-3681.178	257.7815	0.9285404	0.01527902	4.35456
1176	-3422.607	-3682.049	259.4419	1.060403	0.01687456	3.325181
1182	-3426.582	-3684.883	258.301	1.011995	0.03711556	3.978793
1188	-3420.656	-3678.934	258.2781	1.14138	0.08311798	3.789358
1194	-3418.333	-3676.917	258.5849	1.086461	0.01121715	3.791721
1200	-3413.746	-3670.149	256.4033	0.9858455	0.004637582	4.964706
1206	-3420.33	-3675.878	255.5481	0.7836488	0.02012527	5.67784
1212	-3419.038	-3674.526	255.4884	0.8442535	0.01748435	5.67784
1218	-3427.371	-3684.836	257.4658	0.9560853	0.01748435	4.519072
1224	-3421.407	-3678.005	256.5977	0.94948	0.002289589	4.706674
1230	-3426.984	-3685.894	258.9096	0.9776269	0.04025061	3.639551
1236	-3432.726	-3690.211	257.485	0.9196608	0.01525963	4.526554
1242	-3427.176	-3684.082	256.9062	0.9685919	0.006653765	4.754004
1248	-3418.16	-3676.369	258.2088	0.8097832	0.01122802	4.165095
1254	-3430.965	-3689.15	258.1849	0.8910628	0.02654333	4.139746
1260	-3418.314	-3678.174	259.8597	1.270452	0.03143139	2.930246
1266	-3414.16	-3673.316	259.1561	1.108977	0.01624021	3.463745
1272	-3430.639	-3689.288	258.6493	0.878756	0.008631889	3.850758
1278	-3425.548	-3684.134	258.5861	1.01263	0.01854802	3.850758
1284	-3432.199	-3690.692	258.493	1.078525	0.02920055	3.850758
1290	-3417.701	-3676.971	259.2693	1.096263	0.01548495	3.403904
1296	-3403.727	-3662.487	258.76	0.9604574	0.005103403	3.662835
1302	-3417.49	-3676.464	258.9733	0.9434502	0.01427023	3.662835
1308	-3405.768	-3664.63	258.8618	1.050062	0.01331965	3.662835
1314	-3436.365	-3694.544	258.1797	1.025941	0.06130293	3.97157
1320	-3423.006	-3680.644	257.6387	0.9901054	0.02352143	4.398301
1326	-3422.827	-3680.261	257.4346	0.8494253	0.02352143	4.59224
1332	-3410.766	-3668.427	257.6602	0.851141	0.006461247	4.392401
1338	-3415.136	-3672.759	257.6226	0.9279837	0.01694698	4.446369
1344	-3422.111	-3680.615	258.5042	0.9466387	0.02443859	3.929645
1350	-3427.133	-3684.706	257.5736	0.9471526	0.01450696	4.459798
1356	-3417.244	-3674.884	257.64	0.9757902	0.04661587	4.348492
1362	-3417.046	-3674.176	257.1297	0.9112509	0.03956616	4.691315
1368	-3410.957	-3668.229	257.2711	0.8244805	0.02719902	4.691315
1374	-3416.144	-3673.245	257.1006	0.954778	0.02426067	4.719187
1380	-3421.177	-3679.94	258.7628	0.9810422	0.02079815	3.766082
1386	-3414.373	-3673.651	259.2779	1.071172	0.01074939	3.394836
1392	-3409.101	-3667.813	258.7115	1.071666	0.005893966	3.651651
1398	-3411.238	-3667.685	256.4466	0.9531643	0.03837133	5.051819
1404	-3402.67	-3661.589	258.9188	1.069808	0.00926301	3.591996
1410	-3417.048	-3676.665	259.6167	1.122597	0.0350308	3.154457
1416	-3416.884	-3676.903	260.0194	1.134842	0.01548618	2.935581
1422	-3421.279	-3680.157	258.8786	1.105917	0.002068484	3.280466
1428	-3415.734	-3674.041	258.3073	1.035265	0.001657179	3.581849
1434	-3416.36	-3675.05	258.6903	1.131708	0.03705203	3.686259
1440	-3418.556	-3677.918	259.3622	1.125707	0.02852002	3.319734
1446	-3423.767	-3684.359	260.5911	1.312196	0.03397264	2.448194
1452	-3405.849	-3666.381	260.5321	1.277879	0.01142668	2.519009
1458	-3413.82	-3674.45	260.6299	1.409953	0.06978526	2.249604
1464	-3415.521	-3675.693	260.1722	1.220088	0.0368399	2.756268
1470	-3426.543	-3685.828	259.2849	1.032533	0.03170228	3.412158
1476	-3418.256	-3676.825	258.5688	0.9756997	0.01914035	3.881767
1482	-3422.275	-3681.008	258.7326	1.004189	0.02765717	3.75905
1488	-3414.807	-3673.263	258.456	1.04977	0.002583614	3.627645
1494	-3428.649	-3686.69	258.0415	1.08606	0.02729766	4.108832
1500	-3429.814	-3685.77	255.9566	0.8286835	0.03527063	5.399675
1506	-3410.321	-3667.917	257.596	0.8528821	0.002530365	4.227489
1512	-3402.044	-3660.066	258.0219	0.9365551	0.003822115	4.041666
1518	-3399.284	-3656.936	257.6525	0.8389561	0.009987196	4.454203
1524	-3410.564	-3669.385	258.8209	1.126449	0.005696279	3.550612
1530	-3405.37	-3664.011	258.6412	1.144984	0.05790856	3.647037
1536	-3404.898	-3662.263	257.365	0.9658155	0.006532621	4.495737
1542	-3389.56	-3647.703	258.143	1.001108	0.02131776	4.109094
1548	-3414.031	-3673.399	259.3683	1.106928	0.01825004	3.34163
1554	-3425.318	-3684.005	258.6867	1.023516	0.0353253	3.755551
1560	-3412.731	-3671.266	258.5348	1.06545	0.05249859	3.770143
1566	-3414.289	-3673.072	258.7827	1.080689	0.06065733	3.594357
1572	-3417.625	-3676.261	258.636	0.9674194	0.02018758	3.847428
1578	-3410.493	-3668.382	257.8892	1.060401	0.01611514	4.220112
1584	-3417.564	-3677.015	259.4508	1.022095	0.01368528	3.336729
1590	-3415.36	-3674.625	259.2651	1.001735	0.0308468	3.44393
1596	-3422.934	-3680.808	257.8732	1.023672	0.01110375	4.233421
1602	-3417.982	-3675.705	257.7231	0.9258814	0.01420593	4.386798
1608	-3431.563	-3689.532	257.9691	0.9579699	0.005034847	4.11566
1614	-3416.625	-3674.701	258.0761	0.9697767	0.01723177	4.16634
1620	-3414.813	-3673.709	258.896	1.10724	0.04536067	3.557518
1626	-3410.849	-3669.606	258.7571	1.000999	0.02013497	3.758363
1632	-3411.689	-3668.571	256.8816	0.9470337	0.02191606	4.849041
1638	-3420.508	-3677.038	256.5294	0.9302679	0.08560945	4.891251
1644	-3408.703	-3667.532	258.8292	1.06566	0.02781144	3.667435
1650	-3419.498	-3677.826	258.3282	1.046601	0.0513798	3.90298
1656	-3423.383	-3680.96	257.5763	0.9311844	0.02142412	4.469346
1662	-3426.78	-3684.096	257.316	0.7966544	0.0127264	4.683398
1668	-3423.292	-3682.404	259.1124	1.005955	0.01702958	3.549988
1674	-3430.081	-3688.162	258.0803	1.005955	0.05387912	4.060813
1680	-3415.965	-3674.005	258.0394	1.009665	0.001735586	3.767637
1686	-3410.319	-3668.251	257.9329	0.9550533	0.001735586	3.860369
1692	-3403.109	-3660.573	257.4648	0.9379937	0.002352044	4.232735
1698	-3406.904	-3664.691	257.7866	0.9711459	0.01637223	4.328989
1704	-3413.138	-3670.863	257.7251	0.8902341	0.01637223	4.409398
1710	-3431.032	-3688.244	257.212	0.8599723	0.01053614	4.694034
1716	-3421.726	-3679.933	258.2072	1.005459	0.006127473	3.986144
1722	-3433.084	-3690.545	257.4609	0.9782982	0.02848627	4.495769
1728	-3413.457	-3670.873	257.4158	0.9606621	0.008345219	4.501332
1734	-3403.476	-3660.84	257.3636	0.9281058	0.01600492	4.591052
1740	-3420.497	-3678.159	257.6623	0.9996025	0.05318443	4.303771
1746	-3418.013	-3675.553	257.5394	1.002831	0.01686397	4.451031
1752	-3425.794	-3684.07	258.2762	0.8906599	0.0152118	4.095364
1758	-3429.69	-3688.04	258.3507	1.030684	0.02012623	3.974725
1764	-3419.955	-3679.87	259.9156	1.131677	0.03288293	2.976314
1770	-3419.126	-3676.919	257.7929	1.014836	0.04333431	4.249165
1776	-3409.674	-3667.583	257.9096	0.9233106	0.008785665	4.249165
1782	-3408.163	-3666.102	257.9392	0.881987	0.014677	4.290524
1788	-3413.195	-3671.303	258.1081	1.056056	0.01702367	4.09895
1794	-3414.297	-3671.674	257.378	0.9463935	0.02790479	4.561563
1800	-3406.666	-3664.273	257.6067	0.8843845	0.03443007	4.452266
1806	-3415.069	-3672.693	257.6238	0.9081328	0.02394139	4.452266
1812	-3415.847	-3673.278	257.4311	0.8783881	0.005629896	4.484627
1818	-3412.009	-3670.247	258.2376	0.9862492	0.01201329	4.052654
1824	-3418.812	-3676.958	258.1458	0.9945357	0.007377108	4.054006
1830	-3420.917	-3678.816	257.8989	0.9479279	0.01227627	4.26815
1836	-3418.947	-3676.085	257.1377	0.867138	0.01493158	4.750035
1842	-3423.075	-3682.101	259.026	1.162871	0.1428394	3.199391
1848	-3412.935	-3672.321	259.3852	1.347906	0.1147157	2.937887
1854	-3409.299	-3669.443	260.1437	1.444308	0.1191061	2.400806
1860	-3414.114	-3674.312	260.1975	1.224615	0.04424526	2.715873
1866	-3424.813	-3683.76	258.9464	1.224615	0.01796678	3.519633
1872	-3414.089	-3673.525	259.4363	1.122547	0.01267325	3.282377
1878	-3418.218	-3676.635	258.4171	1.123561	0.00538161	3.776286
1884	-3423.826	-3680.928	257.1019	0.8396348	0.03081012	4.769466
1890	-3433.675	-3692.697	259.0218	1.016348	0.008129202	3.549043
1896	-3439.526	-3696.748	257.2225	0.911839	0.01154091	4.665614
1902	-3420.006	-3676.923	256.9168	0.7977895	0.00264247	4.653218
1908	-3420.639	-3678.324	257.6857	0.9164662	0.009649926	4.388756
1914	-3424.794	-3684.024	259.2299	1.086527	0.02126504	3.433139
1920	-3426.429	-3684.88	258.4513	1.040177	0.01539182	3.910154
1926	-3402.98	-3661.321	258.3412	1.053884	0.01378163	3.961763
1932	-3404.527	-3662.99	258.4635	0.9219397	0.02723763	3.961763
1938	-3403.302	-3660.156	256.8541	0.8445255	0.007889113	4.874352
1944	-3418.462	-3676.037	257.5745	1.068357	0.02431943	4.389092
1950	-3424.508	-3683.657	259.1482	1.09958	0.009935129	3.447556
1956	-3413.402	-3672.212	258.81	1.084458	0.01103918	3.661746
1962	-3409.909	-3667.034	257.1253	0.8982709	0.007699799	4.690025
1968	-3418.598	-3677.278	258.6797	1.084148	0.008968535	3.718914
1974	-3431.202	-3690.039	258.8378	1.038769	0.0305706	3.671659
1980	-3421.608	-3678.885	257.2773	0.9619091	0.004485334	4.482813
1986	-3429.035	-3686.522	257.4872	0.8753085	0.007129513	4.49003
1992	-3426.874	-3684.294	257.4199	0.848238	0.0143219	4.601312
1998	-3437.872	-3696.284	258.4119	0.9765398	0.02913863	3.955917
2004	-3416.582	-3673.29	256.7076	0.8179299	0.009459334	4.989636
2010	-3415.046	-3672.887	257.8415	1.085501	0.03308451	4.209305
2016	-3425.587	-3684.432	258.8449	1.098689	0.01455178	3.647976
2022	-3430.34	-3688.974	258.6336	0.9882694	0.02360293	3.832861
2028	-3414.473	-3673	258.5266	1.086964	0.04963191	3.770743
2034	-3418.875	-3676.716	257.8411	0.9009062	0.01223916	4.327327
2040	-3403.354	-3661.301	257.9476	0.9160076	0.02198459	4.267627
2046	-3410.191	-3668.604	258.4135	0.9873772	0.01236617	3.953189
2052	-3419.517	-3677.946	258.4284	1.107967	0.005404715	3.779493
2058	-3428.007	-3686.154	258.1468	0.9458935	0.01630087	4.139058
2064	-3421.453	-3679.568	258.1144	0.9352597	0.0101656	4.139811
2070	-3426.848	-3685.569	258.7209	1.1267	0.05383029	3.62323
2076	-3421.325	-3681.008	259.6827	1.193823	0.004621467	2.962218
2082	-3420.318	-3680.26	259.9419	1.170905	0.0197579	2.962218
2088	-3422.558	-3681.942	259.3845	1.256387	0.00262017	2.962218
2094	-3417.7	-3676.828	259.1275	1.015076	0.01535066	3.533948
2100	-3416.388	-3675.381	258.9931	1.084653	0.03846225	3.533948
2106	-3420.958	-3679.536	258.5783	1.088591	0.129884	3.533948
2112	-3413.676	-3673.048	259.3717	0.9882288	0.0184303	3.409273
2118	-3417.681	-3675.952	258.2716	1.03405	0.006470471	3.941251
2124	-3416.803	-3675.215	258.4116	0.9535026	0.04652433	3.922493
2130	-3430.95	-3690.087	259.1371	1.100079	0.01873009	3.481042
2136	-3425.052	-3683.476	258.4238	0.9262358	0.009023179	3.957451
2142	-3424.634	-3682.156	257.5222	0.9538726	0.002078273	4.154006
2148	-3430.735	-3688.6	257.8654	1.024048	0.01139163	4.239395
2154	-3415.39	-3672.013	256.6238	0.8089365	0.006514803	4.997313
2160	-3419.517	-3676.354	256.8365	0.9426321	0.03908393	4.838877
2166	-3421.196	-3679.242	258.0457	1.034598	0.01954327	4.146754
2172	-3429.141	-3688.149	259.0078	1.060186	0.005354218	3.4695
2178	-3426.127	-3684.313	258.1863	0.9977342	0.007638275	4.033498
2184	-3411.277	-3671.032	259.756	1.141488	0.004825354	2.958406
2190	-3410.761	-3670.938	260.1764	1.244228	0.04684683	2.708825
2196	-3420.98	-3680.875	259.8952	1.278218	0.02731726	2.914063
2202	-3409.354	-3669.245	259.8913	1.267867	0.02524799	2.926962
2208	-3404.873	-3664.472	259.5983	1.226652	0.0112994	3.117446
2214	-3411.573	-3671.196	259.623	1.211779	0.01235778	3.117446
2220	-3415.333	-3674.439	259.1058	1.150603	0.03179733	3.447628
2226	-3414.271	-3673.435	259.1645	1.09193	0.03179733	3.447628
2232	-3432.422	-3691.418	258.9963	0.9775869	0.01405558	3.629185
2238	-3438.728	-3696.447	257.7199	0.9406687	0.03448122	4.356545
2244	-3423.541	-3682.593	259.0516	1.098751	0.03037187	3.513079
2250	-3427.56	-3686.559	258.9995	1.289334	0.076421	3.301201
2256	-3421.007	-3680.047	259.0402	1.218554	0.04019289	3.423322
2262	-3407.057	-3666.343	259.286	1.08884	0.03639791	3.365969
2268	-3405.373	-3663.662	258.2891	0.8998094	0.004375629	3.938889
2274	-3410.874	-3667.383	256.5085	0.9668045	0.001625516	4.639016
2280	-3406.742	-3663.511	256.7684	0.8042902	0.01654208	4.993031
2286	-3420.837	-3677.868	257.0306	0.7992426	0.007401433	4.793396
2292	-3421.176	-3678.93	257.7536	0.9352061	0.004809714	4.242425
2298	-3413.851	-3672.018	258.1668	0.8885314	0.004577946	4.024397
2304	-3409.655	-3668.142	258.4878	1.042815	0.04555663	3.830278
2310	-3404.578	-3662.84	258.2621	0.9839126	0.004527067	3.913049
2316	-3402.539	-3660.819	258.28	0.9861226	0.002320724	3.735089
2322	-3418.931	-3676.349	257.4184	0.8879761	0.00509699	4.469183
2328	-3418.436	-3675.976	257.5397	0.8375218	0.008332042	4.500746
2334	-3436.602	-3694.555	257.9529	0.9345357	0.02004534	4.255945
2340	-3418.836	-3677.43	258.594	1.063203	0.01855768	3.817157
2346	-3411.944	-3670.456	258.5123	1.080827	0.03748001	3.817157
2352	-3429.476	-3686.457	256.9805	0.9593401	0.01960762	4.788927
2358	-3432.647	-3689.106	256.4588	0.7850326	0.02225023	5.173504
2364	-3418.272	-3675.836	257.5644	0.910412	0.02225023	4.486793
2370	-3410.621	-3669.602	258.9809	0.991216	0.01065131	3.613977
2376	-3413.537	-3671.786	258.2489	0.991216	0.01065131	4.03511
2382	-3419.409	-3678.197	258.7878	0.9769138	0.01799538	3.755189
2388	-3412.97	-3672.439	259.4694	1.183719	0.02674421	3.226144
2394	-3415.638	-3674.267	258.6287	1.066139	0.004087609	3.633052
2400	-3414.953	-3673.024	258.0713	0.9195113	0.01956738	4.197572
2406	-3414.474	-3672.142	257.6675	0.9863153	0.01018637	4.36431
2412	-3411.213	-3669.249	258.0352	1.035984	0.03346932	4.126413
2418	-3417.905	-3676.482	258.577	1.035984	0.01356387	3.836105
2424	-3416.339	-3674.698	258.359	1.034934	0.07118004	3.836105
2430	-3408.185	-3667.645	259.4591	1.058084	0.006933518	3.247356
2436	-3416.649	-3675.248	258.5991	1.051157	0.03716018	3.785132
2442	-3420.338	-3678.054	257.7166	0.9523232	0.01188382	4.366848
2448	-3419.895	-3677.207	257.312	0.9290143	0.02469579	4.614522
2454	-3411.601	-3668.713	257.1122	0.8563924	0.01488852	4.770204
2460	-3418.018	-3674.826	256.8086	0.9211315	0.004526388	4.770204
2466	-3423.02	-3679.943	256.9227	0.8590331	0.03958035	4.836084
2472	-3408.875	-3666.056	257.1814	0.8144782	0.002485099	4.478344
2478	-3422.831	-3681.098	258.2673	0.8871486	0.01186269	4.091428
2484	-3427.236	-3684.449	257.2132	0.9828808	0.001455493	4.193958
2490	-3420.53	-3679.077	258.5466	0.9328701	0.01123249	3.90209
2496	-3410.649	-3669.443	258.7947	1.070864	0.01550121	3.694952
2502	-3419.245	-3678.853	259.6074	1.123359	0.01014475	3.16486
2508	-3445.255	-3704.539	259.2834	1.114723	0.067284	3.262358
2514	-3438.523	-3696.77	258.2467	1.000259	0.01595018	4.050806
2520	-3433.755	-3690.64	256.8845	0.9157684	0.003122879	4.648585
2526	-3422.431	-3680.712	258.2805	1.000151	0.03392031	4.005809
2532	-3420.175	-3677.532	257.3573	0.9674139	0.01542162	4.571729
2538	-3417.188	-3674.721	257.5324	0.9539691	0.01962274	4.4826
2544	-3411.743	-3668.886	257.1427	0.9850069	0.002977164	4.452575
2550	-3416.27	-3672.762	256.4923	0.798321	0.00678241	5.081826
2556	-3416.175	-3672.95	256.7752	0.8287355	0.005979243	4.889235
2562	-3417.684	-3675.138	257.4535	0.8341756	0.005153552	4.481658
2568	-3419.234	-3677.634	258.4	0.9151496	0.01095522	3.994355
2574	-3411.817	-3669.354	257.5372	0.9055262	0.01675477	4.506934
2580	-3413.76	-3671.931	258.1715	1.046805	0.01817936	4.068483
2586	-3420.791	-3680.073	259.2821	1.154392	0.01801794	3.364373
2592	-3423.673	-3682.87	259.1969	1.198287	0.04886757	3.317857
2598	-3411.585	-3670.915	259.3301	1.092753	0.007739673	3.317857
2604	-3421.2	-3680.385	259.1845	1.053316	0.005962434	3.388598
2610	-3420.937	-3678.599	257.662	1.019389	0.03874989	4.333373
2616	-3425.245	-3683.916	258.6715	1.108765	0.03874989	3.705687
2622	-3418.977	-3675.975	256.998	0.8831336	0.08165959	4.665941
2628	-3413.441	-3670.084	256.6432	0.7916543	0.01884733	5.070236
2634	-3402.449	-3660.371	257.9223	0.9854192	0.003253918	4.032746
2640	-3400.047	-3658.101	258.0541	0.9864398	0.02638909	4.160161
2646	-3397.723	-3655.493	257.7702	0.9233483	0.00254588	4.090136
2652	-3416.564	-3674.365	257.8004	0.9832622	0.0301638	4.297664
2658	-3404.308	-3661.352	257.0438	0.8864604	0.02111952	4.793212
2664	-3418.263	-3676.599	258.3364	0.8979513	0.01535797	4.057144
2670	-3407.56	-3665.713	258.1526	1.038659	0.03380784	4.057144
2676	-3414.608	-3672.309	257.7004	0.8820328	0.007855892	4.378322
2682	-3421.411	-3679.145	257.7346	0.9517534	0.00892994	4.333768
2688	-3415.359	-3672.667	257.3081	0.9459084	0.005735979	4.518885
2694	-3413.703	-3670.571	256.8679	0.916857	0.01300867	4.867607
2700	-3427.876	-3685.786	257.9103	1.046028	0.004112678	4.058855
2706	-3424.376	-3682.908	258.5327	0.9561474	0.003036511	3.68139
2712	-3416.986	-3674.953	257.9674	0.9795934	0.008215191	4.177147
2718	-3417.422	-3675.63	258.2076	0.9884274	0.02085295	4.080002
2724	-3407.19	-3664.844	257.654	0.8761347	0.01330517	4.45112
2730	-3414.766	-3672.836	258.0705	0.8799528	0.002994105	3.987321
2736	-3415.489	-3671.739	256.2497	0.8386115	0.006836744	5.194995
2742	-3421.678	-3677.94	256.262	0.7336359	0.003224937	5.104733
2748	-3405.508	-3663.176	257.6671	0.8578642	0.01902644	4.46113
2754	-3411.481	-3669.961	258.48	1.007622	0.01945454	3.914279
2760	-3417.753	-3675.687	257.934	0.957552	0.04952196	4.184043
2766	-3417.057	-3674.82	257.7626	0.879642	0.005738737	4.300033
2772	-3413.437	-3670.539	257.1023	0.9391528	0.04260888	4.682669
2778	-3403.915	-3662.138	258.223	0.9124728	0.01034479	4.092429
2784	-3410.972	-3668.99	258.0179	1.00914	0.002038697	3.833056
2790	-3408.799	-3666.867	258.0678	0.9498874	0.002441533	3.892942
2796	-3412.704	-3669.661	256.9565	0.8855452	0.008322862	4.800478
2802	-3418.313	-3676.13	257.8173	0.9138842	0.007075071	4.280947
2808	-3422.203	-3678.94	256.7369	0.8408932	0.007860947	4.941169
2814	-3420.61	-3677.429	256.8194	0.8419607	0.02276254	4.941169
2820	-3419.169	-3678.217	259.0486	1.035414	0.01248899	3.559644
2826	-3412.884	-3670.799	257.9142	0.9640812	0.01555676	4.259794
2832	-3413.958	-3672.378	258.4196	0.9239428	0.01203381	3.984416
2838	-3416.938	-3674.851	257.9129	0.9892505	0.0120808	4.235928
2844	-3426.124	-3684.768	258.6435	1.016299	0.00834383	3.771159
2850	-3422.261	-3681.532	259.2713	1.002352	0.03113648	3.439176
2856	-3418.457	-3677.375	258.9181	1.098802	0.01443473	3.605211
2862	-3419.842	-3677.948	258.1061	1.04216	0.03808416	4.070238
2868	-3417.91	-3675.686	257.7762	0.8838709	0.006182333	4.301766
2874	-3415.44	-3673.284	257.8442	0.8482575	0.02032943	4.366047
2880	-3409.361	-3665.926	256.5652	0.7859721	0.01661912	5.116014
2886	-3419.122	-3678.507	259.3846	1.133844	0.02372686	3.311276
2892	-3408.482	-3666.427	257.9451	0.965876	0.002376274	3.946211
2898	-3410.802	-3668.826	258.0245	0.8352678	0.03470436	4.243259
2904	-3424.662	-3682.551	257.8896	0.9058847	0.007008003	4.243259
2910	-3415.12	-3673.129	258.0081	1.069089	0.008534921	4.107335
2916	-3410.785	-3669.079	258.294	0.951991	0.003991476	3.886688
2922	-3403.786	-3662.028	258.2427	1.009252	0.001448384	3.586213
2928	-3409.205	-3668.89	259.6849	1.102888	0.002793426	2.892064
2934	-3412.053	-3670.886	258.833	1.096013	0.01015799	3.635105
2940	-3419.14	-3677.407	258.2669	1.011613	0.0493326	3.964039
2946	-3411.194	-3668.224	257.03	0.9109846	0.01048193	4.766875
2952	-3432.107	-3689.208	257.1009	0.8773294	0.02060395	4.766875
2958	-3423.183	-3680.773	257.5909	1.008507	0.01328854	4.412033
2964	-3416.2	-3674.231	258.0308	0.9938827	0.005923747	4.088074
2970	-3408.669	-3667.412	258.7431	0.8847245	0.01339673	3.82703
2976	-3413.074	-3671.083	258.0089	1.031585	0.00156076	3.735733
2982	-3410.556	-3669.272	258.7166	1.086223	0.004227791	3.577598
2988	-3410.894	-3668.599	257.7043	1.004642	0.0166769	4.356876
2994	-3412.111	-3670.283	258.1715	0.8942262	0.01708089	4.155002
3000	-3413.419	-3669.921	256.5024	0.7571981	0.01127231	5.151053
3006	-3413.395	-3671.651	258.2552	0.961138	0.01068352	4.048865
3012	-3421.297	-3681.628	260.3311	1.280835	0.008067774	2.607171
3018	-3419.819	-3680.293	260.4734	1.237351	0.01848399	2.597967
3024	-3421.21	-3680.629	259.4195	1.118766	0.005780065	3.206273
3030	-3426.006	-3683.068	257.0615	0.9745865	0.001722736	4.34299
3036	-3419.006	-3676.444	257.4381	0.942406	0.01190352	4.529434
3042	-3422.987	-3681.488	258.5006	1.068709	0.01749307	3.867497
3048	-3415.829	-3675.124	259.2953	1.171252	0.04521538	3.286613
3054	-3423.56	-3682.488	258.9271	1.034301	0.05445766	3.555309
3060	-3407.074	-3664.606	257.5321	1.002056	0.00195987	4.102559
3066	-3416.015	-3673.675	257.6598	0.9585894	0.02097765	4.407287
3072	-3413.013	-3669.617	256.6039	0.9471365	0.01520014	5.003346
3078	-3402.42	-3659.901	257.4804	0.9024837	0.02536862	4.533669
3084	-3411.277	-3669.651	258.3749	1.017911	0.02229656	3.966086
3090	-3416.567	-3674.925	258.3588	1.031969	0.01449566	3.966086
3096	-3406.872	-3665.747	258.875	1.044517	0.02296008	3.66207
3102	-3407.611	-3665.001	257.3908	0.9599658	0.01055077	4.53785
3108	-3404.938	-3662.638	257.7001	1.060375	0.078516	4.178284
3114	-3419.552	-3677.346	257.7945	0.9531543	0.003849573	4.163259
3120	-3405.833	-3663.262	257.4292	0.8588546	0.01073089	4.574354
3126	-3397.748	-3656.37	258.6218	0.8508836	0.02272107	3.919802
3132	-3403.198	-3662.83	259.6329	1.275728	0.03202677	3.061669
3138	-3398.794	-3658.151	259.357	1.189349	0.05899771	3.198668
3144	-3403.984	-3663.709	259.7255	1.082805	0.02100092	3.143323
3150	-3404.551	-3664.102	259.5509	1.300081	0.004983945	2.992739
3156	-3399.199	-3659	259.8011	1.215985	0.0294158	3.003311
3162	-3411.888	-3671.002	259.114	1.215985	0.01526431	3.424387
3168	-3415.936	-3673.613	257.6767	0.9889907	0.02132631	4.380273
3174	-3421.069	-3678.565	257.496	0.8888723	0.002602727	4.271612
3180	-3412.91	-3671.213	258.303	0.9603315	0.04339435	3.989711
3186	-3433.194	-3691.486	258.2924	0.9208531	0.04595712	4.010988
3192	-3411.472	-3669.476	258.0045	0.9520106	0.01977726	4.216912
3198	-3408.535	-3666.007	257.4711	0.8785757	0.01966737	4.559443
3204	-3413.118	-3669.307	256.1891	0.8348863	0.004869058	5.176356
3210	-3413.472	-3671.803	258.3304	0.8206814	0.008865911	4.069277
3216	-3412.516	-3669.731	257.2152	0.9380397	0.01027947	4.646585
3222	-3411.33	-3669.774	258.4443	1.111561	0.01331613	3.868093
3228	-3405.972	-3664.81	258.8381	1.11198	0.01580912	3.646515
3234	-3409.14	-3668.301	259.1606	1.003059	0.01180263	3.509897
3240	-3398.719	-3657.083	258.3636	1.083876	0.007024882	3.87169
3246	-3409.029	-3668.485	259.4564	1.172479	0.02297324	3.24723
3252	-3414.121	-3673.986	259.8649	1.172479	0.03275829	2.982554
3258	-3402.643	-3661.956	259.3127	1.057462	0.03275829	3.378484
3264	-3415.362	-3673.723	258.3612	1.064656	0.01102288	3.931472
3270	-3416.18	-3675.389	259.2091	1.147951	0.02795425	3.397905
3276	-3424.296	-3684.71	260.4142	1.269565	0.008392652	2.567502
3282	-3428.358	-3687.646	259.288	1.305394	0.04674426	3.207105
3288	-3418.954	-3678.53	259.5761	1.127036	0.01868229	3.207105
3294	-3414.203	-3673.453	259.2503	1.079492	0.03831035	3.387042
3300	-3406.908	-3664.873	257.9645	0.9476858	0.02170036	4.240431
3306	-3407.831	-3664.69	256.8587	0.8392907	0.003987154	4.762042
3312	-3419.151	-3676.958	257.807	0.9312232	0.01811483	4.340941
3318	-3417.064	-3675.285	258.2203	0.9345246	0.003820976	3.929302
3324	-3418.322	-3676.153	257.8312	0.9085654	0.008293296	4.295676
3330	-3410.04	-3667.262	257.2215	0.8850655	0.01227665	4.684902
3336	-3425.883	-3683.369	257.4861	0.9569473	0.03016418	4.489807
3342	-3417.905	-3676.217	258.3118	1.120016	0.03071613	3.927353
3348	-3423.573	-3680.572	256.9981	0.8445879	0.009951722	4.817511
3354	-3404.073	-3661.368	257.2948	0.8654391	0.007722127	4.613795
3360	-3423.58	-3680.394	256.8138	0.9585276	0.031178	4.862998
3366	-3429.949	-3686.935	256.9864	0.8007126	0.02746218	4.862998
3372	-3425.832	-3683.974	258.1419	0.9920711	0.02032153	4.115751
3378	-3419.896	-3679.201	259.3055	1.134887	0.01660297	3.361388
3384	-3412.743	-3672.285	259.5411	1.036456	0.02015537	3.280666
3390	-3422.163	-3680.687	258.5239	1.115921	0.0592537	3.727864
3396	-3412.31	-3671.116	258.8062	1.014643	0.03944775	3.680279
3402	-3412.485	-3671.083	258.5987	1.040606	0.01772643	3.827392
3408	-3401.659	-3660.116	258.457	0.9756954	0.003517575	3.750419
3414	-3408.995	-3667.62	258.6255	0.995922	0.007289084	3.776653
3420	-3401.115	-3659.825	258.7096	0.9367204	0.004646385	3.687776
3426	-3408.664	-3666.422	257.7584	0.9712461	0.01446199	4.341817
3432	-3413.033	-3670.752	257.7189	0.840163	0.008052732	4.394412
3438	-3413.051	-3670.018	256.9664	0.87862	0.01117724	4.825196
3444	-3408.31	-3666.188	257.8772	0.9815567	0.005647218	4.174615
3450	-3423.207	-3679.797	256.59	0.9507527	0.005064874	4.89662
3456	-3399.345	-3657.25	257.9052	0.9917363	0.02301263	4.24742
3462	-3430.227	-3689.119	258.892	1.077121	0.02301263	3.633219
3468	-3425.36	-3682.576	257.2159	0.9143833	0.0218862	4.680584
3474	-3414.926	-3674.338	259.4121	1.095479	0.03604904	3.288803
3480	-3420.108	-3678.696	258.5873	0.9719069	0.01277918	3.864196
3486	-3414.802	-3674.287	259.4849	1.156624	0.01072109	3.222358
3492	-3414.11	-3673.982	259.872	1.160243	0.01668389	3.010388
3498	-3414.021	-3673.788	259.7674	1.151205	0.04773311	3.010388
3504	-3406.284	-3665.76	259.4756	1.15719	0.02498995	3.241605
3510	-3409.145	-3667.728	258.5831	1.097708	0.005961686	3.712754
3516	-3410.33	-3667.942	257.6129	0.9407712	0.01117155	4.427845
3522	-3409.305	-3667.177	257.8727	0.9916674	0.03761748	4.232876
3528	-3403.772	-3660.899	257.1271	1.002037	0.03066682	4.664874
3534	-3409.843	-3667.032	257.1882	0.9465633	0.01145513	4.664874
3540	-3412.384	-3670.518	258.1343	1.04171	0.0144702	4.088613
3546	-3422.355	-3679.103	256.7483	0.9438277	0.004010844	4.766568
3552	-3418.078	-3676.774	258.6961	0.931286	0.01513965	3.831669
3558	-3407.199	-3666.166	258.9663	1.224671	0.0387202	3.46716
3564	-3410.406	-3669.618	259.2117	1.236181	0.04574385	3.29609
3570	-3417.681	-3677.05	259.3689	1.134485	0.009781106	3.29609
3576	-3420.232	-3678.771	258.5389	1.012323	0.01785259	3.877998
3582	-3424.69	-3681.877	257.187	0.9404516	0.03245686	4.661499
3588	-3431.309	-3688.847	257.5375	0.8801573	0.008776146	4.483523
3594	-3436.547	-3694.179	257.6313	0.8363934	0.01256893	4.483523
3600	-3417.479	-3675.405	257.9263	1.006428	0.02844258	4.217085
3606	-3410.313	-3668.251	257.9376	0.9951609	0.02844258	4.217085
3612	-3425.668	-3682.8	257.1326	0.8228327	0.02807552	4.767833
3618	-3425.126	-3682.126	257.0004	0.9688055	0.02394502	4.767833
3624	-3422.751	-3680.98	258.2286	1.088947	0.04656828	3.949636
3630	-3424.931	-3682.875	257.944	1.039671	0.00253844	3.92359
3636	-3425.687	-3683.294	257.6071	1.034985	0.002054202	4.05587
3642	-3422.623	-3680.526	257.903	0.9145673	0.01494184	4.293146
3648	-3414.709	-3672.035	257.3264	0.8661747	0.0164823	4.647137
3654	-3409.03	-3667.133	258.1023	0.8768931	0.01003346	4.178803
3660	-3411.695	-3669.281	257.5859	0.8689168	0.009364388	4.469069
3666	-3405.792	-3663.841	258.0494	0.9833794	0.01521144	4.171626
3672	-3426.575	-3686.207	259.6315	1.227549	0.0122815	3.10259
3678	-3431.519	-3691.355	259.8358	1.227549	0.01538733	2.990097
3684	-3420.999	-3679.776	258.7765	0.9502006	0.02982546	3.76
3690	-3416.173	-3674.941	258.7675	1.098487	0.02323825	3.692644
3696	-3415.465	-3674.067	258.6014	1.044219	0.02323825	3.819763
3702	-3415.426	-3673.609	258.1834	1.044219	0.01565832	4.061442
3708	-3424.359	-3683.356	258.9967	1.042141	0.006950711	3.528307
3714	-3412.243	-3671.098	258.8545	1.022882	0.0377545	3.652307
3720	-3406.512	-3666.104	259.5922	1.153956	0.00686473	3.110066
3726	-3415.317	-3674.877	259.5601	1.137448	0.01086998	3.190254
3732	-3412.623	-3672.156	259.533	1.137448	0.009099067	3.190254
3738	-3418.148	-3675.601	257.4523	0.964873	0.03576439	4.49042
3744	-3431.726	-3689.889	258.1632	0.9012348	0.03071579	4.137094
3750	-3418.802	-3675.724	256.9217	0.8960327	0.02278637	4.854054
3756	-3417.85	-3677.044	259.1937	1.152496	0.003419153	3.209972
3762	-3423.015	-3681.648	258.6331	1.11392	0.01242769	3.754567
3768	-3423.378	-3680.154	256.7752	0.8973512	0.0110241	4.920292
3774	-3424.095	-3682.124	258.0291	1.032513	0.004411746	4.013389
3780	-3427.699	-3686.176	258.4769	0.9673033	0.0118403	3.925815
3786	-3415.135	-3672.892	257.757	1.084185	0.003256049	4.070873
3792	-3419.078	-3677.209	258.1313	0.9749477	0.04052605	4.087408
3798	-3419.173	-3677.462	258.2889	0.9227121	0.02327091	4.068201
3804	-3420.376	-3678.572	258.1961	0.8935366	0.01182572	4.128106
3810	-3415.209	-3673.184	257.9755	1.030166	0.002762703	3.934446
3816	-3422.133	-3680.782	258.6491	1.134651	0.009148838	3.709444
3822	-3423.492	-3681.665	258.1734	1.048301	0.02989755	4.049418
3828	-3410.583	-3667.328	256.745	0.9041749	0.004222158	4.801279
3834	-3414.216	-3671.498	257.2824	0.9108706	0.004222158	4.496427
3840	-3411.118	-3669.12	258.0024	1.063572	0.0117318	4.141108
3846	-3420.186	-3678.239	258.0529	0.9534714	0.008051903	4.141108
3852	-3423.492	-3682.358	258.8661	1.082596	0.006615123	3.573603
3858	-3436.115	-3695.318	259.2033	1.223358	0.003894049	3.193358
3864	-3432.605	-3690.389	257.7845	1.1027	0.05348114	4.175244
3870	-3428.133	-3686.748	258.6148	1.002518	0.0238965	3.835012
3876	-3423.814	-3682.132	258.3182	0.9530117	0.01178953	4.02446
3882	-3432.419	-3690.904	258.4848	0.9923502	0.009779836	3.892339
3888	-3414	-3672.195	258.1952	0.9717986	0.004344437	3.949981
3894	-3421.345	-3678.494	257.1489	0.8574929	0.007786157	4.700942
3900	-3415.337	-3672.402	257.0653	0.8591616	0.007769813	4.746519
3906	-3418.066	-3674.688	256.6225	0.8637008	0.006196004	4.960191
3912	-3427.44	-3686.184	258.7433	0.9593146	0.007914068	3.740239
3918	-3424.657	-3683.281	258.6245	1.075212	0.007804695	3.740239
3924	-3419.176	-3676.739	257.5634	0.9369351	0.01097789	4.456673
3930	-3422.239	-3680.92	258.6807	1.191609	0.02938662	3.676896
3936	-3431.644	-3690.961	259.3169	1.189866	0.03107817	3.302477
3942	-3417.718	-3676.959	259.241	1.138916	0.006238714	3.3124
3948	-3434.585	-3692.931	258.3452	0.9546938	0.004010651	3.856806
3954	-3415.145	-3673.637	258.4923	1.101612	0.07840007	3.701252
3960	-3407.729	-3666.75	259.021	1.017613	0.01002722	3.570364
3966	-3423.116	-3681.898	258.7815	1.009787	0.01673327	3.739323
3972	-3425.408	-3683.638	258.23	0.9384754	0.005169313	3.982757
3978	-3418.962	-3677.306	258.3441	1.068176	0.03331393	3.93207
3984	-3416.498	-3675.263	258.7652	1.026772	0.02985257	3.722263
3990	-3415.866	-3673.61	257.7441	0.9286528	0.007775961	4.326075
3996	-3416.852	-3674.514	257.6615	0.9156532	0.01651037	4.431063
4002	-3435.471	-3693.321	257.8503	1.053787	0.008405515	4.204097
4008	-3429.205	-3685.944	256.7389	0.8722429	0.03340367	4.947269
4014	-3427.442	-3686.336	258.8944	1.012304	0.009221454	3.639105
4020	-3430.292	-3687.935	257.6428	1.015623	0.06147762	4.282401
4026	-3415.905	-3674.654	258.7488	1.048576	0.03136115	3.715492
4032	-3413.801	-3673.049	259.2477	1.122929	0.06469633	3.285984
4038	-3430.915	-3690.812	259.8961	1.318775	0.01923821	2.900919
4044	-3421.51	-3681.437	259.9276	1.194879	0.007740022	2.900919
4050	-3420.655	-3679.012	258.3573	1.104228	0.007168696	3.866386
4056	-3400.881	-3660.162	259.2807	1.002721	0.0108291	3.433888
4062	-3405.235	-3662.777	257.542	0.9403439	0.02436222	4.479513
4068	-3415.004	-3673.058	258.0545	0.9254442	0.02436222	4.198274
4074	-3417.34	-3675.166	257.826	0.81061	0.01187744	4.385085
4080	-3410.504	-3667.484	256.9794	0.8940258	0.01776679	4.826286
4086	-3418.078	-3675.059	256.9814	0.8869116	0.02245987	4.826286
4092	-3403.522	-3660.661	257.1385	0.8462244	0.00854608	4.723585
4098	-3408.004	-3665.22	257.2158	0.7527353	0.007507951	4.717677
4104	-3418.508	-3676.17	257.6619	0.9441106	0.01279352	4.406474
4110	-3422.911	-3679.799	256.8885	0.8880969	0.0329752	4.8562
4116	-3428.321	-3686.955	258.634	0.9823021	0.009444051	3.80914
4122	-3427.153	-3685.945	258.7919	1.042578	0.005809004	3.619485
4128	-3422.811	-3681.792	258.9814	0.9584246	0.02263547	3.650781
4134	-3403.592	-3661.849	258.2566	0.9474559	0.01736647	4.076404
4140	-3415.156	-3673.232	258.0761	0.7981879	0.02823708	4.250702
4146	-3403.827	-3661.485	257.6579	0.8935932	0.02277058	4.442927
4152	-3416.496	-3674.404	257.9075	0.9767622	0.03100763	4.23866
4158	-3421.959	-3679.773	257.814	0.7867794	0.01971077	4.418111
4164	-3432.851	-3688.679	255.8281	0.7759929	0.005292958	5.422977
4170	-3420.592	-3677.906	257.3146	0.9347574	0.008793944	4.578351
4176	-3415.396	-3673.475	258.0793	0.9711344	0.01247529	4.153556
4182	-3420.481	-3679.207	258.7266	1.033223	0.02914361	3.742462
4188	-3418.137	-3676.112	257.9753	1.063561	0.0557332	4.082551
4194	-3414.409	-3673.747	259.3375	1.134969	0.07767845	3.189183
4200	-3427.902	-3687.104	259.2022	1.032658	0.02065593	3.481372
4206	-3412.972	-3672.037	259.0655	1.114307	0.01905531	3.514467
4212	-3406.522	-3664.032	257.5098	0.9113964	0.002530904	4.24325
4218	-3419.515	-3676.425	256.9102	1.076973	0.01004629	4.737644
4224	-3410.088	-3668.978	258.8896	1.017789	0.01714731	3.672465
4230	-3419.445	-3679.879	260.434	1.287522	0.03758842	2.551246
4236	-3418.923	-3679.465	260.5415	1.397431	0.02766037	2.442395
4242	-3425.068	-3685.63	260.5621	1.359364	0.01030737	2.440781
4248	-3422.759	-3683.44	260.6807	1.28052	0.02047665	2.440781
4254	-3438.213	-3698.457	260.2444	1.298185	0.08259267	2.526312
4260	-3426.161	-3685.741	259.5802	1.271356	0.05650547	3.024202
4266	-3425.052	-3684.743	259.6919	1.191013	0.05025352	3.024202
4272	-3419.64	-3678.949	259.3085	1.193146	0.04281713	3.272963
4278	-3410.77	-3670.095	259.3248	1.068991	0.006154078	3.302013
4284	-3411.927	-3671.304	259.3772	1.052958	0.01293497	3.359192
4290	-3411.883	-3671.176	259.2921	1.074399	0.009665595	3.375514
4296	-3407.186	-3666.264	259.0788	1.005964	0.01407723	3.564828
4302	-3409.301	-3667.508	258.2071	1.005031	0.07208329	3.937927
4308	-3419.595	-3676.5	256.9049	0.8768408	0.01856723	4.877409
4314	-3410.923	-3668.288	257.3658	0.9056635	0.0131092	4.595864
4320	-3404.024	-3661.367	257.3437	0.9397942	0.02319547	4.593049
4326	-3405.596	-3662.86	257.2641	0.9109927	0.007007641	4.593049
4332	-3406.203	-3663.975	257.7717	0.9109927	0.007095269	4.308768
4338	-3416.895	-3675.142	258.2471	0.9481688	0.01666864	4.081007
4344	-3419.175	-3677.51	258.335	0.9377203	0.01510977	4.034795
4350	-3419.721	-3677.207	257.4866	0.8761148	0.01068334	4.532072
4356	-3411.098	-3670.595	259.4964	1.105346	0.01668034	3.266436
4362	-3419.112	-3678.328	259.2168	1.156262	0.01021656	3.376629
4368	-3416.696	-3675.275	258.5795	1.156262	0.001108579	3.197678
4374	-3409.335	-3667.685	258.3502	1.016578	0.02304315	3.979975
4380	-3406.18	-3663.982	257.8028	0.9895458	0.03697714	4.275403
4386	-3408.01	-3666.694	258.685	1.052452	0.02436111	3.765092
4392	-3417.019	-3675.571	258.5524	0.9219567	0.0194601	3.921902
4398	-3404.293	-3662.739	258.4468	0.9060937	0.01187646	3.97824
4404	-3398.676	-3656.655	257.979	0.8897435	0.01594804	4.265751
4410	-3401.087	-3658.728	257.6408	0.9266728	0.01295834	4.428839
4416	-3420.709	-3677.611	256.9019	0.9174554	0.05104015	4.783211
4422	-3408.023	-3666.117	258.094	0.9856992	0.01870258	4.147389
4428	-3409.651	-3668.954	259.3031	1.126754	0.03870735	3.327143
4434	-3406.38	-3664.506	258.1265	0.891076	0.02151213	4.180878
4440	-3410.221	-3668.676	258.4551	0.9583523	0.02151213	3.955157
4446	-3426.774	-3685.005	258.2312	0.9157631	0.009597619	4.079364
4452	-3429.415	-3687.598	258.1833	0.9382996	0.008330774	4.079364
4458	-3429.776	-3688.177	258.4002	0.9630081	0.00631005	3.90451
4464	-3413.939	-3671.838	257.8989	0.8372664	0.01619778	4.341017
4470	-3424.153	-3682.014	257.8611	0.8768241	0.01885774	4.341017
4476	-3426.924	-3684.727	257.8029	0.9220359	0.01324816	4.341017
4482	-3419.269	-3676.391	257.1218	0.9439829	0.001801455	4.341017
4488	-3410.54	-3668.585	258.0453	0.9268358	0.003564527	4.017864
4494	-3402.218	-3660.791	258.5726	1.094775	0.002104515	3.4721
4500	-3399.78	-3657.597	257.8166	1.089164	0.009507146	4.215641
4506	-3409.487	-3667.922	258.4349	1.08396	0.02832372	3.883006
4512	-3429.386	-3687.761	258.3752	0.9973822	0.002367279	3.679462
4518	-3416.056	-3674.712	258.6557	1.037861	0.01663961	3.795573
4524	-3421.897	-3680.77	258.873	1.155278	0.09457965	3.40621
4530	-3418.174	-3676.234	258.06	1.066093	0.0007860856	3.40621
4536	-3418.776	-3676.669	257.8934	0.9855119	0.00139453	3.788003
4542	-3417.445	-3675.96	258.5152	0.9438923	0.009120262	3.896058
4548	-3416.052	-3673.343	257.2914	0.8602225	0.04408748	4.616791
4554	-3420.037	-3676.325	256.2885	0.9282847	0.003366733	4.992222
4560	-3418.2	-3675.574	257.3745	0.9502216	0.002902339	4.3349
4566	-3409.263	-3667.074	257.8111	0.908788	0.02964797	4.3349
4572	-3424.949	-3682.523	257.5744	0.9218418	0.02929177	4.461912
4578	-3418.832	-3676.43	257.5985	0.922133	0.02146515	4.461912
4584	-3433.767	-3690.161	256.3944	0.9377604	0.001196683	4.608712
4590	-3429.741	-3687.656	257.9146	1.001445	0.0106586	4.219499
4596	-3422.787	-3680.275	257.4886	0.8472025	0.01434412	4.563428
4602	-3404.892	-3662.342	257.4496	0.9758487	0.002964712	4.283382
4608	-3411.733	-3668.969	257.2358	0.8609579	0.01490723	4.698586
4614	-3423.663	-3681.558	257.8955	0.9788062	0.00299016	4.030467
4620	-3412.13	-3670.19	258.0604	0.92278	0.003540033	4.009941
4626	-3415.7	-3674.436	258.7358	0.9483889	0.01366634	3.795431
4632	-3409.653	-3668.341	258.688	0.9004611	0.01064004	3.835454
4638	-3411.866	-3668.512	256.6461	0.8509027	0.001787446	4.658393
4644	-3410.135	-3668.295	258.16	1.022159	0.003494445	3.893018
4650	-3412.353	-3671.008	258.6543	1.051816	0.003386788	3.582984
4656	-3440.838	-3698.279	257.4413	1.090301	0.05938193	4.359959
4662	-3417.747	-3675.123	257.3763	0.8300858	0.02784666	4.627877
4668	-3415.985	-3673.42	257.4352	0.9070739	0.01165849	4.549632
4674	-3405.37	-3663.172	257.8019	0.9747161	0.02926789	4.303709
4680	-3404.076	-3661.888	257.8122	0.9898719	0.01616089	4.303709
4686	-3418.359	-3676.142	257.7829	0.9867766	0.01083711	4.303709
4692	-3412.974	-3671.767	258.7926	1.121085	0.03688161	3.633633
4698	-3416.445	-3676.07	259.6247	1.115135	0.03688161	3.149009
4704	-3416.307	-3676.318	260.0108	1.198323	0.03776846	2.865005
4710	-3424.83	-3685.341	260.5107	1.259372	0.03569691	2.526591
4716	-3411.546	-3671.516	259.9693	1.303438	0.03124666	2.844518
4722	-3427.492	-3685.803	258.3109	1.08472	0.02577198	3.958898
4728	-3432.884	-3690.975	258.0908	0.9186176	0.01458479	4.18366
4734	-3430.277	-3689.018	258.741	1.095757	0.007193236	3.650455
4740	-3421.642	-3681.286	259.6433	1.101212	0.02415412	3.176892
4746	-3415.788	-3673.344	257.5558	0.9787311	0.002601489	4.186614
4752	-3415.676	-3675.201	259.5246	1.188761	0.02498358	3.193918
4758	-3421.345	-3680.906	259.5608	1.152527	0.02498358	3.193918
4764	-3422.984	-3682.007	259.0223	1.054661	0.00576769	3.477195
4770	-3421.657	-3679.337	257.6801	0.9877367	0.01543607	4.3786
4776	-3408.271	-3666.577	258.3057	0.903191	0.007416093	4.015536
4782	-3421.31	-3680.073	258.7624	1.034517	0.02174622	3.734526
4788	-3411.414	-3670.182	258.7683	1.08863	0.02575503	3.693561
4794	-3413.048	-3671.658	258.61	1.08863	0.05936703	3.693561
4800	-3417.886	-3675.648	257.7621	1.013659	0.03808397	4.281812
4806	-3407.223	-3665.531	258.3081	0.9733853	0.005646675	3.93351
4812	-3414.264	-3673.454	259.1904	1.047008	0.01806755	3.480962
4818	-3419.724	-3678.177	258.4537	1.041124	0.01223919	3.898779
4824	-3419.216	-3677.546	258.3306	0.8924538	0.01062418	4.044658
4830	-3427.473	-3685.857	258.3841	1.034391	0.0251983	3.946883
4836	-3421.341	-3679.606	258.265	1.04499	0.04902968	3.946883
4842	-3418.744	-3677.51	258.766	1.103277	0.02302651	3.691055
4848	-3415.177	-3674.077	258.9006	1.069112	0.02607071	3.627666
4854	-3412.677	-3671.604	258.9271	0.9718681	0.007979994	3.627666
4860	-3399.392	-3657.791	258.3987	1.048301	0.002299264	3.627666
4866	-3404.467	-3662.301	257.8342	0.8949082	0.004464687	4.205043
4872	-3409.028	-3667.174	258.1452	0.9869286	0.0216598	4.115571
4878	-3404.842	-3662.574	257.7323	0.9573278	0.006719439	4.297334
4884	-3414.995	-3673.344	258.3491	0.9401435	0.01117317	4.010567
4890	-3407.285	-3665.173	257.8875	0.958678	0.01564409	4.278096
4896	-3426.347	-3683.25	256.9027	0.9748061	0.03139151	4.803837
4902	-3433.732	-3690.599	256.8671	0.8915539	0.008083336	4.843712
4908	-3420.746	-3677.779	257.0326	0.8749503	0.02166457	4.805326
4914	-3424.844	-3682.68	257.8358	0.8919761	0.01165509	4.332387
4920	-3418.105	-3675.846	257.7415	1.008234	0.01543404	4.332387
4926	-3419.09	-3677.226	258.136	1.105254	0.006174326	3.97096
4932	-3412.962	-3672.161	259.1991	1.039291	0.008402505	3.436009
4938	-3416.032	-3673.964	257.932	0.8684521	0.003640365	4.120638
4944	-3420.386	-3679.581	259.1943	1.05016	0.02293816	3.47313
4950	-3430.768	-3688.13	257.3617	1.08007	0.05133615	4.433286
4956	-3428.739	-3687.461	258.722	1.114877	0.01747941	3.713379
4962	-3427.627	-3687.167	259.5401	1.172886	0.0684517	3.07207
4968	-3420.662	-3679.048	258.3858	1.023705	0.003597248	3.769131
4974	-3431.091	-3689.944	258.8529	1.077901	0.007076551	3.593681
4980	-3423.888	-3683.57	259.6822	1.085484	0.02105572	3.167422
4986	-3419.156	-3676.244	257.088	0.8613729	0.006722624	4.713787
4992	-3428.22	-3685.487	257.2673	1.069754	0.01755147	4.566736
4998	-3414.452	-3672.166	257.7133	0.9297212	0.01731373	4.394473
5004	-3413.996	-3672.866	258.8695	1.036787	0.03223529	3.650264
5010	-3419.011	-3676.815	257.8039	0.9028958	0.008123992	4.311976
5016	-3411.403	-3669.156	257.7539	1.034977	0.01963529	4.311976
5022	-3430.889	-3688.514	257.6255	0.8562842	0.03782961	4.448534
5028	-3405.18	-3661.586	256.4064	0.8110734	0.02019747	5.19003
5034	-3421.613	-3680.549	258.9362	1.005998	0.01835471	3.652618
5040	-3405.932	-3665.524	259.5918	1.203037	0.02167412	3.150617
5046	-3407.568	-3667.305	259.7367	1.130169	0.01314075	3.101631
5052	-3399.361	-3658.784	259.4228	1.15166	0.02107885	3.281731
5058	-3406.574	-3665.829	259.2551	1.14517	0.02225393	3.382883
5064	-3396.169	-3653.538	257.3689	0.9703488	0.007486722	4.509452
5070	-3410.797	-3668.64	257.8433	0.8911068	0.01632412	4.342151
5076	-3403.296	-3661.714	258.4185	1.037579	0.01990286	3.932109
5082	-3404.889	-3662.124	257.2345	0.9402553	0.003041514	4.43153
5088	-3399.214	-3654.881	255.6673	0.8598714	0.00176561	5.194183
5094	-3398.698	-3655.835	257.1366	0.7932197	0.0189957	4.794763
5100	-3384.114	-3641.582	257.4682	0.9638877	0.004123373	4.356858
5106	-3402.549	-3660.893	258.3439	0.8292122	0.03071045	4.075207
5112	-3418.135	-3676.257	258.1224	0.9115539	0.02409928	4.168056
5118	-3410.12	-3668.64	258.5203	1.063636	0.02358559	3.854662
5124	-3407.296	-3665.919	258.6233	0.9969046	0.03663012	3.803876
5130	-3410.727	-3668.827	258.1001	1.016993	0.03663012	4.091924
5136	-3411.669	-3671.079	259.4095	1.06885	0.0423208	3.288126
5142	-3412.457	-3671.803	259.3458	1.221678	0.05516763	3.197477
5148	-3418.165	-3677.487	259.3216	1.062085	0.01031952	3.371242
5154	-3424.966	-3682.787	257.8203	0.9748108	0.03773338	4.271817
5160	-3425.362	-3683.702	258.3405	1.031979	0.008346954	3.936292
5166	-3412.505	-3670.707	258.2024	0.9438396	0.004325064	3.96094
5172	-3432.652	-3691.843	259.1902	1.045758	0.0335406	3.455046
5178	-3419.96	-3678.409	258.4486	1.032377	0.04495577	3.860541
5184	-3421.189	-3680.437	259.2478	1.075394	0.01302577	3.422278
5190	-3421.025	-3677.885	256.8602	0.8860006	0.03530089	4.86725
5196	-3418.266	-3676.139	257.873	0.8652414	0.009922765	4.314368
5202	-3425.795	-3683.701	257.9063	0.931794	0.04203855	4.235548
5208	-3417.552	-3675.008	257.4556	0.9884586	0.03843706	4.468127
5214	-3432.539	-3689.98	257.441	0.9184153	0.01184842	4.541014
5220	-3426.008	-3685.696	259.6886	1.147673	0.02406618	3.122523
5226	-3416.293	-3675.693	259.3997	1.086049	0.03944254	3.292089
5232	-3391.777	-3650.846	259.0692	1.121314	0.03678137	3.472861
5238	-3398.633	-3657.273	258.6392	1.061026	0.003140655	3.567472
5244	-3415.332	-3673.455	258.1225	1.025003	0.04678939	4.04613
5250	-3428.668	-3686.27	257.6012	0.941478	0.004925761	4.329621
5256	-3425.812	-3684.831	259.0188	1.035184	0.0110283	3.569058
5262	-3425.152	-3683.636	258.4841	0.9804848	0.04773162	3.861947
5268	-3430.204	-3688.996	258.7919	1.182194	0.008767106	3.59478
5274	-3434.736	-3693.547	258.8106	1.135802	0.02119588	3.648662
5280	-3422.84	-3682.359	259.5183	1.166865	0.03174649	3.195353
5286	-3430.172	-3688.328	258.1558	0.9152645	0.01144247	4.136584
5292	-3414.013	-3671.653	257.6396	1.037786	0.0223048	4.372571
5298	-3407.657	-3665.827	258.1706	0.8853431	0.003971366	3.99442
5304	-3406.148	-3663.209	257.061	0.9597644	0.001060826	4.172733
5310	-3412.667	-3671.222	258.555	0.9009957	0.00691044	3.864523
5316	-3405.69	-3663.101	257.4104	0.9806893	0.00407215	4.377384
5322	-3409.679	-3669.17	259.4907	1.176637	0.001967921	2.856039
5328	-3405.532	-3664.285	258.753	1.062171	0.01051096	3.703824
5334	-3409.876	-3668.385	258.51	1.062171	0.004770277	3.735773
5340	-3416.482	-3674.786	258.3033	1.1048	0.05355779	3.877576
5346	-3409.346	-3668.068	258.7219	1.11495	0.003549021	3.518232
5352	-3413.953	-3672.805	258.852	1.133875	0.01187998	3.613726
5358	-3425.455	-3685.085	259.6303	1.133875	0.01488071	3.167727
5364	-3418.772	-3675.682	256.9098	0.8909329	0.01769082	4.866785
5370	-3428.535	-3686.834	258.299	1.058492	0.01769082	3.988923
5376	-3426.813	-3685.76	258.9469	1.110887	0.004157179	3.425251
5382	-3429.971	-3688.203	258.2324	1.095543	0.002066282	3.663667
5388	-3431.23	-3689.242	258.0124	0.9544367	0.01740653	4.211335
5394	-3417.237	-3674.77	257.5334	1.058175	0.01001905	4.398054
5400	-3421.367	-3678.931	257.5637	0.9483031	0.05545749	4.382043
5406	-3413.062	-3670.653	257.5904	0.9709304	0.01760811	4.440611
5412	-3408.009	-3666.808	258.7993	1.021923	0.02349657	3.718141
5418	-3421.833	-3680.586	258.7535	1.046844	0.0113498	3.718141
5424	-3418.843	-3677.324	258.4815	0.9141931	0.007805235	3.915129
5430	-3417.142	-3675.445	258.3024	1.051182	0.006528612	3.915129
5436	-3421.389	-3679.474	258.0847	0.9949722	0.03324276	4.122173
5442	-3414.826	-3673.28	258.4541	0.9949722	0.02900812	3.921507
5448	-3415.071	-3673.403	258.3323	0.9863486	0.01575304	4.009595
5454	-3423.307	-3680.23	256.9236	0.8796044	0.009074228	4.831101
5460	-3417.58	-3677.005	259.4245	1.011938	0.03050166	3.345319
5466	-3412.808	-3672.639	259.8309	1.145785	0.01055708	3.021554
5472	-3418.278	-3678.048	259.7703	1.232999	0.01355031	3.021554
5478	-3422.39	-3681.484	259.0943	1.039385	0.02646536	3.53157
5484	-3410.321	-3670.203	259.8819	1.246716	0.02646536	2.942957
5490	-3415.202	-3674.026	258.8248	0.9779548	0.01214776	3.721098
5496	-3428.781	-3687.588	258.8065	1.086437	0.0295613	3.664559
5502	-3422.523	-3681.298	258.7755	1.037187	0.01482633	3.724295
5508	-3412.272	-3670.522	258.2506	0.9518885	0.02406813	4.072187
5514	-3415.401	-3673.187	257.7858	0.9918938	0.04948488	4.248697
5520	-3423.908	-3681.747	257.8396	0.9690079	0.04331129	4.248697
5526	-3423.649	-3682.02	258.3711	0.9684175	0.01194511	3.986248
5532	-3410.324	-3669.575	259.2506	1.00615	0.009445611	3.43762
5538	-3416.337	-3674.978	258.6416	1.051483	0.02445806	3.790506
5544	-3421.186	-3676.352	255.1656	0.8503862	0.004118441	5.698969
5550	-3414.036	-3671.878	257.842	0.9184519	0.04963513	4.258093
5556	-3409.237	-3667.121	257.8832	0.9752395	0.01491865	4.269955
5562	-3413.745	-3672.646	258.9014	0.993867	0.01908078	3.679702
5568	-3427.34	-3685.185	257.8444	1.010774	0.01096306	4.25614
5574	-3414.218	-3671.755	257.5362	1.036547	0.02442861	4.428445
5580	-3403.993	-3662.011	258.018	0.9680011	0.03936299	4.159053
5586	-3410.045	-3667.972	257.9274	0.8988648	0.03936299	4.249711
5592	-3414.511	-3672.179	257.6676	0.8718747	0.006509692	4.377637
5598	-3419.167	-3676.642	257.4754	0.9711774	0.006508686	4.429994
5604	-3423.381	-3681.244	257.8635	0.9872796	0.006272288	4.195884
5610	-3422.059	-3679.811	257.7516	0.9149144	0.00713135	4.318621
5616	-3419.586	-3677.346	257.7604	0.9345327	0.008116771	4.318621
5622	-3425.138	-3683.334	258.1955	0.9969319	0.0128899	4.074462
5628	-3412.289	-3669.686	257.3976	0.7988426	0.01903819	4.645663
5634	-3425.241	-3681.865	256.6234	0.8256497	0.009185061	5.029373
5640	-3424.224	-3680.736	256.5128	0.9336589	0.03705508	5.029373
5646	-3405.112	-3662.832	257.7198	0.8835378	0.009937595	4.390735
5652	-3405.171	-3662.254	257.0832	0.9098974	0.02003167	4.758956
5658	-3412.738	-3669.608	256.8704	0.8554267	0.01618266	4.907488
5664	-3421.3	-3678.945	257.645	0.9206922	0.009721791	4.410033
5670	-3423.4	-3681.122	257.722	0.877005	0.01269882	4.410033
5676	-3415.766	-3673.441	257.6744	0.924634	0.01269882	4.410033
5682	-3418.014	-3675.326	257.3127	0.8991553	0.01897271	4.637054
5688	-3417.548	-3675.805	258.2567	1.01919	0.01679702	4.035106
5694	-3413.609	-3671.937	258.3279	0.9313399	0.04450324	3.988898
5700	-3425.778	-3684.489	258.7115	1.050564	0.06737913	3.634107
5706	-3411.871	-3669.25	257.379	0.8775318	0.008858582	4.575085
5712	-3400.905	-3658.205	257.3001	1.003175	0.02710023	4.575085
5718	-3408.456	-3665.819	257.3625	0.925153	0.01080375	4.575085
5724	-3411.376	-3669.408	258.0321	0.8847202	0.03909772	4.199084
5730	-3419.221	-3677.827	258.6061	1.046531	0.01296807	3.811199
5736	-3417.723	-3676.746	259.0231	0.9957806	0.01903331	3.608036
5742	-3422.281	-3680.314	258.0325	1.046959	0.05834857	4.05196
5748	-3414.062	-3672.144	258.0819	0.9975192	0.05834857	4.05196
5754	-3416.063	-3674.958	258.8947	1.043336	0.02459351	3.648746
5760	-3415.913	-3674.907	258.9937	1.073908	0.01107938	3.561517
5766	-3409.534	-3668.464	258.9301	1.169086	0.01852628	3.561517
5772	-3405.482	-3664.57	259.0873	1.171239	0.02309343	3.464657
5778	-3414.184	-3672.425	258.2416	1.101276	0.005031492	3.877881
5784	-3412.518	-3670.104	257.5864	0.9868147	0.002772117	4.181968
5790	-3391.584	-3648.521	256.9372	0.869781	0.01931323	4.863201
5796	-3401.359	-3658.127	256.7679	0.8718611	0.00575463	4.863201
5802	-3410.504	-3668.333	257.8282	0.7946739	0.007209702	4.344739
5808	-3397.369	-3655.078	257.709	0.9385881	0.01088206	4.37298
5814	-3406.062	-3664.29	258.2273	0.9945213	0.01244876	4.05586
5820	-3409.724	-3668.353	258.6296	1.032379	0.02071393	3.813321
5826	-3407.569	-3666.261	258.6923	0.927671	0.01012978	3.813321
5832	-3416.615	-3674.708	258.0935	0.9491981	0.03578754	4.136546
5838	-3414.065	-3673.32	259.2551	1.190445	0.01068891	3.337757
5844	-3419.655	-3678.851	259.1956	1.251424	0.03104418	3.337757
5850	-3424.808	-3684.903	260.0958	1.164666	0.01302752	2.864777
5856	-3416.09	-3676.193	260.103	1.182937	0.01066727	2.835937
5862	-3419.032	-3676.079	257.0471	0.8715904	0.004565898	4.666229
5868	-3407.65	-3664.652	257.0019	0.8197948	0.03000257	4.838207
5874	-3411.822	-3670.402	258.5802	1.011426	0.003470847	3.655372
5880	-3414.577	-3671.882	257.3054	0.8648433	0.007790881	4.609266
5886	-3414.361	-3673.556	259.195	0.9947767	0.02533359	3.501048
5892	-3423.952	-3683.744	259.7916	1.173935	0.01353797	3.044107
5898	-3419.404	-3678.789	259.3845	1.166863	0.03347173	3.270012
5904	-3426.812	-3686.65	259.8381	1.217182	0.04509888	2.936144
5910	-3426.684	-3685.472	258.7874	1.061018	0.007938398	3.656325
5916	-3428.528	-3687.46	258.9324	0.9991673	0.01026882	3.634508
5922	-3430.85	-3689.143	258.2931	1.014277	0.01009947	3.992329
5928	-3434.241	-3692.613	258.3717	0.9614156	0.01244747	3.992329
5934	-3424.094	-3682.28	258.1861	1.038759	0.006689014	3.992329
5940	-3420.781	-3677.95	257.1696	0.8823387	0.02202986	4.724266
5946	-3410.413	-3667.462	257.0493	0.8512009	0.03605543	4.779232
5952	-3424.92	-3682.382	257.4623	0.8512009	0.001729716	4.187212
5958	-3433.475	-3692.359	258.8845	1.062807	0.03600434	3.616576
5964	-3423.395	-3682.387	258.9919	1.062807	0.004765619	3.455306
5970	-3426.116	-3684.805	258.6894	1.046223	0.04190283	3.722581
5976	-3416.692	-3674.469	257.7776	1.031737	0.008774742	4.262414
5982	-3403.058	-3660.783	257.7248	1.019122	0.006527041	4.262414
5988	-3412.196	-3670.617	258.4207	0.9797088	0.009460692	3.933234
5994	-3418.846	-3676.295	257.4485	0.9463457	0.02003291	4.533845
6000	-3429.343	-3688.184	258.8413	0.9735581	0.03197659	3.70383
6006	-3424.562	-3681.841	257.2795	0.8770555	0.03923052	4.627449
6012	-3422.694	-3679.908	257.2142	0.9086436	0.009740601	4.659062
6018	-3435.494	-3693.22	257.7255	0.9086436	0.00607894	4.313829
6024	-3433.221	-3691.678	258.4575	1.001007	0.01968179	3.93087
6030	-3433.407	-3691.707	258.2997	0.9713558	0.03584574	4.006221
6036	-3429.636	-3687.34	257.7043	0.8547749	0.004393159	4.298159
6042	-3420.457	-3678.174	257.7166	0.872134	0.02395853	4.420226
6048	-3430.596	-3688.757	258.1603	0.9502113	0.01154796	4.114715
6054	-3425.576	-3683.875	258.2989	0.9751467	0.03252807	4.013138
6060	-3428.999	-3688.144	259.1451	1.012004	0.01690566	3.527344
6066	-3427.761	-3685.344	257.5823	1.038487	0.03883197	4.367423
6072	-3434.214	-3690.796	256.5823	0.8109813	0.004756768	4.96717
6078	-3422.179	-3679.972	257.7922	0.8708091	0.00677345	4.313515
6084	-3428.431	-3685.617	257.1861	0.9941447	0.01037222	4.632184
6090	-3412.99	-3670.85	257.8605	1.020891	0.01036105	4.236969
6096	-3415.263	-3672.826	257.5626	1.024404	0.0237338	4.421569
6102	-3415.826	-3671.649	255.8228	0.9676572	0.002209635	5.117548
6108	-3423.524	-3679.755	256.231	0.7989878	0.0292387	5.279245
6114	-3419.128	-3678.147	259.0192	0.9506748	0.03461187	3.607244
6120	-3413.048	-3671.45	258.402	1.032576	0.01020216	3.920433
6126	-3403.907	-3662.137	258.2301	1.036946	0.0533811	3.958952
6132	-3414.293	-3671.262	256.9691	0.9368914	0.02606106	4.79951
6138	-3407.761	-3666.095	258.3345	0.9910628	0.04158208	3.959202
6144	-3425.126	-3683.889	258.7634	1.009811	0.04158208	3.701797
6150	-3415.593	-3675.407	259.8137	1.129342	0.0222365	3.061572
6156	-3415.798	-3675.622	259.8247	1.093424	0.02980919	3.061572
6162	-3417.006	-3675.483	258.4779	1.113793	0.06493649	3.739519
6168	-3419.913	-3677.372	257.4585	0.944343	0.05773326	4.437235
6174	-3408.806	-3666.775	257.9697	0.8998003	0.02898965	4.251748
6180	-3414.928	-3671.585	256.6567	0.8521533	0.04277801	4.979248
6186	-3411.176	-3667.428	256.2519	0.8092791	0.02985037	5.2606
6192	-3407.273	-3663.312	256.0391	0.8581736	0.007679199	5.315435
6198	-3404.8	-3661.812	257.0124	0.8086244	0.001437492	4.4017
6204	-3415.082	-3673.71	258.6278	1.053832	0.01498344	3.800177
6210	-3417.695	-3676.236	258.5404	1.018947	0.03807198	3.834935
6216	-3406.585	-3665.01	258.4247	1.0097	0.01320719	3.937366
6222	-3421.611	-3679.966	258.3551	1.04776	0.02756404	3.951109
6228	-3422.375	-3680.3	257.9243	0.8968433	0.01468861	4.290585
6234	-3421.125	-3677.537	256.412	0.8794152	0.03402234	5.123192
6240	-3412.934	-3669.211	256.2764	0.9416629	0.03402234	5.163861
6246	-3406.176	-3662.63	256.4536	0.8831422	0.01884725	5.124602
6252	-3425.187	-3681.671	256.4839	0.8396501	0.01321894	5.124602
6258	-3426.246	-3683.46	257.2143	0.927633	0.002757138	4.424512
6264	-3433.3	-3690.751	257.4511	0.867226	0.0150967	4.574807
6270	-3420.972	-3678.185	257.2129	0.9455602	0.005815368	4.574807
6276	-3419.091	-3676.837	257.7452	0.9375583	0.02766785	4.360271
6282	-3429.17	-3686.938	257.7677	0.8673983	0.004736538	4.26992
6288	-3415.742	-3673.353	257.6115	0.8522591	0.005967132	4.40714
6294	-3418.772	-3676.591	257.8185	1.015811	0.005093626	4.170508
6300	-3418.742	-3676.811	258.0698	0.9600609	0.02402656	4.170508
6306	-3426.077	-3682.25	256.1732	0.8991038	0.003006067	5.044958
6312	-3413.505	-3671.266	257.7611	0.8005478	0.008673911	4.401224
6318	-3417.625	-3675.813	258.1882	0.9302417	0.01702658	4.125003
6324	-3416.116	-3673.526	257.4093	0.892886	0.007925963	4.537218
6330	-3413.025	-3670.963	257.9374	0.9207776	0.007146024	4.21029
6336	-3438.064	-3697.172	259.1088	1.066766	0.07741262	3.365125
6342	-3413.806	-3671.634	257.8287	0.9518663	0.002774188	4.064205
6348	-3429.676	-3688.734	259.0581	1.11888	0.01959694	3.515874
6354	-3431.032	-3689.368	258.336	0.9742065	0.01959694	4.015721
6360	-3414.271	-3673.119	258.8488	1.031738	0.02740867	3.676586
6366	-3420.016	-3679.19	259.1738	0.9884275	0.004387461	3.375522
6372	-3424.03	-3681.745	257.7148	0.9213743	0.007023388	4.333709
6378	-3418.953	-3676.619	257.6659	0.9450982	0.002413702	4.121965
6384	-3419.62	-3675.411	255.7908	0.9094468	0.001428806	5.026528
6390	-3418.736	-3676.606	257.8701	0.8782604	0.006706278	4.263804
6396	-3416.098	-3674.392	258.2946	0.9988097	0.005390152	3.91869
6402	-3409.437	-3667.036	257.5987	0.8840675	0.02162888	4.483032
6408	-3411.407	-3669.398	257.9908	0.9233079	0.01593345	4.240002
6414	-3420.289	-3677.382	257.0936	0.916176	0.01085796	4.73113
6420	-3431	-3687.668	256.6675	0.8508119	0.003486599	4.832548
6426	-3423.229	-3680.88	257.6511	0.9043875	0.006653661	4.371748
6432	-3409.998	-3667.244	257.2459	0.8326685	0.006667795	4.640307
6438	-3405.737	-3663.038	257.3017	0.8773681	0.02918207	4.640307
6444	-3408.702	-3666.842	258.1404	0.9041544	0.005042182	4.048982
6450	-3421.941	-3678.914	256.9722	0.8239951	0.01193736	4.856648
6456	-3430.562	-3687.977	257.4149	0.9831263	0.04716713	4.469739
6462	-3428.625	-3687.433	258.8081	1.059911	0.005136277	3.578412
6468	-3424.424	-3683.303	258.8792	1.046167	0.009050943	3.626375
6474	-3409.788	-3668.635	258.8466	1.05424	0.0253694	3.668919
6480	-3409.305	-3668.369	259.0633	1.152206	0.06074396	3.388645
6486	-3413.184	-3672.619	259.4351	1.166181	0.02494807	3.260309
6492	-3410.496	-3669.773	259.2779	1.141788	0.05230629	3.293266
6498	-3407.251	-3666.507	259.256	1.139869	0.05706792	3.293266
6504	-3411.985	-3671.731	259.7455	1.246614	0.07644163	2.881516
6510	-3406.83	-3666.227	259.3963	1.14353	0.01304043	3.29507
6516	-3411.977	-3670.831	258.854	1.173617	0.03257342	3.578999
6522	-3409.002	-3668.028	259.0257	1.175451	0.01996221	3.501546
6528	-3410.092	-3669.494	259.4021	1.036376	0.02163457	3.361168
6534	-3419.255	-3678.679	259.4242	1.107412	0.006545601	3.230332
6540	-3430.033	-3690.197	260.1645	1.313928	0.02544693	2.732694
6546	-3429.403	-3689.206	259.8026	1.120731	0.02603412	3.066961
6552	-3421.194	-3679.272	258.078	0.9418334	0.01638474	4.180527
6558	-3403.901	-3660.949	257.0481	0.9094457	0.006584076	4.706252
6564	-3403.641	-3661.832	258.1909	0.9627801	0.01206464	4.09291
6570	-3423.735	-3680.955	257.2198	1.020931	0.05317356	4.541245
6576	-3411.701	-3667.923	256.2223	0.8929889	0.01331475	5.24016
6582	-3414.239	-3670.438	256.1991	0.8929889	0.03130329	5.24016
6588	-3401.781	-3659.981	258.1997	1.059218	0.02947456	4.02919
6594	-3408.538	-3666.579	258.0411	1.121263	0.04975285	4.02919
6600	-3419.938	-3676.64	256.7014	0.9228552	0.03146608	4.944707
6606	-3418.624	-3675.175	256.5503	0.9060345	0.03146608	5.038063
6612	-3421.743	-3679.391	257.6472	0.8894839	0.06227104	4.349069
6618	-3415.866	-3674.217	258.3513	1.034316	0.02503719	3.965952
6624	-3418.161	-3676.526	258.3646	1.023497	0.02390181	3.966478
6630	-3413.773	-3671.059	257.2859	0.9143633	0.01967222	4.643232
6636	-3418.338	-3677.389	259.051	0.994514	0.02762283	3.58046
6642	-3416.068	-3675.597	259.5284	1.228676	0.004353496	3.021267
6648	-3407.098	-3666.051	258.9537	1.000176	0.01832977	3.645866
6654	-3396.793	-3653.82	257.0277	0.8565492	0.0174633	4.82015
6660	-3417.937	-3676.481	258.5436	0.9958285	0.01122703	3.867654
6666	-3405.222	-3664.827	259.6056	1.11341	0.01878559	3.197643
6672	-3411.408	-3670.955	259.5463	1.192063	0.01116918	3.168124
6678	-3404.764	-3664.219	259.4553	1.13803	0.0254659	3.264052
6684	-3419.026	-3678.995	259.9697	1.059442	0.01571417	3.011113
6690	-3408.121	-3665.149	257.0279	0.8993261	0.01234305	4.78544
6696	-3408.289	-3665.618	257.3283	0.8018226	0.008024155	4.635199
6702	-3427.628	-3686.603	258.9751	1.112008	0.06799133	3.443116
6708	-3413.323	-3672.126	258.8028	1.045835	0.007524968	3.649527
6714	-3411.745	-3670.52	258.775	1.145234	0.007181693	3.601822
6720	-3408.187	-3667.106	258.9183	1.083535	0.02087276	3.616819
6726	-3412.495	-3670.474	257.9782	0.9706439	0.009071321	4.18669
6732	-3421.535	-3679.73	258.195	0.9825065	0.04636742	4.030221
6738	-3420.327	-3677.821	257.4941	0.9825065	0.008259912	4.443807
6744	-3402.575	-3660.155	257.5801	0.9081451	0.0120222	4.469426
6750	-3410.7	-3669.086	258.3858	0.9268256	0.01783889	4.014594
6756	-3409.596	-3668.342	258.7463	1.121585	0.0433711	3.641839
6762	-3426.112	-3684.997	258.8847	1.121929	0.02210465	3.612719
6768	-3419.272	-3677.183	257.911	0.9110828	0.004540875	4.155632
6774	-3421.966	-3679.612	257.647	1.03142	0.009957899	4.348505
6780	-3416.784	-3675.078	258.2941	1.125599	0.04296165	3.901373
6786	-3416.255	-3675.098	258.8428	1.125599	0.0560104	3.546724
6792	-3422.14	-3680.902	258.7617	1.187122	0.05452547	3.562406
6798	-3412.621	-3671.53	258.9093	1.096999	0.03172277	3.593586
6804	-3423.757	-3683.134	259.3766	1.240361	0.05829264	3.158856
6810	-3419.759	-3679.739	259.9794	1.264969	0.06395726	2.764532
6816	-3417.735	-3677.258	259.5235	1.152507	0.06233163	3.111868
6822	-3422.231	-3681.208	258.9775	1.048751	0.01688502	3.603388
6828	-3419.111	-3677.24	258.1289	0.9080384	0.01688502	4.17122
6834	-3425.499	-3683.423	257.9247	1.048042	0.03768495	4.17122
6840	-3437.89	-3696.205	258.315	0.8956519	0.05069099	3.998936
6846	-3432.391	-3690.659	258.2675	0.9793348	0.02580807	4.043831
6852	-3435.272	-3692.553	257.2809	0.8004494	0.02202129	4.707816
6858	-3432.723	-3688.505	255.7824	0.9266046	0.02873652	5.457293
6864	-3420.622	-3678.577	257.9556	0.9740165	0.02501917	4.225705
6870	-3416.657	-3673.981	257.3244	1.006194	0.003820763	4.397722
6876	-3423.074	-3681.626	258.5515	1.009665	0.00456486	3.733456
6882	-3414.057	-3671.534	257.477	0.9026734	0.004447919	4.401985
6888	-3411.371	-3669.09	257.7195	0.9026734	0.01424318	4.401985
6894	-3415.344	-3672.915	257.5707	1.055971	0.01551628	4.401985
6900	-3416.332	-3673.587	257.2547	0.9538168	0.0076721	4.585934
6906	-3419.129	-3676.752	257.6227	0.9396495	0.01766475	4.440066
6912	-3420.85	-3679.713	258.8634	1.051124	0.009209681	3.63444
6918	-3415.883	-3675.158	259.2755	1.096062	0.03835312	3.362418
6924	-3414.998	-3673.966	258.9681	1.045906	0.003657155	3.421871
6930	-3400.498	-3658.659	258.1611	1.010834	0.001839904	3.71635
6936	-3414.624	-3672.62	257.996	0.9614784	0.05242985	4.138265
6942	-3412.306	-3669.561	257.2554	0.9186153	0.02238968	4.655497
6948	-3427.361	-3686.309	258.9481	1.123369	0.01652868	3.576872
6954	-3414.937	-3672.084	257.1472	0.8514596	0.002779643	4.507343
6960	-3415.596	-3672.692	257.0956	0.8937091	0.002628118	4.497511
6966	-3416.515	-3673.943	257.428	0.7551216	0.01309036	4.645324
6972	-3418.171	-3675.491	257.3201	0.8510487	0.01160337	4.645324
6978	-3413.563	-3671.203	257.6402	0.8657024	0.01160337	4.457292
6984	-3417.596	-3672.214	254.6178	0.7799037	0.0009016955	5.569039
6990	-3419.873	-3677.779	257.9067	0.9900762	0.01872129	4.251209
6996	-3418.381	-3676.4	258.0191	1.052271	0.01669642	4.15154
7002	-3410.642	-3669.92	259.278	1.052271	0.01669642	3.42604
7008	-3415.29	-3675.193	259.9027	1.200205	0.02581756	2.959738
7014	-3420.178	-3679.299	259.1214	1.212064	0.04711812	3.359351
7020	-3413.518	-3672.028	258.5095	1.073295	0.02447777	3.853874
7026	-3422.917	-3681.705	258.7877	0.9834548	0.02447777	3.745421
7032	-3433.852	-3691.674	257.8219	0.9112418	0.006340923	4.264256
7038	-3425.089	-3682.7	257.6108	0.8852111	0.007663659	4.424085
7044	-3423.323	-3680.812	257.4889	0.8628712	0.004593734	4.424085
7050	-3426.768	-3684.289	257.5209	0.9611931	0.007203938	4.424085
7056	-3412.469	-3670.102	257.6324	0.9159633	0.03282073	4.424085
7062	-3425.224	-3682.84	257.6157	0.9408819	0.01399375	4.438349
7068	-3413.236	-3672.282	259.0456	1.161023	0.05263425	3.417474
7074	-3404.115	-3661.956	257.841	0.9868884	0.004748719	4.161041
7080	-3417.542	-3676.838	259.2957	1.096058	0.008235275	3.343738
7086	-3413.786	-3672.335	258.5485	0.9750445	0.03263904	3.870002
7092	-3427.478	-3684.737	257.2593	0.9750445	0.02165026	4.622549
7098	-3413.727	-3671.441	257.7139	0.9030374	0.008106193	4.362545
